#
# A fatal error has been detected by the Java Runtime Environment:
#
#  SIGSEGV (0xb) at pc=0xb6c63cb1, pid=7890, tid=2155613040
#
# JRE version: 6.0_34-b04
# Java VM: Java HotSpot(TM) Server VM (20.9-b04 mixed mode linux-x86 )
# Problematic frame:
# V  [libjvm.so+0x165cb1]  markOopDesc::must_be_preserved_with_bias(oopDesc*) const+0x21
#
# If you would like to submit a bug report, please visit:
#   http://java.sun.com/webapps/bugreport/crash.jsp
#

---------------  T H R E A D  ---------------

Current thread (0x08fd5c00):  VMThread [stack: 0x80740000,0x807c1000] [id=7895]

siginfo:si_signo=SIGSEGV: si_errno=0, si_code=1 (SEGV_MAPERR), si_addr=0x00000064

Registers:
EAX=0x00000008, EBX=0x00000000, ECX=0x00000000, EDX=0x00000001
ESP=0x807bfea4, EBP=0x807bfea8, ESI=0x8527418c, EDI=0x00000000
EIP=0xb6c63cb1, EFLAGS=0x00010202, CR2=0x00000064

Top of Stack: (sp=0x807bfea4)
0x807bfea4:   81520160 807bfee8 b6ebb971 00000000
0x807bfeb4:   81520160 00000003 00000003 807bff60
0x807bfec4:   00000000 807bfee8 85274198 80dc8bf0
0x807bfed4:   80dc8be8 00000003 851d36d0 807bff60
0x807bfee4:   00000000 807bff28 b7078bcd 80dc8a78
0x807bfef4:   85274180 851d36d0 851d36d0 b72ffb3c
0x807bff04:   b72ffb00 b70c190b 807bff50 807bff60
0x807bff14:   00000000 807bff98 b7124f6f 807bff50 

Instructions: (pc=0xb6c63cb1)
0xb6c63c91:   31 d2 89 e5 53 8b 5d 08 89 d9 83 e1 07 83 f9 05
0xb6c63ca1:   74 2c 8b 45 0c ba 01 00 00 00 8b 40 04 83 c0 08
0xb6c63cb1:   8b 40 5c 83 e0 07 83 f8 05 74 13 31 d2 49 75 09
0xb6c63cc1:   89 d9 c1 e9 07 85 c9 74 05 ba 01 00 00 00 5b 89 

Register to memory mapping:

EAX=0x00000008 is an unknown value
EBX=0x00000000 is an unknown value
ECX=0x00000000 is an unknown value
EDX=0x00000001 is an unknown value
ESP=0x807bfea4 is an unknown value
EBP=0x807bfea8 is an unknown value
ESI=0x8527418c is an oop
java.util.HashMap$Entry 
 - klass: 'java/util/HashMap$Entry'
EDI=0x00000000 is an unknown value


Stack: [0x80740000,0x807c1000],  sp=0x807bfea4,  free space=511k
Native frames: (J=compiled Java code, j=interpreted, Vv=VM code, C=native code)
V  [libjvm.so+0x165cb1]  markOopDesc::must_be_preserved_with_bias(oopDesc*) const+0x21
V  [libjvm.so+0x3bd971]  instanceKlass::oop_follow_contents(oopDesc*)+0x111
V  [libjvm.so+0x57abcd]  MarkSweep::follow_stack()+0x3d
V  [libjvm.so+0x626f77]  PSMarkSweep::mark_sweep_phase1(bool)+0xe7
V  [libjvm.so+0x626077]  PSMarkSweep::invoke_no_policy(bool)+0x3c7
V  [libjvm.so+0x625c7d]  PSMarkSweep::invoke(bool)+0x7d
V  [libjvm.so+0x727eca]  VM_ParallelGCSystemGC::doit()+0xda
V  [libjvm.so+0x7361e6]  VM_Operation::evaluate()+0x46
V  [libjvm.so+0x735673]  VMThread::evaluate_operation(VM_Operation*)+0x83
V  [libjvm.so+0x7358e4]  VMThread::loop()+0x194
V  [libjvm.so+0x7353d0]  VMThread::run()+0x80
V  [libjvm.so+0x5e3f8e]  java_start(Thread*)+0x14e
C  [libpthread.so.0+0x596e]  short+0xbe

VM_Operation (0xb6ad6740): ParallelGCSystemGC, mode: safepoint, requested by thread 0x08f5a000


---------------  P R O C E S S  ---------------

Java Threads: ( => current thread )
  0x096d4800 JavaThread "resolver-5" daemon [_thread_blocked, id=7911, stack(0x7f30d000,0x7f35e000)]
  0x096d2c00 JavaThread "resolver-4" daemon [_thread_blocked, id=7910, stack(0x7f35e000,0x7f3af000)]
  0x092fa000 JavaThread "resolver-3" daemon [_thread_blocked, id=7909, stack(0x7f3af000,0x7f400000)]
  0x092f8800 JavaThread "resolver-2" daemon [_thread_blocked, id=7908, stack(0x7f51f000,0x7f570000)]
  0x099ec800 JavaThread "resolver-1" daemon [_thread_blocked, id=7907, stack(0x801af000,0x80200000)]
  0x08ffbc00 JavaThread "Low Memory Detector" daemon [_thread_blocked, id=7901, stack(0x804bb000,0x8050c000)]
  0x08ff0800 JavaThread "C2 CompilerThread1" daemon [_thread_blocked, id=7900, stack(0x8050c000,0x8058d000)]
  0x08fee800 JavaThread "C2 CompilerThread0" daemon [_thread_blocked, id=7899, stack(0x8058d000,0x8060e000)]
  0x08fed000 JavaThread "Signal Dispatcher" daemon [_thread_blocked, id=7898, stack(0x8060e000,0x8065f000)]
  0x08fdb000 JavaThread "Finalizer" daemon [_thread_blocked, id=7897, stack(0x8069e000,0x806ef000)]
  0x08fd9800 JavaThread "Reference Handler" daemon [_thread_blocked, id=7896, stack(0x806ef000,0x80740000)]
  0x08f5a000 JavaThread "main" [_thread_blocked, id=7892, stack(0xb6a87000,0xb6ad8000)]

Other Threads:
=>0x08fd5c00 VMThread [stack: 0x80740000,0x807c1000] [id=7895]
  0x08ffd800 WatcherThread [stack: 0x8043a000,0x804bb000] [id=7902]

VM state:at safepoint (normal execution)

VM Mutex/Monitor currently owned by a thread:  ([mutex/lock_event])
[0x08f57cd8] Threads_lock - owner thread: 0x08fd5c00
[0x08f580e8] Heap_lock - owner thread: 0x08f5a000

Heap
 PSYoungGen      total 196736K, used 1702K [0xa3ff0000, 0xb0490000, 0xb3940000)
  eden space 192512K, 0% used [0xa3ff0000,0xa3ff0000,0xafbf0000)
  from space 4224K, 40% used [0xb0070000,0xb02198f8,0xb0490000)
  to   space 4416K, 0% used [0xafbf0000,0xafbf0000,0xb0040000)
 PSOldGen        total 31872K, used 9646K [0x84d40000, 0x86c60000, 0xa3ff0000)
  object space 31872K, 30% used [0x84d40000,0x856ab988,0x86c60000)
 PSPermGen       total 16384K, used 14149K [0x80d40000, 0x81d40000, 0x84d40000)
  object space 16384K, 86% used [0x80d40000,0x81b11748,0x81d40000)

Code Cache  [0xb3a00000, 0xb3ca0000, 0xb6a00000)
 total_blobs=857 nmethods=725 adapters=85 free_code_cache=47909248 largest_free_block=75200

Dynamic libraries:
08048000-08052000 r-xp 00000000 08:07 6968       /usr/lib/jvm/jdk1.6.0_34/bin/java
08052000-08053000 rwxp 00009000 08:07 6968       /usr/lib/jvm/jdk1.6.0_34/bin/java
08f54000-09ccc000 rwxp 00000000 00:00 0          [heap]
7d000000-7d09b000 rwxp 00000000 00:00 0 
7d09b000-7d100000 ---p 00000000 00:00 0 
7d200000-7d2fa000 rwxp 00000000 00:00 0 
7d2fa000-7d300000 ---p 00000000 00:00 0 
7d300000-7d3f2000 rwxp 00000000 00:00 0 
7d3f2000-7d400000 ---p 00000000 00:00 0 
7d400000-7d4fa000 rwxp 00000000 00:00 0 
7d4fa000-7d500000 ---p 00000000 00:00 0 
7d500000-7d5fd000 rwxp 00000000 00:00 0 
7d5fd000-7d600000 ---p 00000000 00:00 0 
7d600000-7d6ed000 rwxp 00000000 00:00 0 
7d6ed000-7d700000 ---p 00000000 00:00 0 
7d700000-7d7f5000 rwxp 00000000 00:00 0 
7d7f5000-7d800000 ---p 00000000 00:00 0 
7d800000-7d8ff000 rwxp 00000000 00:00 0 
7d8ff000-7d900000 ---p 00000000 00:00 0 
7d900000-7d9fe000 rwxp 00000000 00:00 0 
7d9fe000-7da00000 ---p 00000000 00:00 0 
7da00000-7dafe000 rwxp 00000000 00:00 0 
7dafe000-7db00000 ---p 00000000 00:00 0 
7db00000-7dbeb000 rwxp 00000000 00:00 0 
7dbeb000-7dc00000 ---p 00000000 00:00 0 
7dc00000-7dcfd000 rwxp 00000000 00:00 0 
7dcfd000-7dd00000 ---p 00000000 00:00 0 
7dd00000-7ddf9000 rwxp 00000000 00:00 0 
7ddf9000-7de00000 ---p 00000000 00:00 0 
7de00000-7def9000 rwxp 00000000 00:00 0 
7def9000-7df00000 ---p 00000000 00:00 0 
7df00000-7dff7000 rwxp 00000000 00:00 0 
7dff7000-7e000000 ---p 00000000 00:00 0 
7e000000-7e0e1000 rwxp 00000000 00:00 0 
7e0e1000-7e100000 ---p 00000000 00:00 0 
7e100000-7e1e1000 rwxp 00000000 00:00 0 
7e1e1000-7e200000 ---p 00000000 00:00 0 
7e200000-7e2e6000 rwxp 00000000 00:00 0 
7e2e6000-7e300000 ---p 00000000 00:00 0 
7e300000-7e3f8000 rwxp 00000000 00:00 0 
7e3f8000-7e400000 ---p 00000000 00:00 0 
7e400000-7e4f7000 rwxp 00000000 00:00 0 
7e4f7000-7e500000 ---p 00000000 00:00 0 
7e600000-7e6f9000 rwxp 00000000 00:00 0 
7e6f9000-7e700000 ---p 00000000 00:00 0 
7e700000-7e7ff000 rwxp 00000000 00:00 0 
7e7ff000-7e800000 ---p 00000000 00:00 0 
7e800000-7e8fa000 rwxp 00000000 00:00 0 
7e8fa000-7e900000 ---p 00000000 00:00 0 
7e900000-7e9f9000 rwxp 00000000 00:00 0 
7e9f9000-7ea00000 ---p 00000000 00:00 0 
7ea00000-7eafd000 rwxp 00000000 00:00 0 
7eafd000-7eb00000 ---p 00000000 00:00 0 
7eba3000-7ed00000 r-xs 01869000 08:05 787337     /home/rajkirans/.m2/repository/com/vaadin/vaadin-client-compiler/7.0.2/vaadin-client-compiler-7.0.2.jar
7ed69000-7ed6c000 ---p 00000000 00:00 0 
7ed6c000-7edba000 rwxp 00000000 00:00 0 
7eea6000-7eea7000 r-xs 00001000 08:05 787226     /home/rajkirans/.m2/repository/org/vaadin/addons/cssinject/2.0.3/cssinject-2.0.3.jar
7eeac000-7eeb9000 r-xs 000c4000 08:05 787224     /home/rajkirans/.m2/repository/com/vaadin/addon/vaadin-charts/1.0.0/vaadin-charts-1.0.0.jar
7eeb9000-7eebf000 r-xs 0003f000 08:05 787225     /home/rajkirans/.m2/repository/com/vaadin/addon/vaadin-calendar-cval-2.0/2.0.0.beta3/vaadin-calendar-cval-2.0-2.0.0.beta3.jar
7eebf000-7eec4000 r-xs 00041000 08:05 787362     /home/rajkirans/.m2/repository/commons-lang/commons-lang/2.6/commons-lang-2.6.jar
7eec4000-7eec7000 r-xs 00018000 08:05 787360     /home/rajkirans/.m2/repository/commons-io/commons-io/1.4/commons-io-1.4.jar
7eec7000-7eed4000 r-xs 0007c000 08:05 4594383    /home/rajkirans/.m2/repository/commons-collections/commons-collections/3.1/commons-collections-3.1.jar
7eed4000-7eee8000 r-xs 000c8000 08:05 787332     /home/rajkirans/.m2/repository/com/vaadin/vaadin-themes/7.0.2/vaadin-themes-7.0.2.jar
7eee8000-7f000000 r-xs 00dc4000 08:05 787335     /home/rajkirans/.m2/repository/com/vaadin/vaadin-client/7.0.2/vaadin-client-7.0.2.jar
7f00d000-7f010000 ---p 00000000 00:00 0 
7f010000-7f05e000 rwxp 00000000 00:00 0 
7f05e000-7f061000 ---p 00000000 00:00 0 
7f061000-7f0af000 rwxp 00000000 00:00 0 
7f0af000-7f0b2000 ---p 00000000 00:00 0 
7f0b2000-7f100000 rwxp 00000000 00:00 0 
7f100000-7f1fe000 rwxp 00000000 00:00 0 
7f1fe000-7f200000 ---p 00000000 00:00 0 
7f200000-7f2f6000 rwxp 00000000 00:00 0 
7f2f6000-7f300000 ---p 00000000 00:00 0 
7f302000-7f30d000 r-xs 0005f000 08:05 4462990    /home/rajkirans/.m2/repository/com/thoughtworks/xstream/xstream/1.3.1/xstream-1.3.1.jar
7f30d000-7f310000 ---p 00000000 00:00 0 
7f310000-7f35e000 rwxp 00000000 00:00 0 
7f35e000-7f361000 ---p 00000000 00:00 0 
7f361000-7f3af000 rwxp 00000000 00:00 0 
7f3af000-7f3b2000 ---p 00000000 00:00 0 
7f3b2000-7f400000 rwxp 00000000 00:00 0 
7f400000-7f4f2000 rwxp 00000000 00:00 0 
7f4f2000-7f500000 ---p 00000000 00:00 0 
7f501000-7f503000 r-xs 00007000 08:05 4462993    /home/rajkirans/.m2/repository/org/apache/maven/shared/maven-filtering/1.0-beta-2/maven-filtering-1.0-beta-2.jar
7f503000-7f505000 r-xs 00005000 08:05 4462987    /home/rajkirans/.m2/repository/xpp3/xpp3_min/1.1.4c/xpp3_min-1.1.4c.jar
7f505000-7f508000 r-xs 0000a000 08:05 4462988    /home/rajkirans/.m2/repository/org/codehaus/plexus/plexus-io/1.0.1/plexus-io-1.0.1.jar
7f508000-7f50c000 r-xs 00029000 08:05 4462986    /home/rajkirans/.m2/repository/org/codehaus/plexus/plexus-archiver/1.2/plexus-archiver-1.2.jar
7f50c000-7f50e000 r-xs 00011000 08:05 4460874    /home/rajkirans/.m2/repository/org/apache/maven/plugins/maven-war-plugin/2.1.1/maven-war-plugin-2.1.1.jar
7f50e000-7f50f000 r-xs 00002000 08:05 4462879    /home/rajkirans/.m2/repository/org/apache/maven/reporting/maven-reporting-api/2.0.9/maven-reporting-api-2.0.9.jar
7f50f000-7f512000 r-xs 00034000 08:05 4462874    /home/rajkirans/.m2/repository/org/codehaus/plexus/plexus-utils/2.1/plexus-utils-2.1.jar
7f512000-7f514000 r-xs 00006000 08:05 4462876    /home/rajkirans/.m2/repository/org/apache/maven/shared/maven-common-artifact-filters/1.3/maven-common-artifact-filters-1.3.jar
7f514000-7f516000 r-xs 0000d000 08:05 4462878    /home/rajkirans/.m2/repository/org/apache/maven/surefire/maven-surefire-common/2.10/maven-surefire-common-2.10.jar
7f516000-7f51b000 r-xs 00023000 08:05 4462877    /home/rajkirans/.m2/repository/org/apache/maven/surefire/surefire-api/2.10/surefire-api-2.10.jar
7f51b000-7f51d000 r-xs 00007000 08:05 4462873    /home/rajkirans/.m2/repository/org/apache/maven/surefire/surefire-booter/2.10/surefire-booter-2.10.jar
7f51d000-7f51f000 r-xs 00006000 08:05 4460863    /home/rajkirans/.m2/repository/org/apache/maven/plugins/maven-surefire-plugin/2.10/maven-surefire-plugin-2.10.jar
7f51f000-7f522000 ---p 00000000 00:00 0 
7f522000-7f570000 rwxp 00000000 00:00 0 
7f570000-7f571000 r-xs 00003000 08:05 787665     /home/rajkirans/.m2/repository/org/codehaus/plexus/plexus-compiler-javac/1.9.1/plexus-compiler-javac-1.9.1.jar
7f571000-7f573000 r-xs 00000000 08:05 787662     /home/rajkirans/.m2/repository/org/codehaus/plexus/plexus-compiler-manager/1.9.1/plexus-compiler-manager-1.9.1.jar
7f573000-7f575000 r-xs 00004000 08:05 787664     /home/rajkirans/.m2/repository/org/codehaus/plexus/plexus-compiler-api/1.9.1/plexus-compiler-api-1.9.1.jar
7f575000-7f579000 r-xs 00034000 08:05 4722964    /home/rajkirans/.m2/repository/org/codehaus/plexus/plexus-utils/3.0/plexus-utils-3.0.jar
7f579000-7f57a000 r-xs 00007000 08:05 786895     /home/rajkirans/.m2/repository/org/apache/maven/plugins/maven-compiler-plugin/2.5.1/maven-compiler-plugin-2.5.1.jar
7f57a000-7f57b000 r-xs 00003000 08:05 4462734    /home/rajkirans/.m2/repository/org/codehaus/plexus/plexus-compiler-javac/1.5.3/plexus-compiler-javac-1.5.3.jar
7f57b000-7f57c000 r-xs 00004000 08:05 4462736    /home/rajkirans/.m2/repository/org/codehaus/plexus/plexus-compiler-api/1.5.3/plexus-compiler-api-1.5.3.jar
7f57c000-7f594000 r-xs 00115000 08:05 787621     /home/rajkirans/.m2/repository/xerces/xercesImpl/2.9.1/xercesImpl-2.9.1.jar
7f594000-7f595000 r-xs 00006000 08:05 787618     /home/rajkirans/.m2/repository/jakarta-regexp/jakarta-regexp/1.4/jakarta-regexp-1.4.jar
7f595000-7f59f000 r-xs 00079000 08:05 787616     /home/rajkirans/.m2/repository/org/apache/bcel/bcel/5.2/bcel-5.2.jar
7f59f000-7f5b1000 r-xs 00245000 08:05 787615     /home/rajkirans/.m2/repository/com/ibm/icu/icu4j/2.6.1/icu4j-2.6.1.jar
7f5b1000-7f5d6000 r-xs 002dc000 08:05 787612     /home/rajkirans/.m2/repository/xalan/xalan/2.6.0/xalan-2.6.0.jar
7f5d6000-7f5dc000 r-xs 00019000 08:05 787610     /home/rajkirans/.m2/repository/xerces/xmlParserAPIs/2.6.2/xmlParserAPIs-2.6.2.jar
7f5dc000-7f5df000 r-xs 00018000 08:05 787608     /home/rajkirans/.m2/repository/xom/xom/1.0/xom-1.0.jar
7f5df000-7f5e7000 r-xs 00028000 08:05 4589113    /home/rajkirans/.m2/repository/xml-apis/xml-apis/1.3.02/xml-apis-1.3.02.jar
7f5e7000-7f5ea000 r-xs 00023000 08:05 787607     /home/rajkirans/.m2/repository/jdom/jdom/1.0/jdom-1.0.jar
7f5ea000-7f5ef000 r-xs 00048000 08:05 4594365    /home/rajkirans/.m2/repository/dom4j/dom4j/1.6.1/dom4j-1.6.1.jar
7f5ef000-7f5f5000 r-xs 00032000 08:05 787606     /home/rajkirans/.m2/repository/jaxen/jaxen/1.1.1/jaxen-1.1.1.jar
7f5f5000-7f5f8000 r-xs 00023000 08:05 787602     /home/rajkirans/.m2/repository/org/jdom/jdom/1.1/jdom-1.1.jar
7f5f8000-7f5fd000 r-xs 00040000 08:05 787601     /home/rajkirans/.m2/repository/commons-lang/commons-lang/2.5/commons-lang-2.5.jar
7f5fd000-7f600000 r-xs 00024000 08:05 787598     /home/rajkirans/.m2/repository/commons-io/commons-io/2.0.1/commons-io-2.0.1.jar
7f600000-7f6f2000 rwxp 00000000 00:00 0 
7f6f2000-7f700000 ---p 00000000 00:00 0 
7f700000-7f7ff000 rwxp 00000000 00:00 0 
7f7ff000-7f800000 ---p 00000000 00:00 0 
7f800000-7f8f8000 rwxp 00000000 00:00 0 
7f8f8000-7f900000 ---p 00000000 00:00 0 
7f900000-7f9fd000 rwxp 00000000 00:00 0 
7f9fd000-7fa00000 ---p 00000000 00:00 0 
7fa00000-7fbfb000 rwxp 00000000 00:00 0 
7fbfb000-7fc00000 ---p 00000000 00:00 0 
7fc00000-7fdfa000 rwxp 00000000 00:00 0 
7fdfa000-7fe00000 ---p 00000000 00:00 0 
7fe00000-7fefa000 rwxp 00000000 00:00 0 
7fefa000-7ff00000 ---p 00000000 00:00 0 
7ff00000-7ffe5000 rwxp 00000000 00:00 0 
7ffe5000-80000000 ---p 00000000 00:00 0 
80000000-800fb000 rwxp 00000000 00:00 0 
800fb000-80100000 ---p 00000000 00:00 0 
80100000-80109000 r-xs 00075000 08:05 787597     /home/rajkirans/.m2/repository/org/apache/maven/surefire/surefire-api/2.4.3/surefire-api-2.4.3.jar
80109000-8010f000 r-xs 0003c000 08:05 787596     /home/rajkirans/.m2/repository/org/apache/maven/surefire/surefire-booter/2.4.3/surefire-booter-2.4.3.jar
8010f000-80115000 r-xs 00034000 08:05 787595     /home/rajkirans/.m2/repository/junit/junit/4.8.1/junit-4.8.1.jar
80115000-80116000 r-xs 00004000 08:05 4462989    /home/rajkirans/.m2/repository/org/apache/maven/maven-archiver/2.4.1/maven-archiver-2.4.1.jar
80116000-80117000 r-xs 00002000 08:05 4598056    /home/rajkirans/.m2/repository/org/codehaus/plexus/plexus-io/1.0-alpha-1/plexus-io-1.0-alpha-1.jar
80117000-8011b000 r-xs 00023000 08:05 4598040    /home/rajkirans/.m2/repository/org/codehaus/plexus/plexus-archiver/1.0-alpha-9/plexus-archiver-1.0-alpha-9.jar
8011b000-80122000 r-xs 0004e000 08:05 787363     /home/rajkirans/.m2/repository/org/apache/james/apache-mime4j/0.6/apache-mime4j-0.6.jar
80122000-80124000 r-xs 0000a000 08:05 787357     /home/rajkirans/.m2/repository/commons-codec/commons-codec/1.3/commons-codec-1.3.jar
80124000-80125000 r-xs 00002000 08:05 787355     /home/rajkirans/.m2/repository/org/jdesktop/swing-worker/1.1/swing-worker-1.1.jar
80125000-80129000 r-xs 00024000 08:05 787353     /home/rajkirans/.m2/repository/org/mortbay/jetty/jetty-util/6.1.11/jetty-util-6.1.11.jar
80129000-8012c000 r-xs 0001e000 08:05 787354     /home/rajkirans/.m2/repository/org/mortbay/jetty/servlet-api-2.5/6.1.11/servlet-api-2.5-6.1.11.jar
8012c000-80133000 r-xs 00074000 08:05 787349     /home/rajkirans/.m2/repository/org/mortbay/jetty/jetty/6.1.11/jetty-6.1.11.jar
80133000-80134000 r-xs 00002000 08:05 787348     /home/rajkirans/.m2/repository/ant/ant-launcher/1.6.5/ant-launcher-1.6.5.jar
80134000-80137000 r-xs 0003b000 08:05 4591748    /home/rajkirans/.m2/repository/net/sourceforge/cssparser/cssparser/0.9.5/cssparser-0.9.5.jar
80137000-80146000 r-xs 000ee000 08:05 787347     /home/rajkirans/.m2/repository/ant/ant/1.6.5/ant-1.6.5.jar
80146000-80148000 r-xs 00009000 08:05 4591724    /home/rajkirans/.m2/repository/commons-cli/commons-cli/1.2/commons-cli-1.2.jar
80148000-8014e000 r-xs 0003c000 08:05 4591741    /home/rajkirans/.m2/repository/org/apache/commons/commons-jexl/2.1.1/commons-jexl-2.1.1.jar
8014e000-80150000 r-xs 0000e000 08:05 787345     /home/rajkirans/.m2/repository/javax/validation/validation-api/1.0.0.GA/validation-api-1.0.0.GA-sources.jar
80150000-80153000 r-xs 00009000 08:05 787346     /home/rajkirans/.m2/repository/javax/validation/validation-api/1.0.0.GA/validation-api-1.0.0.GA.jar
80153000-80154000 r-xs 00003000 08:05 4591742    /home/rajkirans/.m2/repository/org/w3c/css/sac/1.3/sac-1.3.jar
80154000-8015a000 r-xs 0003e000 08:05 4591750    /home/rajkirans/.m2/repository/org/jsoup/jsoup/1.6.3/jsoup-1.6.3.jar
8015a000-8017f000 r-xs 0025d000 08:05 787334     /home/rajkirans/.m2/repository/com/vaadin/vaadin-server/7.0.2/vaadin-server-7.0.2.jar
8017f000-801af000 r-xs 001b7000 08:05 787333     /home/rajkirans/.m2/repository/com/vaadin/vaadin-shared/7.0.2/vaadin-shared-7.0.2.jar
801af000-801b2000 ---p 00000000 00:00 0 
801b2000-80200000 rwxp 00000000 00:00 0 
80200000-802fb000 rwxp 00000000 00:00 0 
802fb000-80300000 ---p 00000000 00:00 0 
80300000-80305000 r-xs 00063000 08:05 787340     /home/rajkirans/.m2/repository/com/vaadin/vaadin-theme-compiler/7.0.2/vaadin-theme-compiler-7.0.2.jar
80305000-8032b000 r-xs 00184000 08:05 4591752    /home/rajkirans/.m2/repository/com/vaadin/vaadin-shared-deps/1.0.2/vaadin-shared-deps-1.0.2.jar
8032b000-8033a000 r-xs 000b3000 08:05 787593     /home/rajkirans/.m2/repository/freemarker/freemarker/2.3.6/freemarker-2.3.6.jar
8033a000-8033e000 r-xs 00028000 08:05 787590     /home/rajkirans/.m2/repository/com/thoughtworks/qdox/qdox/1.12/qdox-1.12.jar
8033e000-80340000 r-xs 0000d000 08:05 4594261    /home/rajkirans/.m2/repository/commons-logging/commons-logging/1.1.1/commons-logging-1.1.1.jar
80340000-80341000 r-xs 0000c000 08:05 4587855    /home/rajkirans/.m2/repository/org/springframework/spring-asm/3.0.5.RELEASE/spring-asm-3.0.5.RELEASE.jar
80341000-8034a000 r-xs 00055000 08:05 4587854    /home/rajkirans/.m2/repository/org/springframework/spring-core/3.0.5.RELEASE/spring-core-3.0.5.RELEASE.jar
8034a000-80357000 r-xs 0007f000 08:05 4591160    /home/rajkirans/.m2/repository/commons-collections/commons-collections/3.2/commons-collections-3.2.jar
80357000-8035f000 r-xs 00058000 08:05 4591155    /home/rajkirans/.m2/repository/org/apache/velocity/velocity/1.5/velocity-1.5.jar
8035f000-80360000 r-xs 00001000 08:05 4591154    /home/rajkirans/.m2/repository/org/codehaus/plexus/plexus-velocity/1.1.7/plexus-velocity-1.1.7.jar
80360000-80361000 r-xs 00002000 08:05 4591151    /home/rajkirans/.m2/repository/org/codehaus/plexus/plexus-i18n/1.0-beta-7/plexus-i18n-1.0-beta-7.jar
80361000-80363000 r-xs 00008000 08:05 787588     /home/rajkirans/.m2/repository/org/apache/maven/doxia/doxia-module-fml/1.1.4/doxia-module-fml-1.1.4.jar
80363000-80364000 r-xs 00003000 08:05 787585     /home/rajkirans/.m2/repository/org/apache/maven/doxia/doxia-module-xhtml/1.1.4/doxia-module-xhtml-1.1.4.jar
80364000-80366000 r-xs 0000b000 08:05 787584     /home/rajkirans/.m2/repository/org/apache/maven/doxia/doxia-decoration-model/1.1.4/doxia-decoration-model-1.1.4.jar
80366000-80368000 r-xs 0000b000 08:05 787582     /home/rajkirans/.m2/repository/org/apache/maven/doxia/doxia-site-renderer/1.1.4/doxia-site-renderer-1.1.4.jar
80368000-80369000 r-xs 00002000 08:05 787583     /home/rajkirans/.m2/repository/org/apache/maven/doxia/doxia-logging-api/1.1.4/doxia-logging-api-1.1.4.jar
80369000-8036b000 r-xs 00002000 08:05 787580     /home/rajkirans/.m2/repository/org/apache/maven/doxia/doxia-sink-api/1.1.4/doxia-sink-api-1.1.4.jar
8036b000-8036d000 r-xs 0000e000 08:05 4591157    /home/rajkirans/.m2/repository/oro/oro/2.0.8/oro-2.0.8.jar
8036d000-80371000 r-xs 00026000 08:05 4591170    /home/rajkirans/.m2/repository/commons-digester/commons-digester/1.6/commons-digester-1.6.jar
80371000-80376000 r-xs 0002a000 08:05 4591168    /home/rajkirans/.m2/repository/commons-beanutils/commons-beanutils/1.7.0/commons-beanutils-1.7.0.jar
80376000-80379000 r-xs 00014000 08:05 4591163    /home/rajkirans/.m2/repository/commons-validator/commons-validator/1.2.0/commons-validator-1.2.0.jar
80379000-8037f000 r-xs 00045000 08:05 4591144    /home/rajkirans/.m2/repository/commons-httpclient/commons-httpclient/3.1/commons-httpclient-3.1.jar
8037f000-80383000 r-xs 00023000 08:05 4591135    /home/rajkirans/.m2/repository/org/apache/maven/doxia/doxia-core/1.1.2/doxia-core-1.1.2.jar
80383000-80385000 r-xs 00003000 08:05 4591161    /home/rajkirans/.m2/repository/org/apache/maven/reporting/maven-reporting-impl/2.1/maven-reporting-impl-2.1.jar
80385000-80386000 r-xs 00002000 08:05 4587852    /home/rajkirans/.m2/repository/org/apache/maven/reporting/maven-reporting-api/3.0/maven-reporting-api-3.0.jar
80386000-8038a000 r-xs 0002b000 08:05 4722940    /home/rajkirans/.m2/repository/com/vaadin/vaadin-maven-plugin/7.0.2/vaadin-maven-plugin-7.0.2.jar
8038a000-8038c000 r-xs 0000d000 08:05 4462427    /home/rajkirans/.m2/repository/org/codehaus/plexus/plexus-interpolation/1.13/plexus-interpolation-1.13.jar
8038c000-8038d000 r-xs 00001000 08:05 4462423    /home/rajkirans/.m2/repository/org/sonatype/plexus/plexus-build-api/0.0.4/plexus-build-api-0.0.4.jar
8038d000-8038f000 r-xs 00009000 08:05 4462417    /home/rajkirans/.m2/repository/org/apache/maven/shared/maven-filtering/1.0/maven-filtering-1.0.jar
8038f000-80393000 r-xs 00033000 08:05 4462194    /home/rajkirans/.m2/repository/org/codehaus/plexus/plexus-utils/2.0.5/plexus-utils-2.0.5.jar
80393000-80396000 r-xs 0001b000 08:05 4462420    /home/rajkirans/.m2/repository/junit/junit/3.8.1/junit-3.8.1.jar
80396000-80398000 r-xs 00002000 08:05 4462421    /home/rajkirans/.m2/repository/org/codehaus/plexus/plexus-interactivity-api/1.0-alpha-4/plexus-interactivity-api-1.0-alpha-4.jar
80398000-8039a000 r-xs 00006000 08:05 4462418    /home/rajkirans/.m2/repository/commons-cli/commons-cli/1.0/commons-cli-1.0.jar
8039a000-8039b000 r-xs 00001000 08:05 4462419    /home/rajkirans/.m2/repository/org/apache/maven/doxia/doxia-sink-api/1.0-alpha-7/doxia-sink-api-1.0-alpha-7.jar
8039b000-8039c000 r-xs 00002000 08:05 4462415    /home/rajkirans/.m2/repository/org/apache/maven/reporting/maven-reporting-api/2.0.6/maven-reporting-api-2.0.6.jar
8039c000-8039e000 r-xs 00005000 08:05 4460827    /home/rajkirans/.m2/repository/org/apache/maven/plugins/maven-resources-plugin/2.5/maven-resources-plugin-2.5.jar
8039e000-803a5000 r-xp 00000000 08:07 7079       /usr/lib/jvm/jdk1.6.0_34/jre/lib/i386/libnio.so
803a5000-803a6000 rwxp 00006000 08:07 7079       /usr/lib/jvm/jdk1.6.0_34/jre/lib/i386/libnio.so
803a6000-803ba000 r-xp 00000000 08:07 7041       /usr/lib/jvm/jdk1.6.0_34/jre/lib/i386/libnet.so
803ba000-803bb000 rwxp 00013000 08:07 7041       /usr/lib/jvm/jdk1.6.0_34/jre/lib/i386/libnet.so
803bb000-803bc000 r-xp 00000000 00:00 0 
803bc000-803be000 r-xs 0000d000 08:07 1714837    /usr/local/netbeans-7.2/java/maven/lib/plexus-interpolation-1.14.jar
803be000-803dc000 r-xs 0014f000 08:07 1714931    /usr/local/netbeans-7.2/java/maven/lib/sisu-guava-0.9.9.jar
803dc000-803df000 r-xs 00008000 08:07 1714788    /usr/local/netbeans-7.2/java/maven/lib/maven-settings-builder-3.0.4.jar
803df000-803e0000 r-xs 00003000 08:07 1714921    /usr/local/netbeans-7.2/java/maven/lib/aether-spi-1.13.1.jar
803e0000-803e2000 r-xs 00006000 08:07 1714704    /usr/local/netbeans-7.2/java/maven/lib/maven-repository-metadata-3.0.4.jar
803e2000-803e3000 r-xs 00006000 08:07 1714839    /usr/local/netbeans-7.2/java/maven/lib/plexus-sec-dispatcher-1.3.jar
803e3000-803f5000 r-xs 0009c000 08:07 1714892    /usr/local/netbeans-7.2/java/maven/lib/wagon-http-2.2-shaded.jar
803f5000-803f7000 r-xs 0000a000 08:07 1714895    /usr/local/netbeans-7.2/java/maven/lib/maven-settings-3.0.4.jar
803f7000-803ff000 r-xs 0004e000 08:07 1714873    /usr/local/netbeans-7.2/java/maven/lib/sisu-guice-3.1.0-no_aop.jar
803ff000-80401000 r-xs 0000b000 08:07 1714896    /usr/local/netbeans-7.2/java/maven/lib/maven-artifact-3.0.4.jar
80401000-80403000 r-xs 00009000 08:07 1714897    /usr/local/netbeans-7.2/java/maven/lib/maven-embedder-3.0.4.jar
80403000-8040a000 r-xs 0003e000 08:07 1714883    /usr/local/netbeans-7.2/java/maven/lib/sisu-inject-bean-2.3.0.jar
8040a000-80410000 r-xs 0002b000 08:07 1714856    /usr/local/netbeans-7.2/java/maven/lib/sisu-inject-plexus-2.3.0.jar
80410000-80412000 r-xs 0000c000 08:07 1714808    /usr/local/netbeans-7.2/java/maven/lib/maven-aether-provider-3.0.4.jar
80412000-80413000 r-xs 00002000 08:07 1714941    /usr/local/netbeans-7.2/java/maven/lib/wagon-file-2.2.jar
80413000-80417000 r-xs 0001c000 08:07 1714914    /usr/local/netbeans-7.2/java/maven/lib/aether-util-1.13.1.jar
80417000-8041d000 r-xs 0003e000 08:07 1714912    /usr/local/netbeans-7.2/java/maven/lib/maven-compat-3.0.4.jar
8041d000-8041f000 r-xs 0000a000 08:07 1714884    /usr/local/netbeans-7.2/java/maven/lib/maven-plugin-api-3.0.4.jar
8041f000-80421000 r-xs 00002000 08:07 1714919    /usr/local/netbeans-7.2/java/maven/lib/plexus-cipher-1.7.jar
80421000-8042d000 r-xs 0007b000 08:07 1714932    /usr/local/netbeans-7.2/java/maven/lib/maven-core-3.0.4.jar
8042d000-8042e000 r-xs 00009000 08:07 1714938    /usr/local/netbeans-7.2/java/maven/lib/commons-cli-1.2.jar
8042e000-80430000 r-xs 00000000 08:07 1714605    /usr/local/netbeans-7.2/java/maven/lib/plexus-component-annotations-1.5.5.jar
80430000-80433000 r-xs 00025000 08:07 1714920    /usr/local/netbeans-7.2/java/maven/lib/maven-model-3.0.4.jar
80433000-80437000 r-xs 00012000 08:07 1714922    /usr/local/netbeans-7.2/java/maven/lib/aether-api-1.13.1.jar
80437000-8043a000 r-xs 00033000 08:07 1714913    /usr/local/netbeans-7.2/java/maven/lib/plexus-utils-2.0.6.jar
8043a000-8043b000 ---p 00000000 00:00 0 
8043b000-804bb000 rwxp 00000000 00:00 0 
804bb000-804be000 ---p 00000000 00:00 0 
804be000-8050c000 rwxp 00000000 00:00 0 
8050c000-8050f000 ---p 00000000 00:00 0 
8050f000-8058d000 rwxp 00000000 00:00 0 
8058d000-80590000 ---p 00000000 00:00 0 
80590000-8060e000 rwxp 00000000 00:00 0 
8060e000-80611000 ---p 00000000 00:00 0 
80611000-8065f000 rwxp 00000000 00:00 0 
8065f000-8069e000 r-xp 00000000 08:07 1844312    /usr/lib/locale/en_IN/LC_CTYPE
8069e000-806a1000 ---p 00000000 00:00 0 
806a1000-806ef000 rwxp 00000000 00:00 0 
806ef000-806f2000 ---p 00000000 00:00 0 
806f2000-80740000 rwxp 00000000 00:00 0 
80740000-80741000 ---p 00000000 00:00 0 
80741000-807f5000 rwxp 00000000 00:00 0          [threadstack:0007f494]
807f5000-8098d000 r-xs 0307a000 08:07 7102       /usr/lib/jvm/jdk1.6.0_34/jre/lib/rt.jar
8098d000-8098e000 ---p 00000000 00:00 0 
8098e000-80a0e000 rwxp 00000000 00:00 0 
80a0e000-80a0f000 ---p 00000000 00:00 0 
80a0f000-80a97000 rwxp 00000000 00:00 0 
80a97000-80aaf000 rwxp 00000000 00:00 0 
80aaf000-80abf000 rwxp 00000000 00:00 0 
80abf000-80ba9000 rwxp 00000000 00:00 0 
80ba9000-80bb1000 rwxp 00000000 00:00 0 
80bb1000-80bc9000 rwxp 00000000 00:00 0 
80bc9000-80bd9000 rwxp 00000000 00:00 0 
80bd9000-80cc2000 rwxp 00000000 00:00 0 
80cc2000-80d25000 rwxp 00000000 00:00 0 
80d25000-80d3f000 rwxp 00000000 00:00 0 
80d3f000-81d40000 rwxp 00000000 00:00 0 
81d40000-84d40000 rwxp 00000000 00:00 0 
84d40000-86c60000 rwxp 00000000 00:00 0 
86c60000-a3ff0000 rwxp 00000000 00:00 0 
a3ff0000-b0490000 rwxp 00000000 00:00 0 
b0490000-b04f0000 ---p 00000000 00:00 0 
b04f0000-b3940000 rwxp 00000000 00:00 0 
b3940000-b394b000 rwxp 00000000 00:00 0 
b394b000-b3a00000 rwxp 00000000 00:00 0 
b3a00000-b3ca0000 rwxp 00000000 00:00 0 
b3ca0000-b6a00000 rwxp 00000000 00:00 0 
b6a00000-b6a0f000 r-xp 00000000 08:07 7071       /usr/lib/jvm/jdk1.6.0_34/jre/lib/i386/libzip.so
b6a0f000-b6a11000 rwxp 0000e000 08:07 7071       /usr/lib/jvm/jdk1.6.0_34/jre/lib/i386/libzip.so
b6a11000-b6a1b000 r-xp 00000000 08:01 1312598    /lib/tls/i686/cmov/libnss_files-2.11.1.so
b6a1b000-b6a1c000 r-xp 00009000 08:01 1312598    /lib/tls/i686/cmov/libnss_files-2.11.1.so
b6a1c000-b6a1d000 rwxp 0000a000 08:01 1312598    /lib/tls/i686/cmov/libnss_files-2.11.1.so
b6a1d000-b6a25000 r-xp 00000000 08:01 1312602    /lib/tls/i686/cmov/libnss_nis-2.11.1.so
b6a25000-b6a26000 r-xp 00007000 08:01 1312602    /lib/tls/i686/cmov/libnss_nis-2.11.1.so
b6a26000-b6a27000 rwxp 00008000 08:01 1312602    /lib/tls/i686/cmov/libnss_nis-2.11.1.so
b6a27000-b6a2d000 r-xp 00000000 08:01 1312594    /lib/tls/i686/cmov/libnss_compat-2.11.1.so
b6a2d000-b6a2e000 r-xp 00006000 08:01 1312594    /lib/tls/i686/cmov/libnss_compat-2.11.1.so
b6a2e000-b6a2f000 rwxp 00007000 08:01 1312594    /lib/tls/i686/cmov/libnss_compat-2.11.1.so
b6a2f000-b6a42000 r-xp 00000000 08:01 1312592    /lib/tls/i686/cmov/libnsl-2.11.1.so
b6a42000-b6a43000 r-xp 00012000 08:01 1312592    /lib/tls/i686/cmov/libnsl-2.11.1.so
b6a43000-b6a44000 rwxp 00013000 08:01 1312592    /lib/tls/i686/cmov/libnsl-2.11.1.so
b6a44000-b6a46000 rwxp 00000000 00:00 0 
b6a46000-b6a48000 r-xs 00006000 08:07 1714765    /usr/local/netbeans-7.2/java/maven/lib/aether-connector-wagon-1.13.1.jar
b6a48000-b6a4d000 r-xs 00020000 08:07 1714838    /usr/local/netbeans-7.2/java/maven/lib/maven-model-builder-3.0.4.jar
b6a4d000-b6a50000 r-xs 0001d000 08:07 1714911    /usr/local/netbeans-7.2/java/maven/lib/aether-impl-1.13.1.jar
b6a50000-b6a58000 rwxs 00000000 08:01 1573129    /tmp/hsperfdata_rajkirans/7890
b6a58000-b6a7c000 r-xp 00000000 08:07 7076       /usr/lib/jvm/jdk1.6.0_34/jre/lib/i386/libjava.so
b6a7c000-b6a7e000 rwxp 00023000 08:07 7076       /usr/lib/jvm/jdk1.6.0_34/jre/lib/i386/libjava.so
b6a7e000-b6a85000 r-xp 00000000 08:01 1312611    /lib/tls/i686/cmov/librt-2.11.1.so
b6a85000-b6a86000 r-xp 00006000 08:01 1312611    /lib/tls/i686/cmov/librt-2.11.1.so
b6a86000-b6a87000 rwxp 00007000 08:01 1312611    /lib/tls/i686/cmov/librt-2.11.1.so
b6a87000-b6a8a000 ---p 00000000 00:00 0 
b6a8a000-b6ad8000 rwxp 00000000 00:00 0 
b6ad8000-b6afc000 r-xp 00000000 08:01 1312589    /lib/tls/i686/cmov/libm-2.11.1.so
b6afc000-b6afd000 r-xp 00023000 08:01 1312589    /lib/tls/i686/cmov/libm-2.11.1.so
b6afd000-b6afe000 rwxp 00024000 08:01 1312589    /lib/tls/i686/cmov/libm-2.11.1.so
b6afe000-b72b2000 r-xp 00000000 08:07 7053       /usr/lib/jvm/jdk1.6.0_34/jre/lib/i386/server/libjvm.so
b72b2000-b7306000 rwxp 007b4000 08:07 7053       /usr/lib/jvm/jdk1.6.0_34/jre/lib/i386/server/libjvm.so
b7306000-b7725000 rwxp 00000000 00:00 0 
b7725000-b7878000 r-xp 00000000 08:01 1312581    /lib/tls/i686/cmov/libc-2.11.1.so
b7878000-b7879000 ---p 00153000 08:01 1312581    /lib/tls/i686/cmov/libc-2.11.1.so
b7879000-b787b000 r-xp 00153000 08:01 1312581    /lib/tls/i686/cmov/libc-2.11.1.so
b787b000-b787c000 rwxp 00155000 08:01 1312581    /lib/tls/i686/cmov/libc-2.11.1.so
b787c000-b787f000 rwxp 00000000 00:00 0 
b787f000-b7881000 r-xp 00000000 08:01 1312587    /lib/tls/i686/cmov/libdl-2.11.1.so
b7881000-b7882000 r-xp 00001000 08:01 1312587    /lib/tls/i686/cmov/libdl-2.11.1.so
b7882000-b7883000 rwxp 00002000 08:01 1312587    /lib/tls/i686/cmov/libdl-2.11.1.so
b7883000-b788a000 r-xp 00000000 08:07 7064       /usr/lib/jvm/jdk1.6.0_34/jre/lib/i386/jli/libjli.so
b788a000-b788c000 rwxp 00006000 08:07 7064       /usr/lib/jvm/jdk1.6.0_34/jre/lib/i386/jli/libjli.so
b788c000-b788d000 rwxp 00000000 00:00 0 
b788d000-b78a2000 r-xp 00000000 08:01 1312607    /lib/tls/i686/cmov/libpthread-2.11.1.so
b78a2000-b78a3000 r-xp 00014000 08:01 1312607    /lib/tls/i686/cmov/libpthread-2.11.1.so
b78a3000-b78a4000 rwxp 00015000 08:01 1312607    /lib/tls/i686/cmov/libpthread-2.11.1.so
b78a4000-b78a6000 rwxp 00000000 00:00 0 
b78a6000-b78a8000 r-xs 0000b000 08:07 1714882    /usr/local/netbeans-7.2/java/maven/lib/wagon-provider-api-2.2.jar
b78a8000-b78aa000 r-xs 0000a000 08:07 1714872    /usr/local/netbeans-7.2/java/maven/boot/plexus-classworlds-2.4.jar
b78aa000-b78ab000 rwxp 00000000 00:00 0 
b78ab000-b78ac000 ---p 00000000 00:00 0 
b78ac000-b78b7000 r-xp 00000000 08:07 7046       /usr/lib/jvm/jdk1.6.0_34/jre/lib/i386/libverify.so
b78b7000-b78b8000 rwxp 0000b000 08:07 7046       /usr/lib/jvm/jdk1.6.0_34/jre/lib/i386/libverify.so
b78b8000-b78ba000 rwxp 00000000 00:00 0 
b78ba000-b78bb000 r-xp 00000000 00:00 0          [vdso]
b78bb000-b78d6000 r-xp 00000000 08:01 1308185    /lib/ld-2.11.1.so
b78d6000-b78d7000 r-xp 0001a000 08:01 1308185    /lib/ld-2.11.1.so
b78d7000-b78d8000 rwxp 0001b000 08:01 1308185    /lib/ld-2.11.1.so
bff0e000-bff23000 rwxp 00000000 00:00 0          [stack]

VM Arguments:
jvm_args: -Dclassworlds.conf=/usr/local/netbeans-7.2/java/maven/bin/m2.conf -Dmaven.home=/usr/local/netbeans-7.2/java/maven 
java_command: org.codehaus.plexus.classworlds.launcher.Launcher -Dnetbeans.deploy=true package
Launcher Type: SUN_STANDARD

Environment Variables:
JAVA_HOME=/usr/lib/jvm/jdk1.6.0_34
JRE_HOME=/usr/lib/jvm/jdk1.6.0_34/jre
PATH=/usr/local/sbin:/usr/local/bin:/usr/sbin:/usr/bin:/sbin:/bin:/usr/games
USERNAME=rajkirans
LD_LIBRARY_PATH=/usr/lib/jvm/jdk1.6.0_34/jre/lib/i386/server:/usr/lib/jvm/jdk1.6.0_34/jre/lib/i386:/usr/lib/jvm/jdk1.6.0_34/jre/../lib/i386:/usr/lib/jvm/jdk1.6.0_34/jre/lib/i386/client:/usr/lib/jvm/jdk1.6.0_34/jre/lib/i386:/usr/lib/jvm/jdk1.6.0_34/jre/../lib/i386
SHELL=/bin/bash
DISPLAY=:0.0

Signal Handlers:
SIGSEGV: [libjvm.so+0x726fe0], sa_mask[0]=0x7ffbfeff, sa_flags=0x10000004
SIGBUS: [libjvm.so+0x726fe0], sa_mask[0]=0x7ffbfeff, sa_flags=0x10000004
SIGFPE: [libjvm.so+0x5e13a0], sa_mask[0]=0x7ffbfeff, sa_flags=0x10000004
SIGPIPE: [libjvm.so+0x5e13a0], sa_mask[0]=0x7ffbfeff, sa_flags=0x10000004
SIGXFSZ: [libjvm.so+0x5e13a0], sa_mask[0]=0x7ffbfeff, sa_flags=0x10000004
SIGILL: [libjvm.so+0x5e13a0], sa_mask[0]=0x7ffbfeff, sa_flags=0x10000004
SIGUSR1: SIG_DFL, sa_mask[0]=0x00000000, sa_flags=0x00000000
SIGUSR2: [libjvm.so+0x5e4600], sa_mask[0]=0x00000004, sa_flags=0x10000004
SIGHUP: [libjvm.so+0x5e41e0], sa_mask[0]=0x7ffbfeff, sa_flags=0x10000004
SIGINT: SIG_IGN, sa_mask[0]=0x00000000, sa_flags=0x00000000
SIGTERM: [libjvm.so+0x5e41e0], sa_mask[0]=0x7ffbfeff, sa_flags=0x10000004
SIGQUIT: [libjvm.so+0x5e41e0], sa_mask[0]=0x7ffbfeff, sa_flags=0x10000004


---------------  S Y S T E M  ---------------

OS:squeeze/sid

uname:Linux 2.6.32-21-generic #32-Ubuntu SMP Fri Apr 16 08:10:02 UTC 2010 i686
libc:glibc 2.11.1 NPTL 2.11.1 
rlimit: STACK 8192k, CORE 0k, NPROC infinity, NOFILE 1024, AS infinity
load average:1.64 1.12 0.97

/proc/meminfo:
MemTotal:        3058272 kB
MemFree:          282820 kB
Buffers:           38944 kB
Cached:           960604 kB
SwapCached:         5248 kB
Active:          1818868 kB
Inactive:         841044 kB
Active(anon):    1271640 kB
Inactive(anon):   505976 kB
Active(file):     547228 kB
Inactive(file):   335068 kB
Unevictable:          32 kB
Mlocked:              32 kB
HighTotal:       2197408 kB
HighFree:           2728 kB
LowTotal:         860864 kB
LowFree:          280092 kB
SwapTotal:       3999736 kB
SwapFree:        3919320 kB
Dirty:                68 kB
Writeback:         62160 kB
AnonPages:       1656192 kB
Mapped:            93176 kB
Shmem:            116956 kB
Slab:              75968 kB
SReclaimable:      53856 kB
SUnreclaim:        22112 kB
KernelStack:        3256 kB
PageTables:         8316 kB
NFS_Unstable:          0 kB
Bounce:                0 kB
WritebackTmp:          0 kB
CommitLimit:     5528872 kB
Committed_AS:    3236636 kB
VmallocTotal:     122880 kB
VmallocUsed:       33612 kB
VmallocChunk:      59632 kB
HardwareCorrupted:     0 kB
HugePages_Total:       0
HugePages_Free:        0
HugePages_Rsvd:        0
HugePages_Surp:        0
Hugepagesize:       4096 kB
DirectMap4k:       16376 kB
DirectMap4M:      892928 kB


CPU:total 2 (2 cores per cpu, 1 threads per core) family 6 model 23 stepping 10, cmov, cx8, fxsr, mmx, sse, sse2, sse3, ssse3

/proc/cpuinfo:
processor	: 0
vendor_id	: GenuineIntel
cpu family	: 6
model		: 23
model name	: Pentium(R) Dual-Core  CPU      E5500  @ 2.80GHz
stepping	: 10
cpu MHz		: 1200.000
cache size	: 2048 KB
physical id	: 0
siblings	: 2
core id		: 0
cpu cores	: 2
apicid		: 0
initial apicid	: 0
fdiv_bug	: no
hlt_bug		: no
f00f_bug	: no
coma_bug	: no
fpu		: yes
fpu_exception	: yes
cpuid level	: 13
wp		: yes
flags		: fpu vme de pse tsc msr pae mce cx8 apic mtrr pge mca cmov pat pse36 clflush dts acpi mmx fxsr sse sse2 ss ht tm pbe nx lm constant_tsc arch_perfmon pebs bts aperfmperf pni dtes64 monitor ds_cpl vmx est tm2 ssse3 cx16 xtpr pdcm xsave lahf_lm tpr_shadow vnmi flexpriority
bogomips	: 5585.18
clflush size	: 64
cache_alignment	: 64
address sizes	: 36 bits physical, 48 bits virtual
power management:

processor	: 1
vendor_id	: GenuineIntel
cpu family	: 6
model		: 23
model name	: Pentium(R) Dual-Core  CPU      E5500  @ 2.80GHz
stepping	: 10
cpu MHz		: 2800.000
cache size	: 2048 KB
physical id	: 0
siblings	: 2
core id		: 1
cpu cores	: 2
apicid		: 1
initial apicid	: 1
fdiv_bug	: no
hlt_bug		: no
f00f_bug	: no
coma_bug	: no
fpu		: yes
fpu_exception	: yes
cpuid level	: 13
wp		: yes
flags		: fpu vme de pse tsc msr pae mce cx8 apic mtrr pge mca cmov pat pse36 clflush dts acpi mmx fxsr sse sse2 ss ht tm pbe nx lm constant_tsc arch_perfmon pebs bts aperfmperf pni dtes64 monitor ds_cpl vmx est tm2 ssse3 cx16 xtpr pdcm xsave lahf_lm tpr_shadow vnmi flexpriority
bogomips	: 5585.93
clflush size	: 64
cache_alignment	: 64
address sizes	: 36 bits physical, 48 bits virtual
power management:



Memory: 4k page, physical 3058272k(282820k free), swap 3999736k(3919320k free)

vm_info: Java HotSpot(TM) Server VM (20.9-b04) for linux-x86 JRE (1.6.0_34-b04), built on Jul 19 2012 01:05:12 by "java_re" with gcc 3.2.1-7a (J2SE release)

time: Sat Aug 31 12:57:43 2013
elapsed time: 26 seconds

