#
# A fatal error has been detected by the Java Runtime Environment:
#
#  SIGSEGV (0xb) at pc=0xb6d318e6, pid=10134, tid=2153974640
#
# JRE version: 6.0_34-b04
# Java VM: Java HotSpot(TM) Server VM (20.9-b04 mixed mode linux-x86 )
# Problematic frame:
# V  [libjvm.so+0x3bd8e6]  instanceKlass::oop_follow_contents(oopDesc*)+0x86
#
# If you would like to submit a bug report, please visit:
#   http://java.sun.com/webapps/bugreport/crash.jsp
#

---------------  T H R E A D  ---------------

Current thread (0x085afc00):  VMThread [stack: 0x805b0000,0x80631000] [id=10139]

siginfo:si_signo=SIGSEGV: si_errno=0, si_code=1 (SEGV_MAPERR), si_addr=0xc14ed990

Registers:
EAX=0x00000001, EBX=0xc14ed990, ECX=0x80bbd9f8, EDX=0x814ed984
ESP=0x8062fcc0, EBP=0x8062fce8, ESI=0x814ed980, EDI=0x00000008
EIP=0xb6d318e6, EFLAGS=0x00010286, CR2=0xc14ed990

Top of Stack: (sp=0x8062fcc0)
0x8062fcc0:   b7180e40 8127d538 00000000 814ed984
0x8062fcd0:   80bbd9f8 80bbd9f0 00000003 81371168
0x8062fce0:   8062fd60 00000000 8062fd28 b6eeebcd
0x8062fcf0:   80bbd870 814ed978 81371168 81371168
0x8062fd00:   b7175b3c b7175b00 b6f3790b 8062fd50
0x8062fd10:   8062fd60 00000000 8062fd98 b6f9af6f
0x8062fd20:   8062fd50 8062fd50 8062fd98 b6f9af77
0x8062fd30:   00000000 00000000 08534000 00f51e01 

Instructions: (pc=0xb6d318e6)
0xb6d318c6:   00 00 8b 45 ec 8b 75 0c 8b 38 8b 40 04 01 fe 8d
0xb6d318d6:   14 86 89 55 e4 39 d6 73 5e 90 8b 1e 85 db 74 4f
0xb6d318e6:   8b 03 83 e0 03 83 f8 03 74 45 8b 3b c7 45 f0 03
0xb6d318f6:   00 00 00 8b 45 f0 89 03 80 3d cd 1e 16 b7 00 75 

Register to memory mapping:

EAX=0x00000001 is an unknown value
EBX=0xc14ed990 is an unknown value
ECX=0x80bbd9f8 is an oop
[S 
 - klass: {type array short}
 - length: 8
EDX=0x814ed984 is an oop
java.lang.String 
 - klass: 'java/lang/String'
ESP=0x8062fcc0 is an unknown value
EBP=0x8062fce8 is an unknown value
ESI=0x814ed980 is an oop
java.lang.String 
 - klass: 'java/lang/String'
EDI=0x00000008 is an unknown value


Stack: [0x805b0000,0x80631000],  sp=0x8062fcc0,  free space=511k
Native frames: (J=compiled Java code, j=interpreted, Vv=VM code, C=native code)
V  [libjvm.so+0x3bd8e6]  instanceKlass::oop_follow_contents(oopDesc*)+0x86
V  [libjvm.so+0x57abcd]  MarkSweep::follow_stack()+0x3d
V  [libjvm.so+0x626f77]  PSMarkSweep::mark_sweep_phase1(bool)+0xe7
V  [libjvm.so+0x626077]  PSMarkSweep::invoke_no_policy(bool)+0x3c7
V  [libjvm.so+0x625c7d]  PSMarkSweep::invoke(bool)+0x7d
V  [libjvm.so+0x727eca]  VM_ParallelGCSystemGC::doit()+0xda
V  [libjvm.so+0x7361e6]  VM_Operation::evaluate()+0x46
V  [libjvm.so+0x735673]  VMThread::evaluate_operation(VM_Operation*)+0x83
V  [libjvm.so+0x7358e4]  VMThread::loop()+0x194
V  [libjvm.so+0x7353d0]  VMThread::run()+0x80
V  [libjvm.so+0x5e3f8e]  java_start(Thread*)+0x14e
C  [libpthread.so.0+0x596e]  short+0xbe

VM_Operation (0xb694c740): ParallelGCSystemGC, mode: safepoint, requested by thread 0x08534000


---------------  P R O C E S S  ---------------

Java Threads: ( => current thread )
  0x08d4a400 JavaThread "resolver-5" daemon [_thread_blocked, id=10154, stack(0x7f0be000,0x7f10f000)]
  0x08d49400 JavaThread "resolver-4" daemon [_thread_blocked, id=10153, stack(0x7f10f000,0x7f160000)]
  0x09187800 JavaThread "resolver-3" daemon [_thread_blocked, id=10152, stack(0x7f160000,0x7f1b1000)]
  0x0904b400 JavaThread "resolver-2" daemon [_thread_blocked, id=10151, stack(0x7fd0e000,0x7fd5f000)]
  0x090f1000 JavaThread "resolver-1" daemon [_thread_blocked, id=10150, stack(0x800af000,0x80100000)]
  0x085d5c00 JavaThread "Low Memory Detector" daemon [_thread_blocked, id=10145, stack(0x8032b000,0x8037c000)]
  0x085ca800 JavaThread "C2 CompilerThread1" daemon [_thread_blocked, id=10144, stack(0x8037c000,0x803fd000)]
  0x085c8800 JavaThread "C2 CompilerThread0" daemon [_thread_blocked, id=10143, stack(0x803fd000,0x8047e000)]
  0x085c7000 JavaThread "Signal Dispatcher" daemon [_thread_blocked, id=10142, stack(0x8047e000,0x804cf000)]
  0x085b5000 JavaThread "Finalizer" daemon [_thread_blocked, id=10141, stack(0x8050e000,0x8055f000)]
  0x085b3800 JavaThread "Reference Handler" daemon [_thread_blocked, id=10140, stack(0x8055f000,0x805b0000)]
  0x08534000 JavaThread "main" [_thread_blocked, id=10136, stack(0xb68fd000,0xb694e000)]

Other Threads:
=>0x085afc00 VMThread [stack: 0x805b0000,0x80631000] [id=10139]
  0x085d7800 WatcherThread [stack: 0x802aa000,0x8032b000] [id=10146]

VM state:at safepoint (normal execution)

VM Mutex/Monitor currently owned by a thread:  ([mutex/lock_event])
[0x08531ca8] Threads_lock - owner thread: 0x085afc00
[0x085320b8] Heap_lock - owner thread: 0x08534000

Heap
 PSYoungGen      total 234240K, used 214K [0xa3e60000, 0xb36a0000, 0xb37b0000)
  eden space 233984K, 0% used [0xa3e60000,0xa3e60000,0xb22e0000)
  from space 256K, 83% used [0xb22e0000,0xb2315960,0xb2320000)
  to   space 10112K, 0% used [0xb2cc0000,0xb2cc0000,0xb36a0000)
 PSOldGen        total 31872K, used 21072K [0x84bb0000, 0x86ad0000, 0xa3e60000)
  object space 31872K, 66% used [0x84bb0000,0x86044398,0x86ad0000)
 PSPermGen       total 17408K, used 17293K [0x80bb0000, 0x81cb0000, 0x84bb0000)
  object space 17408K, 99% used [0x80bb0000,0x81c93450,0x81cb0000)

Code Cache  [0xb3876000, 0xb3cfe000, 0xb6876000)
 total_blobs=1225 nmethods=1092 adapters=86 free_code_cache=46164032 largest_free_block=147008

Dynamic libraries:
08048000-08052000 r-xp 00000000 08:07 6968       /usr/lib/jvm/jdk1.6.0_34/bin/java
08052000-08053000 rwxp 00009000 08:07 6968       /usr/lib/jvm/jdk1.6.0_34/bin/java
0852e000-0a6d5000 rwxp 00000000 00:00 0          [heap]
7e3cf000-7e3dc000 r-xs 000c4000 08:05 787224     /home/rajkirans/.m2/repository/com/vaadin/addon/vaadin-charts/1.0.0/vaadin-charts-1.0.0.jar
7e510000-7e516000 r-xs 0003f000 08:05 787225     /home/rajkirans/.m2/repository/com/vaadin/addon/vaadin-calendar-cval-2.0/2.0.0.beta3/vaadin-calendar-cval-2.0-2.0.0.beta3.jar
7e63f000-7e64a000 r-xs 0005f000 08:05 4462990    /home/rajkirans/.m2/repository/com/thoughtworks/xstream/xstream/1.3.1/xstream-1.3.1.jar
7e65e000-7e661000 ---p 00000000 00:00 0 
7e661000-7e6af000 rwxp 00000000 00:00 0 
7e6af000-7e6b2000 ---p 00000000 00:00 0 
7e6b2000-7e700000 rwxp 00000000 00:00 0 
7e700000-7e7e6000 rwxp 00000000 00:00 0 
7e7e6000-7e800000 ---p 00000000 00:00 0 
7e800000-7e8e3000 rwxp 00000000 00:00 0 
7e8e3000-7e900000 ---p 00000000 00:00 0 
7e900000-7e9f1000 rwxp 00000000 00:00 0 
7e9f1000-7ea00000 ---p 00000000 00:00 0 
7ea00000-7eafa000 rwxp 00000000 00:00 0 
7eafa000-7eb00000 ---p 00000000 00:00 0 
7eb00000-7ebfc000 rwxp 00000000 00:00 0 
7ebfc000-7ec00000 ---p 00000000 00:00 0 
7ec00000-7eceb000 rwxp 00000000 00:00 0 
7eceb000-7ed00000 ---p 00000000 00:00 0 
7ed00000-7eef3000 rwxp 00000000 00:00 0 
7eef3000-7ef00000 ---p 00000000 00:00 0 
7ef00000-7f000000 rwxp 00000000 00:00 0 
7f006000-7f008000 r-xs 00007000 08:05 4462993    /home/rajkirans/.m2/repository/org/apache/maven/shared/maven-filtering/1.0-beta-2/maven-filtering-1.0-beta-2.jar
7f008000-7f00a000 r-xs 00005000 08:05 4462987    /home/rajkirans/.m2/repository/xpp3/xpp3_min/1.1.4c/xpp3_min-1.1.4c.jar
7f00a000-7f00d000 r-xs 0000a000 08:05 4462988    /home/rajkirans/.m2/repository/org/codehaus/plexus/plexus-io/1.0.1/plexus-io-1.0.1.jar
7f00d000-7f011000 r-xs 00029000 08:05 4462986    /home/rajkirans/.m2/repository/org/codehaus/plexus/plexus-archiver/1.2/plexus-archiver-1.2.jar
7f011000-7f013000 r-xs 00011000 08:05 4460874    /home/rajkirans/.m2/repository/org/apache/maven/plugins/maven-war-plugin/2.1.1/maven-war-plugin-2.1.1.jar
7f016000-7f017000 r-xs 00002000 08:05 4463314    /home/rajkirans/.m2/repository/org/codehaus/plexus/plexus-digest/1.0/plexus-digest-1.0.jar
7f017000-7f018000 r-xs 00005000 08:05 4460881    /home/rajkirans/.m2/repository/org/apache/maven/plugins/maven-install-plugin/2.3.1/maven-install-plugin-2.3.1.jar
7f018000-7f019000 r-xs 00002000 08:05 4462879    /home/rajkirans/.m2/repository/org/apache/maven/reporting/maven-reporting-api/2.0.9/maven-reporting-api-2.0.9.jar
7f019000-7f01c000 r-xs 00034000 08:05 4462874    /home/rajkirans/.m2/repository/org/codehaus/plexus/plexus-utils/2.1/plexus-utils-2.1.jar
7f01c000-7f01f000 ---p 00000000 00:00 0 
7f01f000-7f06d000 rwxp 00000000 00:00 0 
7f06d000-7f070000 ---p 00000000 00:00 0 
7f070000-7f0be000 rwxp 00000000 00:00 0 
7f0be000-7f0c1000 ---p 00000000 00:00 0 
7f0c1000-7f10f000 rwxp 00000000 00:00 0 
7f10f000-7f112000 ---p 00000000 00:00 0 
7f112000-7f160000 rwxp 00000000 00:00 0 
7f160000-7f163000 ---p 00000000 00:00 0 
7f163000-7f1b1000 rwxp 00000000 00:00 0 
7f1b1000-7f210000 r-xs 00bac000 08:07 7807       /usr/lib/jvm/jdk1.6.0_34/lib/tools.jar
7f210000-7f36d000 r-xs 01869000 08:05 787337     /home/rajkirans/.m2/repository/com/vaadin/vaadin-client-compiler/7.0.2/vaadin-client-compiler-7.0.2.jar
7f36d000-7f392000 r-xs 0025d000 08:05 787334     /home/rajkirans/.m2/repository/com/vaadin/vaadin-server/7.0.2/vaadin-server-7.0.2.jar
7f392000-7f3b8000 r-xs 00184000 08:05 4591752    /home/rajkirans/.m2/repository/com/vaadin/vaadin-shared-deps/1.0.2/vaadin-shared-deps-1.0.2.jar
7f3b8000-7f3e8000 r-xs 001b7000 08:05 787333     /home/rajkirans/.m2/repository/com/vaadin/vaadin-shared/7.0.2/vaadin-shared-7.0.2.jar
7f3e8000-7f500000 r-xs 00dc4000 08:05 787335     /home/rajkirans/.m2/repository/com/vaadin/vaadin-client/7.0.2/vaadin-client-7.0.2.jar
7f500000-7f700000 rwxp 00000000 00:00 0 
7f700000-7f7ea000 rwxp 00000000 00:00 0 
7f7ea000-7f800000 ---p 00000000 00:00 0 
7f800000-7f8f7000 rwxp 00000000 00:00 0 
7f8f7000-7f900000 ---p 00000000 00:00 0 
7f900000-7faf3000 rwxp 00000000 00:00 0 
7faf3000-7fb00000 ---p 00000000 00:00 0 
7fb00000-7fc00000 rwxp 00000000 00:00 0 
7fc00000-7fcfa000 rwxp 00000000 00:00 0 
7fcfa000-7fd00000 ---p 00000000 00:00 0 
7fd00000-7fd01000 r-xs 00001000 08:05 787226     /home/rajkirans/.m2/repository/org/vaadin/addons/cssinject/2.0.3/cssinject-2.0.3.jar
7fd01000-7fd03000 r-xs 00006000 08:05 4462876    /home/rajkirans/.m2/repository/org/apache/maven/shared/maven-common-artifact-filters/1.3/maven-common-artifact-filters-1.3.jar
7fd03000-7fd05000 r-xs 0000d000 08:05 4462878    /home/rajkirans/.m2/repository/org/apache/maven/surefire/maven-surefire-common/2.10/maven-surefire-common-2.10.jar
7fd05000-7fd0a000 r-xs 00023000 08:05 4462877    /home/rajkirans/.m2/repository/org/apache/maven/surefire/surefire-api/2.10/surefire-api-2.10.jar
7fd0a000-7fd0c000 r-xs 00007000 08:05 4462873    /home/rajkirans/.m2/repository/org/apache/maven/surefire/surefire-booter/2.10/surefire-booter-2.10.jar
7fd0c000-7fd0e000 r-xs 00006000 08:05 4460863    /home/rajkirans/.m2/repository/org/apache/maven/plugins/maven-surefire-plugin/2.10/maven-surefire-plugin-2.10.jar
7fd0e000-7fd11000 ---p 00000000 00:00 0 
7fd11000-7fd5f000 rwxp 00000000 00:00 0 
7fd5f000-7fd60000 r-xs 00003000 08:05 787665     /home/rajkirans/.m2/repository/org/codehaus/plexus/plexus-compiler-javac/1.9.1/plexus-compiler-javac-1.9.1.jar
7fd60000-7fd62000 r-xs 00000000 08:05 787662     /home/rajkirans/.m2/repository/org/codehaus/plexus/plexus-compiler-manager/1.9.1/plexus-compiler-manager-1.9.1.jar
7fd62000-7fd64000 r-xs 00004000 08:05 787664     /home/rajkirans/.m2/repository/org/codehaus/plexus/plexus-compiler-api/1.9.1/plexus-compiler-api-1.9.1.jar
7fd64000-7fd65000 r-xs 00007000 08:05 786895     /home/rajkirans/.m2/repository/org/apache/maven/plugins/maven-compiler-plugin/2.5.1/maven-compiler-plugin-2.5.1.jar
7fd65000-7fd66000 r-xs 00003000 08:05 4462734    /home/rajkirans/.m2/repository/org/codehaus/plexus/plexus-compiler-javac/1.5.3/plexus-compiler-javac-1.5.3.jar
7fd66000-7fd67000 r-xs 00004000 08:05 4462736    /home/rajkirans/.m2/repository/org/codehaus/plexus/plexus-compiler-api/1.5.3/plexus-compiler-api-1.5.3.jar
7fd67000-7fd7f000 r-xs 00115000 08:05 787621     /home/rajkirans/.m2/repository/xerces/xercesImpl/2.9.1/xercesImpl-2.9.1.jar
7fd7f000-7fd80000 r-xs 00006000 08:05 787618     /home/rajkirans/.m2/repository/jakarta-regexp/jakarta-regexp/1.4/jakarta-regexp-1.4.jar
7fd80000-7fd8a000 r-xs 00079000 08:05 787616     /home/rajkirans/.m2/repository/org/apache/bcel/bcel/5.2/bcel-5.2.jar
7fd8a000-7fd9c000 r-xs 00245000 08:05 787615     /home/rajkirans/.m2/repository/com/ibm/icu/icu4j/2.6.1/icu4j-2.6.1.jar
7fd9c000-7fdc1000 r-xs 002dc000 08:05 787612     /home/rajkirans/.m2/repository/xalan/xalan/2.6.0/xalan-2.6.0.jar
7fdc1000-7fdc7000 r-xs 00019000 08:05 787610     /home/rajkirans/.m2/repository/xerces/xmlParserAPIs/2.6.2/xmlParserAPIs-2.6.2.jar
7fdc7000-7fdca000 r-xs 00018000 08:05 787608     /home/rajkirans/.m2/repository/xom/xom/1.0/xom-1.0.jar
7fdca000-7fdd2000 r-xs 00028000 08:05 4589113    /home/rajkirans/.m2/repository/xml-apis/xml-apis/1.3.02/xml-apis-1.3.02.jar
7fdd2000-7fdd5000 r-xs 00023000 08:05 787607     /home/rajkirans/.m2/repository/jdom/jdom/1.0/jdom-1.0.jar
7fdd5000-7fdda000 r-xs 00048000 08:05 4594365    /home/rajkirans/.m2/repository/dom4j/dom4j/1.6.1/dom4j-1.6.1.jar
7fdda000-7fde0000 r-xs 00032000 08:05 787606     /home/rajkirans/.m2/repository/jaxen/jaxen/1.1.1/jaxen-1.1.1.jar
7fde0000-7fde3000 r-xs 00023000 08:05 787602     /home/rajkirans/.m2/repository/org/jdom/jdom/1.1/jdom-1.1.jar
7fde3000-7fde8000 r-xs 00040000 08:05 787601     /home/rajkirans/.m2/repository/commons-lang/commons-lang/2.5/commons-lang-2.5.jar
7fde8000-7fdeb000 r-xs 00024000 08:05 787598     /home/rajkirans/.m2/repository/commons-io/commons-io/2.0.1/commons-io-2.0.1.jar
7fdeb000-7fdf4000 r-xs 00075000 08:05 787597     /home/rajkirans/.m2/repository/org/apache/maven/surefire/surefire-api/2.4.3/surefire-api-2.4.3.jar
7fdf4000-7fdfa000 r-xs 0003c000 08:05 787596     /home/rajkirans/.m2/repository/org/apache/maven/surefire/surefire-booter/2.4.3/surefire-booter-2.4.3.jar
7fdfa000-7fe00000 r-xs 00034000 08:05 787595     /home/rajkirans/.m2/repository/junit/junit/4.8.1/junit-4.8.1.jar
7fe00000-7fed8000 rwxp 00000000 00:00 0 
7fed8000-7ff00000 ---p 00000000 00:00 0 
7ff00000-7fff4000 rwxp 00000000 00:00 0 
7fff4000-80000000 ---p 00000000 00:00 0 
80000000-80001000 r-xs 00004000 08:05 4462989    /home/rajkirans/.m2/repository/org/apache/maven/maven-archiver/2.4.1/maven-archiver-2.4.1.jar
80001000-80002000 r-xs 00002000 08:05 4598056    /home/rajkirans/.m2/repository/org/codehaus/plexus/plexus-io/1.0-alpha-1/plexus-io-1.0-alpha-1.jar
80002000-80006000 r-xs 00023000 08:05 4598040    /home/rajkirans/.m2/repository/org/codehaus/plexus/plexus-archiver/1.0-alpha-9/plexus-archiver-1.0-alpha-9.jar
80006000-8000d000 r-xs 0004e000 08:05 787363     /home/rajkirans/.m2/repository/org/apache/james/apache-mime4j/0.6/apache-mime4j-0.6.jar
8000d000-8000f000 r-xs 0000a000 08:05 787357     /home/rajkirans/.m2/repository/commons-codec/commons-codec/1.3/commons-codec-1.3.jar
8000f000-80010000 r-xs 00002000 08:05 787355     /home/rajkirans/.m2/repository/org/jdesktop/swing-worker/1.1/swing-worker-1.1.jar
80010000-80014000 r-xs 00024000 08:05 787353     /home/rajkirans/.m2/repository/org/mortbay/jetty/jetty-util/6.1.11/jetty-util-6.1.11.jar
80014000-80017000 r-xs 0001e000 08:05 787354     /home/rajkirans/.m2/repository/org/mortbay/jetty/servlet-api-2.5/6.1.11/servlet-api-2.5-6.1.11.jar
80017000-8001e000 r-xs 00074000 08:05 787349     /home/rajkirans/.m2/repository/org/mortbay/jetty/jetty/6.1.11/jetty-6.1.11.jar
8001e000-8001f000 r-xs 00002000 08:05 787348     /home/rajkirans/.m2/repository/ant/ant-launcher/1.6.5/ant-launcher-1.6.5.jar
8001f000-80022000 r-xs 0003b000 08:05 4591748    /home/rajkirans/.m2/repository/net/sourceforge/cssparser/cssparser/0.9.5/cssparser-0.9.5.jar
80022000-80031000 r-xs 000ee000 08:05 787347     /home/rajkirans/.m2/repository/ant/ant/1.6.5/ant-1.6.5.jar
80031000-80033000 r-xs 00009000 08:05 4591724    /home/rajkirans/.m2/repository/commons-cli/commons-cli/1.2/commons-cli-1.2.jar
80033000-80039000 r-xs 0003c000 08:05 4591741    /home/rajkirans/.m2/repository/org/apache/commons/commons-jexl/2.1.1/commons-jexl-2.1.1.jar
80039000-8003e000 r-xs 00063000 08:05 787340     /home/rajkirans/.m2/repository/com/vaadin/vaadin-theme-compiler/7.0.2/vaadin-theme-compiler-7.0.2.jar
8003e000-80040000 r-xs 0000e000 08:05 787345     /home/rajkirans/.m2/repository/javax/validation/validation-api/1.0.0.GA/validation-api-1.0.0.GA-sources.jar
80040000-80043000 r-xs 00009000 08:05 787346     /home/rajkirans/.m2/repository/javax/validation/validation-api/1.0.0.GA/validation-api-1.0.0.GA.jar
80043000-80044000 r-xs 00003000 08:05 4591742    /home/rajkirans/.m2/repository/org/w3c/css/sac/1.3/sac-1.3.jar
80044000-8004a000 r-xs 0003e000 08:05 4591750    /home/rajkirans/.m2/repository/org/jsoup/jsoup/1.6.3/jsoup-1.6.3.jar
8004a000-80059000 r-xs 000b3000 08:05 787593     /home/rajkirans/.m2/repository/freemarker/freemarker/2.3.6/freemarker-2.3.6.jar
80059000-8005d000 r-xs 00028000 08:05 787590     /home/rajkirans/.m2/repository/com/thoughtworks/qdox/qdox/1.12/qdox-1.12.jar
8005d000-8005f000 r-xs 0000d000 08:05 4594261    /home/rajkirans/.m2/repository/commons-logging/commons-logging/1.1.1/commons-logging-1.1.1.jar
8005f000-80060000 r-xs 0000c000 08:05 4587855    /home/rajkirans/.m2/repository/org/springframework/spring-asm/3.0.5.RELEASE/spring-asm-3.0.5.RELEASE.jar
80060000-80069000 r-xs 00055000 08:05 4587854    /home/rajkirans/.m2/repository/org/springframework/spring-core/3.0.5.RELEASE/spring-core-3.0.5.RELEASE.jar
80069000-80076000 r-xs 0007f000 08:05 4591160    /home/rajkirans/.m2/repository/commons-collections/commons-collections/3.2/commons-collections-3.2.jar
80076000-8007e000 r-xs 00058000 08:05 4591155    /home/rajkirans/.m2/repository/org/apache/velocity/velocity/1.5/velocity-1.5.jar
8007e000-8007f000 r-xs 00001000 08:05 4591154    /home/rajkirans/.m2/repository/org/codehaus/plexus/plexus-velocity/1.1.7/plexus-velocity-1.1.7.jar
8007f000-80080000 r-xs 00002000 08:05 4591151    /home/rajkirans/.m2/repository/org/codehaus/plexus/plexus-i18n/1.0-beta-7/plexus-i18n-1.0-beta-7.jar
80080000-80082000 r-xs 00008000 08:05 787588     /home/rajkirans/.m2/repository/org/apache/maven/doxia/doxia-module-fml/1.1.4/doxia-module-fml-1.1.4.jar
80082000-80083000 r-xs 00003000 08:05 787585     /home/rajkirans/.m2/repository/org/apache/maven/doxia/doxia-module-xhtml/1.1.4/doxia-module-xhtml-1.1.4.jar
80083000-80085000 r-xs 0000b000 08:05 787584     /home/rajkirans/.m2/repository/org/apache/maven/doxia/doxia-decoration-model/1.1.4/doxia-decoration-model-1.1.4.jar
80085000-80087000 r-xs 0000b000 08:05 787582     /home/rajkirans/.m2/repository/org/apache/maven/doxia/doxia-site-renderer/1.1.4/doxia-site-renderer-1.1.4.jar
80087000-80088000 r-xs 00002000 08:05 787583     /home/rajkirans/.m2/repository/org/apache/maven/doxia/doxia-logging-api/1.1.4/doxia-logging-api-1.1.4.jar
80088000-8008a000 r-xs 00002000 08:05 787580     /home/rajkirans/.m2/repository/org/apache/maven/doxia/doxia-sink-api/1.1.4/doxia-sink-api-1.1.4.jar
8008a000-8008c000 r-xs 0000e000 08:05 4591157    /home/rajkirans/.m2/repository/oro/oro/2.0.8/oro-2.0.8.jar
8008c000-80090000 r-xs 00026000 08:05 4591170    /home/rajkirans/.m2/repository/commons-digester/commons-digester/1.6/commons-digester-1.6.jar
80090000-80095000 r-xs 0002a000 08:05 4591168    /home/rajkirans/.m2/repository/commons-beanutils/commons-beanutils/1.7.0/commons-beanutils-1.7.0.jar
80095000-80098000 r-xs 00014000 08:05 4591163    /home/rajkirans/.m2/repository/commons-validator/commons-validator/1.2.0/commons-validator-1.2.0.jar
80098000-8009e000 r-xs 00045000 08:05 4591144    /home/rajkirans/.m2/repository/commons-httpclient/commons-httpclient/3.1/commons-httpclient-3.1.jar
8009e000-800a2000 r-xs 00023000 08:05 4591135    /home/rajkirans/.m2/repository/org/apache/maven/doxia/doxia-core/1.1.2/doxia-core-1.1.2.jar
800a2000-800a4000 r-xs 00003000 08:05 4591161    /home/rajkirans/.m2/repository/org/apache/maven/reporting/maven-reporting-impl/2.1/maven-reporting-impl-2.1.jar
800a4000-800a5000 r-xs 00002000 08:05 4587852    /home/rajkirans/.m2/repository/org/apache/maven/reporting/maven-reporting-api/3.0/maven-reporting-api-3.0.jar
800a5000-800a9000 r-xs 0002b000 08:05 4722940    /home/rajkirans/.m2/repository/com/vaadin/vaadin-maven-plugin/7.0.2/vaadin-maven-plugin-7.0.2.jar
800a9000-800ab000 r-xs 00009000 08:05 4462417    /home/rajkirans/.m2/repository/org/apache/maven/shared/maven-filtering/1.0/maven-filtering-1.0.jar
800ab000-800af000 r-xs 00033000 08:05 4462194    /home/rajkirans/.m2/repository/org/codehaus/plexus/plexus-utils/2.0.5/plexus-utils-2.0.5.jar
800af000-800b2000 ---p 00000000 00:00 0 
800b2000-80100000 rwxp 00000000 00:00 0 
80100000-801f7000 rwxp 00000000 00:00 0 
801f7000-80200000 ---p 00000000 00:00 0 
80200000-80202000 r-xs 0000d000 08:05 4462427    /home/rajkirans/.m2/repository/org/codehaus/plexus/plexus-interpolation/1.13/plexus-interpolation-1.13.jar
80202000-80203000 r-xs 00001000 08:05 4462423    /home/rajkirans/.m2/repository/org/sonatype/plexus/plexus-build-api/0.0.4/plexus-build-api-0.0.4.jar
80203000-80206000 r-xs 0001b000 08:05 4462420    /home/rajkirans/.m2/repository/junit/junit/3.8.1/junit-3.8.1.jar
80206000-80208000 r-xs 00002000 08:05 4462421    /home/rajkirans/.m2/repository/org/codehaus/plexus/plexus-interactivity-api/1.0-alpha-4/plexus-interactivity-api-1.0-alpha-4.jar
80208000-8020a000 r-xs 00006000 08:05 4462418    /home/rajkirans/.m2/repository/commons-cli/commons-cli/1.0/commons-cli-1.0.jar
8020a000-8020b000 r-xs 00001000 08:05 4462419    /home/rajkirans/.m2/repository/org/apache/maven/doxia/doxia-sink-api/1.0-alpha-7/doxia-sink-api-1.0-alpha-7.jar
8020b000-8020c000 r-xs 00002000 08:05 4462415    /home/rajkirans/.m2/repository/org/apache/maven/reporting/maven-reporting-api/2.0.6/maven-reporting-api-2.0.6.jar
8020c000-8020e000 r-xs 00005000 08:05 4460827    /home/rajkirans/.m2/repository/org/apache/maven/plugins/maven-resources-plugin/2.5/maven-resources-plugin-2.5.jar
8020e000-80212000 r-xs 00034000 08:05 4722964    /home/rajkirans/.m2/repository/org/codehaus/plexus/plexus-utils/3.0/plexus-utils-3.0.jar
80212000-80214000 r-xs 00005000 08:05 4722958    /home/rajkirans/.m2/repository/org/apache/maven/plugins/maven-clean-plugin/2.5/maven-clean-plugin-2.5.jar
80214000-8021b000 r-xp 00000000 08:07 7079       /usr/lib/jvm/jdk1.6.0_34/jre/lib/i386/libnio.so
8021b000-8021c000 rwxp 00006000 08:07 7079       /usr/lib/jvm/jdk1.6.0_34/jre/lib/i386/libnio.so
8021c000-80230000 r-xp 00000000 08:07 7041       /usr/lib/jvm/jdk1.6.0_34/jre/lib/i386/libnet.so
80230000-80231000 rwxp 00013000 08:07 7041       /usr/lib/jvm/jdk1.6.0_34/jre/lib/i386/libnet.so
80231000-80233000 r-xs 0000d000 08:07 1714837    /usr/local/netbeans-7.2/java/maven/lib/plexus-interpolation-1.14.jar
80233000-80251000 r-xs 0014f000 08:07 1714931    /usr/local/netbeans-7.2/java/maven/lib/sisu-guava-0.9.9.jar
80251000-80254000 r-xs 00008000 08:07 1714788    /usr/local/netbeans-7.2/java/maven/lib/maven-settings-builder-3.0.4.jar
80254000-80255000 r-xs 00003000 08:07 1714921    /usr/local/netbeans-7.2/java/maven/lib/aether-spi-1.13.1.jar
80255000-80257000 r-xs 00006000 08:07 1714704    /usr/local/netbeans-7.2/java/maven/lib/maven-repository-metadata-3.0.4.jar
80257000-80258000 r-xs 00006000 08:07 1714839    /usr/local/netbeans-7.2/java/maven/lib/plexus-sec-dispatcher-1.3.jar
80258000-8026a000 r-xs 0009c000 08:07 1714892    /usr/local/netbeans-7.2/java/maven/lib/wagon-http-2.2-shaded.jar
8026a000-8026c000 r-xs 0000a000 08:07 1714895    /usr/local/netbeans-7.2/java/maven/lib/maven-settings-3.0.4.jar
8026c000-80274000 r-xs 0004e000 08:07 1714873    /usr/local/netbeans-7.2/java/maven/lib/sisu-guice-3.1.0-no_aop.jar
80274000-80276000 r-xs 0000b000 08:07 1714896    /usr/local/netbeans-7.2/java/maven/lib/maven-artifact-3.0.4.jar
80276000-80278000 r-xs 00009000 08:07 1714897    /usr/local/netbeans-7.2/java/maven/lib/maven-embedder-3.0.4.jar
80278000-8027f000 r-xs 0003e000 08:07 1714883    /usr/local/netbeans-7.2/java/maven/lib/sisu-inject-bean-2.3.0.jar
8027f000-80285000 r-xs 0002b000 08:07 1714856    /usr/local/netbeans-7.2/java/maven/lib/sisu-inject-plexus-2.3.0.jar
80285000-80287000 r-xs 0000c000 08:07 1714808    /usr/local/netbeans-7.2/java/maven/lib/maven-aether-provider-3.0.4.jar
80287000-8028b000 r-xs 0001c000 08:07 1714914    /usr/local/netbeans-7.2/java/maven/lib/aether-util-1.13.1.jar
8028b000-80291000 r-xs 0003e000 08:07 1714912    /usr/local/netbeans-7.2/java/maven/lib/maven-compat-3.0.4.jar
80291000-80293000 r-xs 0000a000 08:07 1714884    /usr/local/netbeans-7.2/java/maven/lib/maven-plugin-api-3.0.4.jar
80293000-80295000 r-xs 00002000 08:07 1714919    /usr/local/netbeans-7.2/java/maven/lib/plexus-cipher-1.7.jar
80295000-802a1000 r-xs 0007b000 08:07 1714932    /usr/local/netbeans-7.2/java/maven/lib/maven-core-3.0.4.jar
802a1000-802a3000 r-xs 00000000 08:07 1714605    /usr/local/netbeans-7.2/java/maven/lib/plexus-component-annotations-1.5.5.jar
802a3000-802a6000 r-xs 00025000 08:07 1714920    /usr/local/netbeans-7.2/java/maven/lib/maven-model-3.0.4.jar
802a6000-802aa000 r-xs 00012000 08:07 1714922    /usr/local/netbeans-7.2/java/maven/lib/aether-api-1.13.1.jar
802aa000-802ab000 ---p 00000000 00:00 0 
802ab000-8032b000 rwxp 00000000 00:00 0 
8032b000-8032e000 ---p 00000000 00:00 0 
8032e000-8037c000 rwxp 00000000 00:00 0 
8037c000-8037f000 ---p 00000000 00:00 0 
8037f000-803fd000 rwxp 00000000 00:00 0 
803fd000-80400000 ---p 00000000 00:00 0 
80400000-8047e000 rwxp 00000000 00:00 0 
8047e000-80481000 ---p 00000000 00:00 0 
80481000-804cf000 rwxp 00000000 00:00 0 
804cf000-8050e000 r-xp 00000000 08:07 1844312    /usr/lib/locale/en_IN/LC_CTYPE
8050e000-80511000 ---p 00000000 00:00 0 
80511000-8055f000 rwxp 00000000 00:00 0 
8055f000-80562000 ---p 00000000 00:00 0 
80562000-805b0000 rwxp 00000000 00:00 0 
805b0000-805b1000 ---p 00000000 00:00 0 
805b1000-80665000 rwxp 00000000 00:00 0          [threadstack:0007f494]
80665000-807fd000 r-xs 0307a000 08:07 7102       /usr/lib/jvm/jdk1.6.0_34/jre/lib/rt.jar
807fd000-807fe000 ---p 00000000 00:00 0 
807fe000-8087e000 rwxp 00000000 00:00 0 
8087e000-8087f000 ---p 00000000 00:00 0 
8087f000-80908000 rwxp 00000000 00:00 0 
80908000-8091f000 rwxp 00000000 00:00 0 
8091f000-8092f000 rwxp 00000000 00:00 0 
8092f000-80a19000 rwxp 00000000 00:00 0 
80a19000-80a22000 rwxp 00000000 00:00 0 
80a22000-80a39000 rwxp 00000000 00:00 0 
80a39000-80a49000 rwxp 00000000 00:00 0 
80a49000-80b32000 rwxp 00000000 00:00 0 
80b32000-80baf000 rwxp 00000000 00:00 0 
80baf000-81cb0000 rwxp 00000000 00:00 0 
81cb0000-84bb0000 rwxp 00000000 00:00 0 
84bb0000-86ad0000 rwxp 00000000 00:00 0 
86ad0000-a3e60000 rwxp 00000000 00:00 0 
a3e60000-b36a0000 rwxp 00000000 00:00 0 
b36a0000-b37b0000 ---p 00000000 00:00 0 
b37b0000-b37b1000 r-xp 00000000 00:00 0 
b37b1000-b37b3000 r-xs 0000b000 08:07 1714882    /usr/local/netbeans-7.2/java/maven/lib/wagon-provider-api-2.2.jar
b37b3000-b37b6000 r-xs 00033000 08:07 1714913    /usr/local/netbeans-7.2/java/maven/lib/plexus-utils-2.0.6.jar
b37b6000-b37c9000 rwxp 00000000 00:00 0 
b37c9000-b3876000 rwxp 00000000 00:00 0 
b3876000-b3cfe000 rwxp 00000000 00:00 0 
b3cfe000-b6876000 rwxp 00000000 00:00 0 
b6876000-b6885000 r-xp 00000000 08:07 7071       /usr/lib/jvm/jdk1.6.0_34/jre/lib/i386/libzip.so
b6885000-b6887000 rwxp 0000e000 08:07 7071       /usr/lib/jvm/jdk1.6.0_34/jre/lib/i386/libzip.so
b6887000-b6891000 r-xp 00000000 08:01 1312598    /lib/tls/i686/cmov/libnss_files-2.11.1.so
b6891000-b6892000 r-xp 00009000 08:01 1312598    /lib/tls/i686/cmov/libnss_files-2.11.1.so
b6892000-b6893000 rwxp 0000a000 08:01 1312598    /lib/tls/i686/cmov/libnss_files-2.11.1.so
b6893000-b689b000 r-xp 00000000 08:01 1312602    /lib/tls/i686/cmov/libnss_nis-2.11.1.so
b689b000-b689c000 r-xp 00007000 08:01 1312602    /lib/tls/i686/cmov/libnss_nis-2.11.1.so
b689c000-b689d000 rwxp 00008000 08:01 1312602    /lib/tls/i686/cmov/libnss_nis-2.11.1.so
b689d000-b68a3000 r-xp 00000000 08:01 1312594    /lib/tls/i686/cmov/libnss_compat-2.11.1.so
b68a3000-b68a4000 r-xp 00006000 08:01 1312594    /lib/tls/i686/cmov/libnss_compat-2.11.1.so
b68a4000-b68a5000 rwxp 00007000 08:01 1312594    /lib/tls/i686/cmov/libnss_compat-2.11.1.so
b68a5000-b68b8000 r-xp 00000000 08:01 1312592    /lib/tls/i686/cmov/libnsl-2.11.1.so
b68b8000-b68b9000 r-xp 00012000 08:01 1312592    /lib/tls/i686/cmov/libnsl-2.11.1.so
b68b9000-b68ba000 rwxp 00013000 08:01 1312592    /lib/tls/i686/cmov/libnsl-2.11.1.so
b68ba000-b68bc000 rwxp 00000000 00:00 0 
b68bc000-b68be000 r-xs 00006000 08:07 1714765    /usr/local/netbeans-7.2/java/maven/lib/aether-connector-wagon-1.13.1.jar
b68be000-b68c3000 r-xs 00020000 08:07 1714838    /usr/local/netbeans-7.2/java/maven/lib/maven-model-builder-3.0.4.jar
b68c3000-b68c6000 r-xs 0001d000 08:07 1714911    /usr/local/netbeans-7.2/java/maven/lib/aether-impl-1.13.1.jar
b68c6000-b68ce000 rwxs 00000000 08:01 1572962    /tmp/hsperfdata_rajkirans/10134
b68ce000-b68f2000 r-xp 00000000 08:07 7076       /usr/lib/jvm/jdk1.6.0_34/jre/lib/i386/libjava.so
b68f2000-b68f4000 rwxp 00023000 08:07 7076       /usr/lib/jvm/jdk1.6.0_34/jre/lib/i386/libjava.so
b68f4000-b68fb000 r-xp 00000000 08:01 1312611    /lib/tls/i686/cmov/librt-2.11.1.so
b68fb000-b68fc000 r-xp 00006000 08:01 1312611    /lib/tls/i686/cmov/librt-2.11.1.so
b68fc000-b68fd000 rwxp 00007000 08:01 1312611    /lib/tls/i686/cmov/librt-2.11.1.so
b68fd000-b6900000 ---p 00000000 00:00 0 
b6900000-b694e000 rwxp 00000000 00:00 0 
b694e000-b6972000 r-xp 00000000 08:01 1312589    /lib/tls/i686/cmov/libm-2.11.1.so
b6972000-b6973000 r-xp 00023000 08:01 1312589    /lib/tls/i686/cmov/libm-2.11.1.so
b6973000-b6974000 rwxp 00024000 08:01 1312589    /lib/tls/i686/cmov/libm-2.11.1.so
b6974000-b7128000 r-xp 00000000 08:07 7053       /usr/lib/jvm/jdk1.6.0_34/jre/lib/i386/server/libjvm.so
b7128000-b717c000 rwxp 007b4000 08:07 7053       /usr/lib/jvm/jdk1.6.0_34/jre/lib/i386/server/libjvm.so
b717c000-b759b000 rwxp 00000000 00:00 0 
b759b000-b76ee000 r-xp 00000000 08:01 1312581    /lib/tls/i686/cmov/libc-2.11.1.so
b76ee000-b76ef000 ---p 00153000 08:01 1312581    /lib/tls/i686/cmov/libc-2.11.1.so
b76ef000-b76f1000 r-xp 00153000 08:01 1312581    /lib/tls/i686/cmov/libc-2.11.1.so
b76f1000-b76f2000 rwxp 00155000 08:01 1312581    /lib/tls/i686/cmov/libc-2.11.1.so
b76f2000-b76f5000 rwxp 00000000 00:00 0 
b76f5000-b76f7000 r-xp 00000000 08:01 1312587    /lib/tls/i686/cmov/libdl-2.11.1.so
b76f7000-b76f8000 r-xp 00001000 08:01 1312587    /lib/tls/i686/cmov/libdl-2.11.1.so
b76f8000-b76f9000 rwxp 00002000 08:01 1312587    /lib/tls/i686/cmov/libdl-2.11.1.so
b76f9000-b7700000 r-xp 00000000 08:07 7064       /usr/lib/jvm/jdk1.6.0_34/jre/lib/i386/jli/libjli.so
b7700000-b7702000 rwxp 00006000 08:07 7064       /usr/lib/jvm/jdk1.6.0_34/jre/lib/i386/jli/libjli.so
b7702000-b7703000 rwxp 00000000 00:00 0 
b7703000-b7718000 r-xp 00000000 08:01 1312607    /lib/tls/i686/cmov/libpthread-2.11.1.so
b7718000-b7719000 r-xp 00014000 08:01 1312607    /lib/tls/i686/cmov/libpthread-2.11.1.so
b7719000-b771a000 rwxp 00015000 08:01 1312607    /lib/tls/i686/cmov/libpthread-2.11.1.so
b771a000-b771c000 rwxp 00000000 00:00 0 
b771c000-b771d000 r-xs 00002000 08:07 1714941    /usr/local/netbeans-7.2/java/maven/lib/wagon-file-2.2.jar
b771d000-b771e000 r-xs 00009000 08:07 1714938    /usr/local/netbeans-7.2/java/maven/lib/commons-cli-1.2.jar
b771e000-b7720000 r-xs 0000a000 08:07 1714872    /usr/local/netbeans-7.2/java/maven/boot/plexus-classworlds-2.4.jar
b7720000-b7721000 rwxp 00000000 00:00 0 
b7721000-b7722000 ---p 00000000 00:00 0 
b7722000-b772d000 r-xp 00000000 08:07 7046       /usr/lib/jvm/jdk1.6.0_34/jre/lib/i386/libverify.so
b772d000-b772e000 rwxp 0000b000 08:07 7046       /usr/lib/jvm/jdk1.6.0_34/jre/lib/i386/libverify.so
b772e000-b7730000 rwxp 00000000 00:00 0 
b7730000-b7731000 r-xp 00000000 00:00 0          [vdso]
b7731000-b774c000 r-xp 00000000 08:01 1308185    /lib/ld-2.11.1.so
b774c000-b774d000 r-xp 0001a000 08:01 1308185    /lib/ld-2.11.1.so
b774d000-b774e000 rwxp 0001b000 08:01 1308185    /lib/ld-2.11.1.so
bfe8a000-bfe9f000 rwxp 00000000 00:00 0          [stack]

VM Arguments:
jvm_args: -Dclassworlds.conf=/usr/local/netbeans-7.2/java/maven/bin/m2.conf -Dmaven.home=/usr/local/netbeans-7.2/java/maven 
java_command: org.codehaus.plexus.classworlds.launcher.Launcher clean install
Launcher Type: SUN_STANDARD

Environment Variables:
JAVA_HOME=/usr/lib/jvm/jdk1.6.0_34
JRE_HOME=/usr/lib/jvm/jdk1.6.0_34/jre
PATH=/usr/local/sbin:/usr/local/bin:/usr/sbin:/usr/bin:/sbin:/bin:/usr/games
USERNAME=rajkirans
LD_LIBRARY_PATH=/usr/lib/jvm/jdk1.6.0_34/jre/lib/i386/server:/usr/lib/jvm/jdk1.6.0_34/jre/lib/i386:/usr/lib/jvm/jdk1.6.0_34/jre/../lib/i386:/usr/lib/jvm/jdk1.6.0_34/jre/lib/i386/client:/usr/lib/jvm/jdk1.6.0_34/jre/lib/i386:/usr/lib/jvm/jdk1.6.0_34/jre/../lib/i386
SHELL=/bin/bash
DISPLAY=:0.0

Signal Handlers:
SIGSEGV: [libjvm.so+0x726fe0], sa_mask[0]=0x7ffbfeff, sa_flags=0x10000004
SIGBUS: [libjvm.so+0x726fe0], sa_mask[0]=0x7ffbfeff, sa_flags=0x10000004
SIGFPE: [libjvm.so+0x5e13a0], sa_mask[0]=0x7ffbfeff, sa_flags=0x10000004
SIGPIPE: [libjvm.so+0x5e13a0], sa_mask[0]=0x7ffbfeff, sa_flags=0x10000004
SIGXFSZ: [libjvm.so+0x5e13a0], sa_mask[0]=0x7ffbfeff, sa_flags=0x10000004
SIGILL: [libjvm.so+0x5e13a0], sa_mask[0]=0x7ffbfeff, sa_flags=0x10000004
SIGUSR1: SIG_DFL, sa_mask[0]=0x00000000, sa_flags=0x00000000
SIGUSR2: [libjvm.so+0x5e4600], sa_mask[0]=0x00000004, sa_flags=0x10000004
SIGHUP: [libjvm.so+0x5e41e0], sa_mask[0]=0x7ffbfeff, sa_flags=0x10000004
SIGINT: SIG_IGN, sa_mask[0]=0x00000000, sa_flags=0x00000000
SIGTERM: [libjvm.so+0x5e41e0], sa_mask[0]=0x7ffbfeff, sa_flags=0x10000004
SIGQUIT: [libjvm.so+0x5e41e0], sa_mask[0]=0x7ffbfeff, sa_flags=0x10000004


---------------  S Y S T E M  ---------------

OS:squeeze/sid

uname:Linux 2.6.32-21-generic #32-Ubuntu SMP Fri Apr 16 08:10:02 UTC 2010 i686
libc:glibc 2.11.1 NPTL 2.11.1 
rlimit: STACK 8192k, CORE 0k, NPROC infinity, NOFILE 1024, AS infinity
load average:2.93 2.35 1.27

/proc/meminfo:
MemTotal:        3058272 kB
MemFree:          804156 kB
Buffers:            6340 kB
Cached:           958076 kB
SwapCached:          748 kB
Active:          1219044 kB
Inactive:         934256 kB
Active(anon):     842396 kB
Inactive(anon):   473104 kB
Active(file):     376648 kB
Inactive(file):   461152 kB
Unevictable:          16 kB
Mlocked:              16 kB
HighTotal:       2197408 kB
HighFree:         158348 kB
LowTotal:         860864 kB
LowFree:          645808 kB
SwapTotal:       3999736 kB
SwapFree:        3964264 kB
Dirty:               140 kB
Writeback:             4 kB
AnonPages:       1188364 kB
Mapped:           110168 kB
Shmem:            126428 kB
Slab:              60208 kB
SReclaimable:      44012 kB
SUnreclaim:        16196 kB
KernelStack:        3144 kB
PageTables:        10040 kB
NFS_Unstable:          0 kB
Bounce:                0 kB
WritebackTmp:          0 kB
CommitLimit:     5528872 kB
Committed_AS:    2861824 kB
VmallocTotal:     122880 kB
VmallocUsed:       33668 kB
VmallocChunk:      44196 kB
HardwareCorrupted:     0 kB
HugePages_Total:       0
HugePages_Free:        0
HugePages_Rsvd:        0
HugePages_Surp:        0
Hugepagesize:       4096 kB
DirectMap4k:       16376 kB
DirectMap4M:      892928 kB


CPU:total 2 (2 cores per cpu, 1 threads per core) family 6 model 23 stepping 10, cmov, cx8, fxsr, mmx, sse, sse2, sse3, ssse3

/proc/cpuinfo:
processor	: 0
vendor_id	: GenuineIntel
cpu family	: 6
model		: 23
model name	: Pentium(R) Dual-Core  CPU      E5500  @ 2.80GHz
stepping	: 10
cpu MHz		: 2800.000
cache size	: 2048 KB
physical id	: 0
siblings	: 2
core id		: 0
cpu cores	: 2
apicid		: 0
initial apicid	: 0
fdiv_bug	: no
hlt_bug		: no
f00f_bug	: no
coma_bug	: no
fpu		: yes
fpu_exception	: yes
cpuid level	: 13
wp		: yes
flags		: fpu vme de pse tsc msr pae mce cx8 apic mtrr pge mca cmov pat pse36 clflush dts acpi mmx fxsr sse sse2 ss ht tm pbe nx lm constant_tsc arch_perfmon pebs bts aperfmperf pni dtes64 monitor ds_cpl vmx est tm2 ssse3 cx16 xtpr pdcm xsave lahf_lm tpr_shadow vnmi flexpriority
bogomips	: 5586.18
clflush size	: 64
cache_alignment	: 64
address sizes	: 36 bits physical, 48 bits virtual
power management:

processor	: 1
vendor_id	: GenuineIntel
cpu family	: 6
model		: 23
model name	: Pentium(R) Dual-Core  CPU      E5500  @ 2.80GHz
stepping	: 10
cpu MHz		: 2800.000
cache size	: 2048 KB
physical id	: 0
siblings	: 2
core id		: 1
cpu cores	: 2
apicid		: 1
initial apicid	: 1
fdiv_bug	: no
hlt_bug		: no
f00f_bug	: no
coma_bug	: no
fpu		: yes
fpu_exception	: yes
cpuid level	: 13
wp		: yes
flags		: fpu vme de pse tsc msr pae mce cx8 apic mtrr pge mca cmov pat pse36 clflush dts acpi mmx fxsr sse sse2 ss ht tm pbe nx lm constant_tsc arch_perfmon pebs bts aperfmperf pni dtes64 monitor ds_cpl vmx est tm2 ssse3 cx16 xtpr pdcm xsave lahf_lm tpr_shadow vnmi flexpriority
bogomips	: 5585.92
clflush size	: 64
cache_alignment	: 64
address sizes	: 36 bits physical, 48 bits virtual
power management:



Memory: 4k page, physical 3058272k(804156k free), swap 3999736k(3964264k free)

vm_info: Java HotSpot(TM) Server VM (20.9-b04) for linux-x86 JRE (1.6.0_34-b04), built on Jul 19 2012 01:05:12 by "java_re" with gcc 3.2.1-7a (J2SE release)

time: Mon Aug 26 18:48:00 2013
elapsed time: 268 seconds

