#
# A fatal error has been detected by the Java Runtime Environment:
#
#  SIGSEGV (0xb) at pc=0xb6fe1c6e, pid=13665, tid=2404199280
#
# JRE version: 6.0_34-b04
# Java VM: Java HotSpot(TM) Server VM (20.9-b04 mixed mode linux-x86 )
# Problematic frame:
# V  [libjvm.so+0x62fc6e]  PSPromotionManager::copy_to_survivor_space(oopDesc*)+0x2e
#
# If you would like to submit a bug report, please visit:
#   http://java.sun.com/webapps/bugreport/crash.jsp
#

---------------  T H R E A D  ---------------

Current thread (0x0838dc00):  GCTaskThread [stack: 0x8f452000,0x8f4d3000] [id=13669]

siginfo:si_signo=SIGSEGV: si_errno=0, si_code=1 (SEGV_MAPERR), si_addr=0x2020202c

Registers:
EAX=0x00000000, EBX=0xaceeda30, ECX=0x20202028, EDX=0x20202020
ESP=0x8f4d2160, EBP=0x8f4d21b8, ESI=0x083dff08, EDI=0x083dff48
EIP=0xb6fe1c6e, EFLAGS=0x00210293, CR2=0x2020202c

Top of Stack: (sp=0x8f4d2160)
0x8f4d2160:   00000001 083dff08 8f4d2188 b6ca3e3c
0x8f4d2170:   083dff3c ae92ebe4 afeaf1b8 0000000c
0x8f4d2180:   0099ddf0 0a736920 00000000 0000000d
0x8f4d2190:   ae9cb8a8 00001000 ae99ad48 ae99ad48
0x8f4d21a0:   00000001 0838eb00 00000001 ae9cd524
0x8f4d21b0:   083dff08 083dff48 8f4d21e8 b6fe251c
0x8f4d21c0:   083dff08 aceeda30 00000000 00000000
0x8f4d21d0:   083dff3c 94f6c34c 00000001 083dff3c 

Instructions: (pc=0xb6fe1c6e)
0xb6fe1c4e:   d0 00 00 00 00 8b 03 89 45 cc 83 e0 03 83 f8 03
0xb6fe1c5e:   0f 84 0b 02 00 00 c6 45 cb 00 8b 53 04 8d 4a 08
0xb6fe1c6e:   8b 41 04 89 c7 c1 ff 02 85 c0 89 7d c4 0f 8e 57
0xb6fe1c7e:   05 00 00 8b 45 cc 83 f0 01 83 e0 01 84 c0 0f 84 

Register to memory mapping:

EAX=0x00000000 is an unknown value
EBX=0xaceeda30 is an unknown value
ECX=0x20202028 is an unknown value
EDX=0x20202020 is an unknown value
ESP=0x8f4d2160 is an unknown value
EBP=0x8f4d21b8 is an unknown value
ESI=0x083dff08 is an unknown value
EDI=0x083dff48 is an unknown value


Stack: [0x8f452000,0x8f4d3000],  sp=0x8f4d2160,  free space=512k
Native frames: (J=compiled Java code, j=interpreted, Vv=VM code, C=native code)
V  [libjvm.so+0x62fc6e]  PSPromotionManager::copy_to_survivor_space(oopDesc*)+0x2e
V  [libjvm.so+0x63051c]  void PSScavenge::copy_and_push_safe_barrier<oopDesc*>(PSPromotionManager*, oopDesc**)+0x9c
V  [libjvm.so+0x62fb0e]  PSPromotionManager::drain_stacks_depth(bool)+0xee
V  [libjvm.so+0x24cf6a]  CardTableExtension::scavenge_contents_parallel(ObjectStartArray*, MutableSpace*, HeapWord*, PSPromotionManager*, unsigned)+0x38a
V  [libjvm.so+0x63286a]  OldToYoungRootsTask::do_it(GCTaskManager*, unsigned)+0x3a
V  [libjvm.so+0x37a30b]  GCTaskThread::run()+0x12b
V  [libjvm.so+0x5e3f8e]  java_start(Thread*)+0x14e
C  [libpthread.so.0+0x596e]  short+0xbe


---------------  P R O C E S S  ---------------

Java Threads: ( => current thread )
  0x08b7fc00 JavaThread "CompilationUnitBuilder" [_thread_blocked, id=13683, stack(0x8deff000,0x8e000000)]
  0x8e2fa800 JavaThread "Java2D Disposer" daemon [_thread_blocked, id=13682, stack(0x8dd76000,0x8de77000)]
  0x08bbcc00 JavaThread "pool-1-thread-1" [_thread_blocked, id=13680, stack(0x8e6e2000,0x8e7e3000)]
  0x08af8800 JavaThread "Timer-0" daemon [_thread_blocked, id=13679, stack(0x8e398000,0x8e499000)]
  0x08427000 JavaThread "Low Memory Detector" daemon [_thread_blocked, id=13676, stack(0x8ecc0000,0x8edc1000)]
  0x0841bc00 JavaThread "C2 CompilerThread1" daemon [_thread_in_native, id=13675, stack(0x8edc1000,0x8ee42000)]
  0x08419c00 JavaThread "C2 CompilerThread0" daemon [_thread_blocked, id=13674, stack(0x8ee42000,0x8eec3000)]
  0x08418000 JavaThread "Signal Dispatcher" daemon [_thread_blocked, id=13673, stack(0x8eec3000,0x8efc4000)]
  0x08406400 JavaThread "Finalizer" daemon [_thread_blocked, id=13672, stack(0x8f003000,0x8f104000)]
  0x08404c00 JavaThread "Reference Handler" daemon [_thread_blocked, id=13671, stack(0x8f104000,0x8f205000)]
  0x08385400 JavaThread "main" [_thread_blocked, id=13667, stack(0xb688b000,0xb698c000)]

Other Threads:
  0x08401000 VMThread [stack: 0x8f205000,0x8f286000] [id=13670]
  0x08429000 WatcherThread [stack: 0x8ec3f000,0x8ecc0000] [id=13677]

=>0x0838dc00 (exited) GCTaskThread [stack: 0x8f452000,0x8f4d3000] [id=13669]

VM state:at safepoint (normal execution)

VM Mutex/Monitor currently owned by a thread:  ([mutex/lock_event])
[0x08383050] Threads_lock - owner thread: 0x08401000
[0x08383460] Heap_lock - owner thread: 0x08385400

Heap
 PSYoungGen      total 86784K, used 86729K [0xa8ca0000, 0xb0820000, 0xb3740000)
  eden space 73856K, 100% used [0xa8ca0000,0xad4c0000,0xad4c0000)
  from space 12928K, 99% used [0xafb80000,0xb0812530,0xb0820000)
  to   space 19328K, 60% used [0xae260000,0xaeddf8a8,0xaf540000)
 PSOldGen        total 60928K, used 28439K [0x93740000, 0x972c0000, 0xa8ca0000)
  object space 60928K, 46% used [0x93740000,0x95305f98,0x972c0000)
 PSPermGen       total 22272K, used 11098K [0x8f740000, 0x90d00000, 0x93740000)
  object space 22272K, 49% used [0x8f740000,0x90216978,0x90d00000)

Code Cache  [0xb3804000, 0xb3a44000, 0xb6804000)
 total_blobs=508 nmethods=367 adapters=95 free_code_cache=49032064 largest_free_block=8896

Dynamic libraries:
08048000-08052000 r-xp 00000000 08:07 6995       /usr/lib/jvm/jdk1.6.0_34/jre/bin/java
08052000-08053000 rwxp 00009000 08:07 6995       /usr/lib/jvm/jdk1.6.0_34/jre/bin/java
08370000-09989000 rwxp 00000000 00:00 0          [heap]
8d300000-8d4fd000 rwxp 00000000 00:00 0 
8d4fd000-8d500000 ---p 00000000 00:00 0 
8d500000-8d5fe000 rwxp 00000000 00:00 0 
8d5fe000-8d600000 ---p 00000000 00:00 0 
8d600000-8d6f9000 rwxp 00000000 00:00 0 
8d6f9000-8d700000 ---p 00000000 00:00 0 
8d700000-8d7ff000 rwxp 00000000 00:00 0 
8d7ff000-8d800000 ---p 00000000 00:00 0 
8d800000-8d8f2000 rwxp 00000000 00:00 0 
8d8f2000-8d900000 ---p 00000000 00:00 0 
8d900000-8d9fa000 rwxp 00000000 00:00 0 
8d9fa000-8da00000 ---p 00000000 00:00 0 
8da00000-8daf5000 rwxp 00000000 00:00 0 
8daf5000-8db00000 ---p 00000000 00:00 0 
8db00000-8dbf9000 rwxp 00000000 00:00 0 
8dbf9000-8dc00000 ---p 00000000 00:00 0 
8dcfa000-8dd00000 r-xs 00000000 08:01 130880     /var/cache/fontconfig/945677eb7aeaf62f1d50efc3fb3ec7d8-le32d4.cache-3
8dd76000-8dd79000 ---p 00000000 00:00 0 
8dd79000-8de77000 rwxp 00000000 00:00 0 
8de77000-8def0000 r-xp 00000000 08:07 7097       /usr/lib/jvm/jdk1.6.0_34/jre/lib/i386/libfontmanager.so
8def0000-8defa000 rwxp 00078000 08:07 7097       /usr/lib/jvm/jdk1.6.0_34/jre/lib/i386/libfontmanager.so
8defa000-8deff000 rwxp 00000000 00:00 0 
8deff000-8df02000 ---p 00000000 00:00 0 
8df02000-8e000000 rwxp 00000000 00:00 0 
8e000000-8e0fd000 rwxp 00000000 00:00 0 
8e0fd000-8e100000 ---p 00000000 00:00 0 
8e102000-8e104000 r-xs 00000000 08:01 130881     /var/cache/fontconfig/99e8ed0e538f840c565b6ed5dad60d56-le32d4.cache-3
8e104000-8e107000 r-xs 00000000 08:01 130890     /var/cache/fontconfig/e383d7ea5fbe662a33d9b44caf393297-le32d4.cache-3
8e107000-8e10d000 r-xs 00000000 08:01 155730     /var/cache/fontconfig/401a5dd6b567794a1d18dd9342dfa604-le32d4.cache-3
8e10d000-8e10e000 r-xs 00000000 08:01 130891     /var/cache/fontconfig/e7071f4a29fa870f4323321c154eba04-le32d4.cache-3
8e10e000-8e111000 r-xs 00000000 08:01 130877     /var/cache/fontconfig/6eb3985aa4124903f6ff08ba781cd364-le32d4.cache-3
8e111000-8e112000 r-xs 00000000 08:01 130873     /var/cache/fontconfig/4c73fe0c47614734b17d736dbde7580a-le32d4.cache-3
8e112000-8e113000 r-xs 00000000 08:01 130867     /var/cache/fontconfig/0d8c3b2ac0904cb8a57a757ad11a4a08-le32d4.cache-3
8e113000-8e114000 r-xs 00000000 08:01 130875     /var/cache/fontconfig/6a53c69dea097a2d716e069445527da8-le32d4.cache-3
8e114000-8e118000 r-xs 00000000 08:01 130882     /var/cache/fontconfig/a755afe4a08bf5b97852ceb7400b47bc-le32d4.cache-3
8e118000-8e11c000 r-xs 00000000 08:01 155695     /var/cache/fontconfig/515ca1ebc4b18308bea979be5704f9db-le32d4.cache-3
8e11c000-8e11f000 r-xs 00000000 08:01 130876     /var/cache/fontconfig/6d41288fd70b0be22e8c3a91e032eec0-le32d4.cache-3
8e11f000-8e12a000 r-xs 00000000 08:01 130868     /var/cache/fontconfig/0f34bcd4b6ee430af32735b75db7f02b-le32d4.cache-3
8e12a000-8e12d000 r-xs 00000000 08:01 130887     /var/cache/fontconfig/d60319d88cac85ba9e1a07bd06cfbb8c-le32d4.cache-3
8e12d000-8e12e000 r-xs 00000000 08:01 130871     /var/cache/fontconfig/4794a0821666d79190d59a36cb4f44b5-le32d4.cache-3
8e12e000-8e150000 r-xs 00000000 08:01 155788     /var/cache/fontconfig/365b55f210c0a22e9a19e35191240f32-le32d4.cache-3
8e150000-8e1d5000 r-xp 00000000 08:07 7055       /usr/lib/jvm/jdk1.6.0_34/jre/lib/i386/libawt.so
8e1d5000-8e1dc000 rwxp 00085000 08:07 7055       /usr/lib/jvm/jdk1.6.0_34/jre/lib/i386/libawt.so
8e1dc000-8e200000 rwxp 00000000 00:00 0 
8e200000-8e2fb000 rwxp 00000000 00:00 0 
8e2fb000-8e300000 ---p 00000000 00:00 0 
8e372000-8e37a000 r-xs 00000000 08:01 130886     /var/cache/fontconfig/d52a8644073d54c13679302ca1180695-le32d4.cache-3
8e37a000-8e37c000 r-xs 00000000 08:01 130892     /var/cache/fontconfig/e13b20fdb08344e0e664864cc2ede53d-le32d4.cache-3
8e37c000-8e37f000 r-xs 00000000 08:01 155725     /var/cache/fontconfig/7ef2298fde41cc6eeb7af42e48b7d293-le32d4.cache-3
8e37f000-8e384000 r-xp 00000000 08:07 7100       /usr/lib/jvm/jdk1.6.0_34/jre/lib/i386/headless/libmawt.so
8e384000-8e385000 rwxp 00004000 08:07 7100       /usr/lib/jvm/jdk1.6.0_34/jre/lib/i386/headless/libmawt.so
8e385000-8e38b000 r-xp 00000000 08:07 7087       /usr/lib/jvm/jdk1.6.0_34/jre/lib/i386/libmanagement.so
8e38b000-8e38c000 rwxp 00005000 08:07 7087       /usr/lib/jvm/jdk1.6.0_34/jre/lib/i386/libmanagement.so
8e38c000-8e38e000 r-xs 00001000 08:07 7039       /usr/lib/jvm/jdk1.6.0_34/jre/lib/ext/dnsns.jar
8e38e000-8e392000 r-xs 00035000 08:07 7036       /usr/lib/jvm/jdk1.6.0_34/jre/lib/ext/sunpkcs11.jar
8e392000-8e395000 r-xs 00027000 08:07 7037       /usr/lib/jvm/jdk1.6.0_34/jre/lib/ext/sunjce_provider.jar
8e395000-8e398000 r-xs 000cc000 08:07 7038       /usr/lib/jvm/jdk1.6.0_34/jre/lib/ext/localedata.jar
8e398000-8e39b000 ---p 00000000 00:00 0 
8e39b000-8e499000 rwxp 00000000 00:00 0 
8e499000-8e49c000 r-xs 00024000 08:05 787598     /home/rajkirans/.m2/repository/commons-io/commons-io/2.0.1/commons-io-2.0.1.jar
8e49c000-8e4ab000 r-xs 000b3000 08:05 787593     /home/rajkirans/.m2/repository/freemarker/freemarker/2.3.6/freemarker-2.3.6.jar
8e4ab000-8e4b4000 r-xs 00055000 08:05 4587854    /home/rajkirans/.m2/repository/org/springframework/spring-core/3.0.5.RELEASE/spring-core-3.0.5.RELEASE.jar
8e4b4000-8e4b7000 r-xs 00014000 08:05 4591163    /home/rajkirans/.m2/repository/commons-validator/commons-validator/1.2.0/commons-validator-1.2.0.jar
8e4b7000-8e4b8000 r-xs 00003000 08:05 787585     /home/rajkirans/.m2/repository/org/apache/maven/doxia/doxia-module-xhtml/1.1.4/doxia-module-xhtml-1.1.4.jar
8e4b8000-8e4ba000 r-xs 0000b000 08:05 787584     /home/rajkirans/.m2/repository/org/apache/maven/doxia/doxia-decoration-model/1.1.4/doxia-decoration-model-1.1.4.jar
8e4ba000-8e4bc000 r-xs 0000b000 08:05 787582     /home/rajkirans/.m2/repository/org/apache/maven/doxia/doxia-site-renderer/1.1.4/doxia-site-renderer-1.1.4.jar
8e4bc000-8e4be000 r-xs 00003000 08:05 4591161    /home/rajkirans/.m2/repository/org/apache/maven/reporting/maven-reporting-impl/2.1/maven-reporting-impl-2.1.jar
8e4be000-8e4c0000 r-xs 00002000 08:05 4459109    /home/rajkirans/.m2/repository/org/apache/maven/maven-plugin-api/2.0.9/maven-plugin-api-2.0.9.jar
8e4c0000-8e4c2000 r-xs 00006000 08:05 4587871    /home/rajkirans/.m2/repository/org/apache/maven/maven-plugin-registry/2.0.10/maven-plugin-registry-2.0.10.jar
8e4c2000-8e4c4000 r-xs 0000a000 08:05 787949     /home/rajkirans/.m2/repository/org/apache/maven/wagon/wagon-provider-api/1.0-beta-2/wagon-provider-api-1.0-beta-2.jar
8e4c4000-8e4c6000 r-xs 00005000 08:05 4587867    /home/rajkirans/.m2/repository/org/apache/maven/maven-repository-metadata/2.0.10/maven-repository-metadata-2.0.10.jar
8e4c6000-8e4c8000 r-xs 0000d000 08:05 4587865    /home/rajkirans/.m2/repository/org/apache/maven/maven-artifact-manager/2.0.10/maven-artifact-manager-2.0.10.jar
8e4c8000-8e4ca000 r-xs 00008000 08:05 4587863    /home/rajkirans/.m2/repository/org/apache/maven/maven-profile/2.0.10/maven-profile-2.0.10.jar
8e4ca000-8e4cc000 r-xs 0000b000 08:05 4587862    /home/rajkirans/.m2/repository/org/apache/maven/maven-settings/2.0.10/maven-settings-2.0.10.jar
8e4cc000-8e4cf000 r-xs 0001b000 08:05 4459106    /home/rajkirans/.m2/repository/org/apache/maven/maven-project/2.0.9/maven-project-2.0.9.jar
8e4cf000-8e4d3000 r-xs 0002b000 08:05 4722940    /home/rajkirans/.m2/repository/com/vaadin/vaadin-maven-plugin/7.0.2/vaadin-maven-plugin-7.0.2.jar
8e4d3000-8e4d4000 r-xs 00002000 08:05 4591151    /home/rajkirans/.m2/repository/org/codehaus/plexus/plexus-i18n/1.0-beta-7/plexus-i18n-1.0-beta-7.jar
8e4d4000-8e4d7000 r-xs 00023000 08:05 787602     /home/rajkirans/.m2/repository/org/jdom/jdom/1.1/jdom-1.1.jar
8e4d7000-8e4dd000 r-xs 0003c000 08:05 787596     /home/rajkirans/.m2/repository/org/apache/maven/surefire/surefire-booter/2.4.3/surefire-booter-2.4.3.jar
8e4dd000-8e4e1000 r-xs 00023000 08:05 4591135    /home/rajkirans/.m2/repository/org/apache/maven/doxia/doxia-core/1.1.2/doxia-core-1.1.2.jar
8e4e1000-8e4e3000 r-xs 00008000 08:05 787588     /home/rajkirans/.m2/repository/org/apache/maven/doxia/doxia-module-fml/1.1.4/doxia-module-fml-1.1.4.jar
8e4e3000-8e4e4000 r-xs 0000c000 08:05 4587855    /home/rajkirans/.m2/repository/org/springframework/spring-asm/3.0.5.RELEASE/spring-asm-3.0.5.RELEASE.jar
8e4e4000-8e4e8000 r-xs 00028000 08:05 787590     /home/rajkirans/.m2/repository/com/thoughtworks/qdox/qdox/1.12/qdox-1.12.jar
8e4e8000-8e4f3000 r-xs 00074000 08:05 4598076    /home/rajkirans/.m2/repository/velocity/velocity-dep/1.4/velocity-dep-1.4.jar
8e4f3000-8e4fb000 r-xs 00051000 08:05 4598075    /home/rajkirans/.m2/repository/velocity/velocity/1.4/velocity-1.4.jar
8e4fb000-8e4fc000 r-xs 00001000 08:05 4591154    /home/rajkirans/.m2/repository/org/codehaus/plexus/plexus-velocity/1.1.7/plexus-velocity-1.1.7.jar
8e4fc000-8e4fe000 r-xs 00009000 08:05 787945     /home/rajkirans/.m2/repository/org/codehaus/plexus/plexus-classworlds/1.2-alpha-6/plexus-classworlds-1.2-alpha-6.jar
8e4fe000-8e500000 r-xs 00006000 08:05 787944     /home/rajkirans/.m2/repository/org/codehaus/plexus/plexus-component-api/1.0-alpha-15/plexus-component-api-1.0-alpha-15.jar
8e500000-8e506000 r-xs 00045000 08:05 4591144    /home/rajkirans/.m2/repository/commons-httpclient/commons-httpclient/3.1/commons-httpclient-3.1.jar
8e506000-8e50b000 r-xs 00040000 08:05 787601     /home/rajkirans/.m2/repository/commons-lang/commons-lang/2.5/commons-lang-2.5.jar
8e50b000-8e513000 r-xs 00058000 08:05 4591155    /home/rajkirans/.m2/repository/org/apache/velocity/velocity/1.5/velocity-1.5.jar
8e513000-8e51c000 r-xs 00075000 08:05 787597     /home/rajkirans/.m2/repository/org/apache/maven/surefire/surefire-api/2.4.3/surefire-api-2.4.3.jar
8e51c000-8e52e000 r-xs 00245000 08:05 787615     /home/rajkirans/.m2/repository/com/ibm/icu/icu4j/2.6.1/icu4j-2.6.1.jar
8e52e000-8e553000 r-xs 002dc000 08:05 787612     /home/rajkirans/.m2/repository/xalan/xalan/2.6.0/xalan-2.6.0.jar
8e553000-8e556000 r-xs 00018000 08:05 787608     /home/rajkirans/.m2/repository/xom/xom/1.0/xom-1.0.jar
8e556000-8e56e000 r-xs 00115000 08:05 787621     /home/rajkirans/.m2/repository/xerces/xercesImpl/2.9.1/xercesImpl-2.9.1.jar
8e56e000-8e571000 r-xs 00023000 08:05 787607     /home/rajkirans/.m2/repository/jdom/jdom/1.0/jdom-1.0.jar
8e571000-8e576000 r-xs 00048000 08:05 4594365    /home/rajkirans/.m2/repository/dom4j/dom4j/1.6.1/dom4j-1.6.1.jar
8e576000-8e57c000 r-xs 00032000 08:05 787606     /home/rajkirans/.m2/repository/jaxen/jaxen/1.1.1/jaxen-1.1.1.jar
8e57c000-8e586000 r-xs 00079000 08:05 787616     /home/rajkirans/.m2/repository/org/apache/bcel/bcel/5.2/bcel-5.2.jar
8e586000-8e587000 r-xs 00006000 08:05 787618     /home/rajkirans/.m2/repository/jakarta-regexp/jakarta-regexp/1.4/jakarta-regexp-1.4.jar
8e587000-8e588000 r-xs 00002000 08:05 4598056    /home/rajkirans/.m2/repository/org/codehaus/plexus/plexus-io/1.0-alpha-1/plexus-io-1.0-alpha-1.jar
8e588000-8e58c000 r-xs 00023000 08:05 4598040    /home/rajkirans/.m2/repository/org/codehaus/plexus/plexus-archiver/1.0-alpha-9/plexus-archiver-1.0-alpha-9.jar
8e58c000-8e58f000 r-xs 00013000 08:05 4459100    /home/rajkirans/.m2/repository/org/apache/maven/maven-model/2.0.6/maven-model-2.0.6.jar
8e58f000-8e593000 r-xs 00012000 08:05 4459099    /home/rajkirans/.m2/repository/org/apache/maven/maven-artifact/2.0.6/maven-artifact-2.0.6.jar
8e593000-8e594000 r-xs 00004000 08:05 4462989    /home/rajkirans/.m2/repository/org/apache/maven/maven-archiver/2.4.1/maven-archiver-2.4.1.jar
8e594000-8e596000 r-xs 00002000 08:05 787580     /home/rajkirans/.m2/repository/org/apache/maven/doxia/doxia-sink-api/1.1.4/doxia-sink-api-1.1.4.jar
8e596000-8e597000 r-xs 00002000 08:05 4587852    /home/rajkirans/.m2/repository/org/apache/maven/reporting/maven-reporting-api/3.0/maven-reporting-api-3.0.jar
8e597000-8e599000 r-xs 0000d000 08:05 4462427    /home/rajkirans/.m2/repository/org/codehaus/plexus/plexus-interpolation/1.13/plexus-interpolation-1.13.jar
8e599000-8e59a000 r-xs 00002000 08:05 787583     /home/rajkirans/.m2/repository/org/apache/maven/doxia/doxia-logging-api/1.1.4/doxia-logging-api-1.1.4.jar
8e59a000-8e5a0000 r-xs 00034000 08:05 787595     /home/rajkirans/.m2/repository/junit/junit/4.8.1/junit-4.8.1.jar
8e5a0000-8e5a7000 r-xs 00029000 08:05 4459101    /home/rajkirans/.m2/repository/org/codehaus/plexus/plexus-container-default/1.0-alpha-8/plexus-container-default-1.0-alpha-8.jar
8e5a7000-8e5a8000 r-xs 00004000 08:05 4462736    /home/rajkirans/.m2/repository/org/codehaus/plexus/plexus-compiler-api/1.5.3/plexus-compiler-api-1.5.3.jar
8e5a8000-8e5ac000 r-xs 00033000 08:05 4462194    /home/rajkirans/.m2/repository/org/codehaus/plexus/plexus-utils/2.0.5/plexus-utils-2.0.5.jar
8e5ac000-8e5ad000 r-xs 00003000 08:05 4462734    /home/rajkirans/.m2/repository/org/codehaus/plexus/plexus-compiler-javac/1.5.3/plexus-compiler-javac-1.5.3.jar
8e5ad000-8e5af000 r-xs 0000e000 08:05 4591157    /home/rajkirans/.m2/repository/oro/oro/2.0.8/oro-2.0.8.jar
8e5af000-8e5b7000 r-xs 00028000 08:05 4589113    /home/rajkirans/.m2/repository/xml-apis/xml-apis/1.3.02/xml-apis-1.3.02.jar
8e5b7000-8e5c4000 r-xs 0007f000 08:05 4591160    /home/rajkirans/.m2/repository/commons-collections/commons-collections/3.2/commons-collections-3.2.jar
8e5c4000-8e5c9000 r-xs 0002a000 08:05 4591168    /home/rajkirans/.m2/repository/commons-beanutils/commons-beanutils/1.7.0/commons-beanutils-1.7.0.jar
8e5c9000-8e5cd000 r-xs 00026000 08:05 4591170    /home/rajkirans/.m2/repository/commons-digester/commons-digester/1.6/commons-digester-1.6.jar
8e5cd000-8e5d3000 r-xs 00019000 08:05 787610     /home/rajkirans/.m2/repository/xerces/xmlParserAPIs/2.6.2/xmlParserAPIs-2.6.2.jar
8e5d3000-8e5d4000 r-xs 00006000 08:05 4597562    /home/rajkirans/.m2/repository/org/codehaus/jackson/jackson-xc/1.9.2/jackson-xc-1.9.2.jar
8e5d4000-8e5d5000 r-xs 00004000 08:05 4597563    /home/rajkirans/.m2/repository/org/codehaus/jackson/jackson-jaxrs/1.9.2/jackson-jaxrs-1.9.2.jar
8e5d5000-8e5e3000 r-xs 000ad000 08:05 4597564    /home/rajkirans/.m2/repository/org/codehaus/jackson/jackson-mapper-asl/1.9.2/jackson-mapper-asl-1.9.2.jar
8e5e3000-8e5e7000 r-xs 00034000 08:05 4596750    /home/rajkirans/.m2/repository/org/codehaus/jackson/jackson-core-asl/1.9.2/jackson-core-asl-1.9.2.jar
8e5e7000-8e5e9000 r-xs 00004000 08:05 4597644    /home/rajkirans/.m2/repository/javax/xml/stream/stax-api/1.0-2/stax-api-1.0-2.jar
8e5e9000-8e5ec000 r-xs 00017000 08:05 4596687    /home/rajkirans/.m2/repository/javax/xml/bind/jaxb-api/2.2.2/jaxb-api-2.2.2.jar
8e5ec000-8e5ff000 r-xs 000c7000 08:05 4597622    /home/rajkirans/.m2/repository/com/sun/xml/bind/jaxb-impl/2.2.3-1/jaxb-impl-2.2.3-1.jar
8e5ff000-8e601000 r-xs 0000f000 08:05 4597658    /home/rajkirans/.m2/repository/org/codehaus/jettison/jettison/1.1/jettison-1.1.jar
8e601000-8e605000 r-xs 00024000 08:05 4597651    /home/rajkirans/.m2/repository/com/sun/jersey/jersey-json/1.17.1/jersey-json-1.17.1.jar
8e605000-8e610000 r-xs 00068000 08:05 4597638    /home/rajkirans/.m2/repository/com/sun/jersey/jersey-core/1.17.1/jersey-core-1.17.1.jar
8e610000-8e613000 r-xs 0001d000 08:05 4597642    /home/rajkirans/.m2/repository/com/sun/jersey/jersey-client/1.17.1/jersey-client-1.17.1.jar
8e613000-8e615000 r-xs 0000e000 08:05 4587850    /home/rajkirans/.m2/repository/javax/activation/activation/1.1/activation-1.1.jar
8e615000-8e61b000 r-xs 00059000 08:05 787388     /home/rajkirans/.m2/repository/javax/mail/mail/1.4/mail-1.4.jar
8e61b000-8e61d000 r-xs 00006000 08:05 787385     /home/rajkirans/.m2/repository/com/google/code/findbugs/jsr305/1.3.7/jsr305-1.3.7.jar
8e61d000-8e620000 r-xs 0001b000 08:05 787384     /home/rajkirans/.m2/repository/xpp3/xpp3/1.1.4c/xpp3-1.1.4c.jar
8e620000-8e625000 r-xs 00026000 08:05 787379     /home/rajkirans/.m2/repository/org/apache/httpcomponents/httpcore/4.0.1/httpcore-4.0.1.jar
8e625000-8e62c000 r-xs 00041000 08:05 787380     /home/rajkirans/.m2/repository/org/apache/httpcomponents/httpclient/4.0.3/httpclient-4.0.3.jar
8e62c000-8e631000 r-xs 0002e000 08:05 787378     /home/rajkirans/.m2/repository/com/google/http-client/google-http-client/1.11.0-beta/google-http-client-1.11.0-beta.jar
8e631000-8e633000 r-xs 0000c000 08:05 787376     /home/rajkirans/.m2/repository/com/google/oauth-client/google-oauth-client/1.11.0-beta/google-oauth-client-1.11.0-beta.jar
8e633000-8e635000 r-xs 00001000 08:05 787374     /home/rajkirans/.m2/repository/com/google/oauth-client/google-oauth-client-java6/1.11.0-beta/google-oauth-client-java6-1.11.0-beta.jar
8e635000-8e636000 r-xs 00001000 08:05 787372     /home/rajkirans/.m2/repository/com/google/oauth-client/google-oauth-client-jetty/1.11.0-beta/google-oauth-client-jetty-1.11.0-beta.jar
8e636000-8e65a000 r-xs 001aa000 08:05 787368     /home/rajkirans/.m2/repository/com/google/guava/guava/13.0.1/guava-13.0.1.jar
8e65a000-8e689000 r-xs 00215000 08:05 787367     /home/rajkirans/.m2/repository/com/google/gdata/core/1.47.1/core-1.47.1.jar
8e689000-8e68a000 r-xs 00001000 08:05 787226     /home/rajkirans/.m2/repository/org/vaadin/addons/cssinject/2.0.3/cssinject-2.0.3.jar
8e68a000-8e68f000 r-xs 0002a000 08:05 787364     /home/rajkirans/.m2/repository/com/google/code/gson/gson/2.2/gson-2.2.jar
8e68f000-8e69c000 r-xs 000c4000 08:05 787224     /home/rajkirans/.m2/repository/com/vaadin/addon/vaadin-charts/1.0.0/vaadin-charts-1.0.0.jar
8e69c000-8e6a2000 r-xs 0003f000 08:05 787225     /home/rajkirans/.m2/repository/com/vaadin/addon/vaadin-calendar-cval-2.0/2.0.0.beta3/vaadin-calendar-cval-2.0-2.0.0.beta3.jar
8e6a2000-8e6a4000 r-xs 00009000 08:05 4591724    /home/rajkirans/.m2/repository/commons-cli/commons-cli/1.2/commons-cli-1.2.jar
8e6a4000-8e6aa000 r-xs 0003c000 08:05 4591741    /home/rajkirans/.m2/repository/org/apache/commons/commons-jexl/2.1.1/commons-jexl-2.1.1.jar
8e6aa000-8e6af000 r-xs 00063000 08:05 787340     /home/rajkirans/.m2/repository/com/vaadin/vaadin-theme-compiler/7.0.2/vaadin-theme-compiler-7.0.2.jar
8e6af000-8e6b1000 r-xs 0000d000 08:05 4594261    /home/rajkirans/.m2/repository/commons-logging/commons-logging/1.1.1/commons-logging-1.1.1.jar
8e6b1000-8e6b8000 r-xs 0004e000 08:05 787363     /home/rajkirans/.m2/repository/org/apache/james/apache-mime4j/0.6/apache-mime4j-0.6.jar
8e6b8000-8e6bc000 r-xs 00024000 08:05 787353     /home/rajkirans/.m2/repository/org/mortbay/jetty/jetty-util/6.1.11/jetty-util-6.1.11.jar
8e6bc000-8e6bf000 r-xs 0001e000 08:05 787354     /home/rajkirans/.m2/repository/org/mortbay/jetty/servlet-api-2.5/6.1.11/servlet-api-2.5-6.1.11.jar
8e6bf000-8e6c6000 r-xs 00074000 08:05 787349     /home/rajkirans/.m2/repository/org/mortbay/jetty/jetty/6.1.11/jetty-6.1.11.jar
8e6c6000-8e6d5000 r-xs 000ee000 08:05 787347     /home/rajkirans/.m2/repository/ant/ant/1.6.5/ant-1.6.5.jar
8e6d5000-8e6e2000 r-xs 0007c000 08:05 4594383    /home/rajkirans/.m2/repository/commons-collections/commons-collections/3.1/commons-collections-3.1.jar
8e6e2000-8e6e5000 ---p 00000000 00:00 0 
8e6e5000-8e80d000 rwxp 00000000 00:00 0 
8e80d000-8e96a000 r-xs 01869000 08:05 787337     /home/rajkirans/.m2/repository/com/vaadin/vaadin-client-compiler/7.0.2/vaadin-client-compiler-7.0.2.jar
8e96a000-8e96c000 r-xs 0000e000 08:05 787345     /home/rajkirans/.m2/repository/javax/validation/validation-api/1.0.0.GA/validation-api-1.0.0.GA-sources.jar
8e96c000-8e96f000 r-xs 00009000 08:05 787346     /home/rajkirans/.m2/repository/javax/validation/validation-api/1.0.0.GA/validation-api-1.0.0.GA.jar
8e96f000-8e970000 r-xs 00003000 08:05 4591742    /home/rajkirans/.m2/repository/org/w3c/css/sac/1.3/sac-1.3.jar
8e970000-8e992000 rwxp 00000000 00:00 0 
8e992000-8eaaa000 r-xs 00dc4000 08:05 787335     /home/rajkirans/.m2/repository/com/vaadin/vaadin-client/7.0.2/vaadin-client-7.0.2.jar
8eaaa000-8ead0000 r-xs 00184000 08:05 4591752    /home/rajkirans/.m2/repository/com/vaadin/vaadin-shared-deps/1.0.2/vaadin-shared-deps-1.0.2.jar
8ead0000-8eb00000 r-xs 001b7000 08:05 787333     /home/rajkirans/.m2/repository/com/vaadin/vaadin-shared/7.0.2/vaadin-shared-7.0.2.jar
8eb00000-8ec00000 rwxp 00000000 00:00 0 
8ec01000-8ec06000 r-xs 00041000 08:05 787362     /home/rajkirans/.m2/repository/commons-lang/commons-lang/2.6/commons-lang-2.6.jar
8ec06000-8ec1a000 r-xs 000c8000 08:05 787332     /home/rajkirans/.m2/repository/com/vaadin/vaadin-themes/7.0.2/vaadin-themes-7.0.2.jar
8ec1a000-8ec3f000 r-xs 0025d000 08:05 787334     /home/rajkirans/.m2/repository/com/vaadin/vaadin-server/7.0.2/vaadin-server-7.0.2.jar
8ec3f000-8ec40000 ---p 00000000 00:00 0 
8ec40000-8ecc0000 rwxp 00000000 00:00 0 
8ecc0000-8ecc3000 ---p 00000000 00:00 0 
8ecc3000-8edc1000 rwxp 00000000 00:00 0 
8edc1000-8edc4000 ---p 00000000 00:00 0 
8edc4000-8ee42000 rwxp 00000000 00:00 0 
8ee42000-8ee45000 ---p 00000000 00:00 0 
8ee45000-8eec3000 rwxp 00000000 00:00 0 
8eec3000-8eec6000 ---p 00000000 00:00 0 
8eec6000-8efc4000 rwxp 00000000 00:00 0 
8efc4000-8f003000 r-xp 00000000 08:07 1844312    /usr/lib/locale/en_IN/LC_CTYPE
8f003000-8f006000 ---p 00000000 00:00 0 
8f006000-8f104000 rwxp 00000000 00:00 0 
8f104000-8f107000 ---p 00000000 00:00 0 
8f107000-8f205000 rwxp 00000000 00:00 0 
8f205000-8f206000 ---p 00000000 00:00 0 
8f206000-8f2ba000 rwxp 00000000 00:00 0 
8f2ba000-8f452000 r-xs 0307a000 08:07 7102       /usr/lib/jvm/jdk1.6.0_34/jre/lib/rt.jar
8f452000-8f453000 ---p 00000000 00:00 0 
8f453000-8f4d3000 rwxp 00000000 00:00 0          [threadstack:0007f494]
8f4d3000-8f4d4000 ---p 00000000 00:00 0 
8f4d4000-8f55f000 rwxp 00000000 00:00 0 
8f55f000-8f574000 rwxp 00000000 00:00 0 
8f574000-8f592000 rwxp 00000000 00:00 0 
8f592000-8f61f000 rwxp 00000000 00:00 0 
8f61f000-8f62a000 rwxp 00000000 00:00 0 
8f62a000-8f63f000 rwxp 00000000 00:00 0 
8f63f000-8f65d000 rwxp 00000000 00:00 0 
8f65d000-8f6e9000 rwxp 00000000 00:00 0 
8f6e9000-8f728000 rwxp 00000000 00:00 0 
8f728000-8f72a000 ---p 00000000 00:00 0 
8f72a000-8f73f000 rwxp 00000000 00:00 0 
8f73f000-90d00000 rwxp 00000000 00:00 0 
90d00000-93740000 rwxp 00000000 00:00 0 
93740000-972c0000 rwxp 00000000 00:00 0 
972c0000-a8ca0000 rwxp 00000000 00:00 0 
a8ca0000-b0820000 rwxp 00000000 00:00 0 
b0820000-b0ce0000 ---p 00000000 00:00 0 
b0ce0000-b3740000 rwxp 00000000 00:00 0 
b3740000-b3741000 r-xs 00000000 08:01 155729     /var/cache/fontconfig/26de28bc8622bbc1fb67fd234c21975f-le32d4.cache-3
b3741000-b3744000 r-xs 00018000 08:05 787360     /home/rajkirans/.m2/repository/commons-io/commons-io/1.4/commons-io-1.4.jar
b3744000-b374d000 rwxp 00000000 00:00 0 
b374d000-b3804000 rwxp 00000000 00:00 0 
b3804000-b3a44000 rwxp 00000000 00:00 0 
b3a44000-b6804000 rwxp 00000000 00:00 0 
b6804000-b6813000 r-xp 00000000 08:07 7071       /usr/lib/jvm/jdk1.6.0_34/jre/lib/i386/libzip.so
b6813000-b6815000 rwxp 0000e000 08:07 7071       /usr/lib/jvm/jdk1.6.0_34/jre/lib/i386/libzip.so
b6815000-b681f000 r-xp 00000000 08:01 1312598    /lib/tls/i686/cmov/libnss_files-2.11.1.so
b681f000-b6820000 r-xp 00009000 08:01 1312598    /lib/tls/i686/cmov/libnss_files-2.11.1.so
b6820000-b6821000 rwxp 0000a000 08:01 1312598    /lib/tls/i686/cmov/libnss_files-2.11.1.so
b6821000-b6829000 r-xp 00000000 08:01 1312602    /lib/tls/i686/cmov/libnss_nis-2.11.1.so
b6829000-b682a000 r-xp 00007000 08:01 1312602    /lib/tls/i686/cmov/libnss_nis-2.11.1.so
b682a000-b682b000 rwxp 00008000 08:01 1312602    /lib/tls/i686/cmov/libnss_nis-2.11.1.so
b682b000-b6831000 r-xp 00000000 08:01 1312594    /lib/tls/i686/cmov/libnss_compat-2.11.1.so
b6831000-b6832000 r-xp 00006000 08:01 1312594    /lib/tls/i686/cmov/libnss_compat-2.11.1.so
b6832000-b6833000 rwxp 00007000 08:01 1312594    /lib/tls/i686/cmov/libnss_compat-2.11.1.so
b6833000-b6846000 r-xp 00000000 08:01 1312592    /lib/tls/i686/cmov/libnsl-2.11.1.so
b6846000-b6847000 r-xp 00012000 08:01 1312592    /lib/tls/i686/cmov/libnsl-2.11.1.so
b6847000-b6848000 rwxp 00013000 08:01 1312592    /lib/tls/i686/cmov/libnsl-2.11.1.so
b6848000-b684a000 rwxp 00000000 00:00 0 
b684a000-b684b000 r-xs 00000000 08:01 130883     /var/cache/fontconfig/c05880de57d1f5e948fdfacc138775d9-le32d4.cache-3
b684b000-b684d000 r-xs 0000a000 08:05 787357     /home/rajkirans/.m2/repository/commons-codec/commons-codec/1.3/commons-codec-1.3.jar
b684d000-b684e000 r-xs 00002000 08:05 787355     /home/rajkirans/.m2/repository/org/jdesktop/swing-worker/1.1/swing-worker-1.1.jar
b684e000-b6854000 r-xs 0003e000 08:05 4591750    /home/rajkirans/.m2/repository/org/jsoup/jsoup/1.6.3/jsoup-1.6.3.jar
b6854000-b685c000 rwxs 00000000 08:01 1572930    /tmp/hsperfdata_rajkirans/13665
b685c000-b6880000 r-xp 00000000 08:07 7076       /usr/lib/jvm/jdk1.6.0_34/jre/lib/i386/libjava.so
b6880000-b6882000 rwxp 00023000 08:07 7076       /usr/lib/jvm/jdk1.6.0_34/jre/lib/i386/libjava.so
b6882000-b6889000 r-xp 00000000 08:01 1312611    /lib/tls/i686/cmov/librt-2.11.1.so
b6889000-b688a000 r-xp 00006000 08:01 1312611    /lib/tls/i686/cmov/librt-2.11.1.so
b688a000-b688b000 rwxp 00007000 08:01 1312611    /lib/tls/i686/cmov/librt-2.11.1.so
b688b000-b688e000 ---p 00000000 00:00 0 
b688e000-b698c000 rwxp 00000000 00:00 0 
b698c000-b69b0000 r-xp 00000000 08:01 1312589    /lib/tls/i686/cmov/libm-2.11.1.so
b69b0000-b69b1000 r-xp 00023000 08:01 1312589    /lib/tls/i686/cmov/libm-2.11.1.so
b69b1000-b69b2000 rwxp 00024000 08:01 1312589    /lib/tls/i686/cmov/libm-2.11.1.so
b69b2000-b7166000 r-xp 00000000 08:07 7053       /usr/lib/jvm/jdk1.6.0_34/jre/lib/i386/server/libjvm.so
b7166000-b71ba000 rwxp 007b4000 08:07 7053       /usr/lib/jvm/jdk1.6.0_34/jre/lib/i386/server/libjvm.so
b71ba000-b75d9000 rwxp 00000000 00:00 0 
b75d9000-b772c000 r-xp 00000000 08:01 1312581    /lib/tls/i686/cmov/libc-2.11.1.so
b772c000-b772d000 ---p 00153000 08:01 1312581    /lib/tls/i686/cmov/libc-2.11.1.so
b772d000-b772f000 r-xp 00153000 08:01 1312581    /lib/tls/i686/cmov/libc-2.11.1.so
b772f000-b7730000 rwxp 00155000 08:01 1312581    /lib/tls/i686/cmov/libc-2.11.1.so
b7730000-b7733000 rwxp 00000000 00:00 0 
b7733000-b7735000 r-xp 00000000 08:01 1312587    /lib/tls/i686/cmov/libdl-2.11.1.so
b7735000-b7736000 r-xp 00001000 08:01 1312587    /lib/tls/i686/cmov/libdl-2.11.1.so
b7736000-b7737000 rwxp 00002000 08:01 1312587    /lib/tls/i686/cmov/libdl-2.11.1.so
b7737000-b773e000 r-xp 00000000 08:07 7064       /usr/lib/jvm/jdk1.6.0_34/jre/lib/i386/jli/libjli.so
b773e000-b7740000 rwxp 00006000 08:07 7064       /usr/lib/jvm/jdk1.6.0_34/jre/lib/i386/jli/libjli.so
b7740000-b7741000 rwxp 00000000 00:00 0 
b7741000-b7756000 r-xp 00000000 08:01 1312607    /lib/tls/i686/cmov/libpthread-2.11.1.so
b7756000-b7757000 r-xp 00014000 08:01 1312607    /lib/tls/i686/cmov/libpthread-2.11.1.so
b7757000-b7758000 rwxp 00015000 08:01 1312607    /lib/tls/i686/cmov/libpthread-2.11.1.so
b7758000-b775a000 rwxp 00000000 00:00 0 
b775a000-b775b000 r-xs 00002000 08:05 787348     /home/rajkirans/.m2/repository/ant/ant-launcher/1.6.5/ant-launcher-1.6.5.jar
b775b000-b775e000 r-xs 0003b000 08:05 4591748    /home/rajkirans/.m2/repository/net/sourceforge/cssparser/cssparser/0.9.5/cssparser-0.9.5.jar
b775e000-b775f000 rwxp 00000000 00:00 0 
b775f000-b7760000 ---p 00000000 00:00 0 
b7760000-b776b000 r-xp 00000000 08:07 7046       /usr/lib/jvm/jdk1.6.0_34/jre/lib/i386/libverify.so
b776b000-b776c000 rwxp 0000b000 08:07 7046       /usr/lib/jvm/jdk1.6.0_34/jre/lib/i386/libverify.so
b776c000-b776e000 rwxp 00000000 00:00 0 
b776e000-b776f000 r-xp 00000000 00:00 0          [vdso]
b776f000-b778a000 r-xp 00000000 08:01 1308185    /lib/ld-2.11.1.so
b778a000-b778b000 r-xp 0001a000 08:01 1308185    /lib/ld-2.11.1.so
b778b000-b778c000 rwxp 0001b000 08:01 1308185    /lib/ld-2.11.1.so
bf94d000-bf967000 rwxp 00000000 00:00 0          [stack]

VM Arguments:
jvm_args: -Xmx512M -Xss1024k 
java_command: com.google.gwt.dev.Compiler -logLevel INFO -style OBF -war /home/rajkirans/NetBeansProjects/project-from-19-aug/23 aug dashboard/titali-dashboard/src/main/webapp/VAADIN/widgetsets -localWorkers 2 -XfragmentCount -1 -extra /home/rajkirans/NetBeansProjects/project-from-19-aug/23 aug dashboard/titali-dashboard/target/extra -compileReport -gen /home/rajkirans/NetBeansProjects/project-from-19-aug/23 aug dashboard/titali-dashboard/target/.generated com.vaadin.demo.dashboard.DashboardWidgetSet
Launcher Type: SUN_STANDARD

Environment Variables:
JAVA_HOME=/usr/lib/jvm/jdk1.6.0_34
JRE_HOME=/usr/lib/jvm/jdk1.6.0_34/jre
PATH=/usr/local/sbin:/usr/local/bin:/usr/sbin:/usr/bin:/sbin:/bin:/usr/games
USERNAME=rajkirans
LD_LIBRARY_PATH=/usr/lib/jvm/jdk1.6.0_34/jre/lib/i386/server:/usr/lib/jvm/jdk1.6.0_34/jre/lib/i386:/usr/lib/jvm/jdk1.6.0_34/jre/../lib/i386:/usr/lib/jvm/jdk1.6.0_34/jre/lib/i386/client:/usr/lib/jvm/jdk1.6.0_34/jre/lib/i386:/usr/lib/jvm/jdk1.6.0_34/jre/../lib/i386
SHELL=/bin/bash
DISPLAY=:0.0

Signal Handlers:
SIGSEGV: [libjvm.so+0x726fe0], sa_mask[0]=0x7ffbfeff, sa_flags=0x10000004
SIGBUS: [libjvm.so+0x726fe0], sa_mask[0]=0x7ffbfeff, sa_flags=0x10000004
SIGFPE: [libjvm.so+0x5e13a0], sa_mask[0]=0x7ffbfeff, sa_flags=0x10000004
SIGPIPE: [libjvm.so+0x5e13a0], sa_mask[0]=0x7ffbfeff, sa_flags=0x10000004
SIGXFSZ: [libjvm.so+0x5e13a0], sa_mask[0]=0x7ffbfeff, sa_flags=0x10000004
SIGILL: [libjvm.so+0x5e13a0], sa_mask[0]=0x7ffbfeff, sa_flags=0x10000004
SIGUSR1: SIG_DFL, sa_mask[0]=0x00000000, sa_flags=0x00000000
SIGUSR2: [libjvm.so+0x5e4600], sa_mask[0]=0x00000004, sa_flags=0x10000004
SIGHUP: [libjvm.so+0x5e41e0], sa_mask[0]=0x7ffbfeff, sa_flags=0x10000004
SIGINT: SIG_IGN, sa_mask[0]=0x00000000, sa_flags=0x00000000
SIGTERM: [libjvm.so+0x5e41e0], sa_mask[0]=0x7ffbfeff, sa_flags=0x10000004
SIGQUIT: [libjvm.so+0x5e41e0], sa_mask[0]=0x7ffbfeff, sa_flags=0x10000004


---------------  S Y S T E M  ---------------

OS:squeeze/sid

uname:Linux 2.6.32-21-generic #32-Ubuntu SMP Fri Apr 16 08:10:02 UTC 2010 i686
libc:glibc 2.11.1 NPTL 2.11.1 
rlimit: STACK 8192k, CORE 0k, NPROC infinity, NOFILE 1024, AS infinity
load average:2.60 1.79 1.33

/proc/meminfo:
MemTotal:        3058272 kB
MemFree:          773612 kB
Buffers:           28432 kB
Cached:           698436 kB
SwapCached:         3404 kB
Active:          1501072 kB
Inactive:         696416 kB
Active(anon):    1079188 kB
Inactive(anon):   490744 kB
Active(file):     421884 kB
Inactive(file):   205672 kB
Unevictable:          32 kB
Mlocked:              32 kB
HighTotal:       2197408 kB
HighFree:         298592 kB
LowTotal:         860864 kB
LowFree:          475020 kB
SwapTotal:       3999736 kB
SwapFree:        3907424 kB
Dirty:              1888 kB
Writeback:             0 kB
AnonPages:       1468016 kB
Mapped:            82768 kB
Shmem:             99312 kB
Slab:              48596 kB
SReclaimable:      33908 kB
SUnreclaim:        14688 kB
KernelStack:        3104 kB
PageTables:         8088 kB
NFS_Unstable:          0 kB
Bounce:                0 kB
WritebackTmp:          0 kB
CommitLimit:     5528872 kB
Committed_AS:    3091492 kB
VmallocTotal:     122880 kB
VmallocUsed:       33612 kB
VmallocChunk:      39056 kB
HardwareCorrupted:     0 kB
HugePages_Total:       0
HugePages_Free:        0
HugePages_Rsvd:        0
HugePages_Surp:        0
Hugepagesize:       4096 kB
DirectMap4k:       16376 kB
DirectMap4M:      892928 kB


CPU:total 2 (2 cores per cpu, 1 threads per core) family 6 model 23 stepping 10, cmov, cx8, fxsr, mmx, sse, sse2, sse3, ssse3

/proc/cpuinfo:
processor	: 0
vendor_id	: GenuineIntel
cpu family	: 6
model		: 23
model name	: Pentium(R) Dual-Core  CPU      E5500  @ 2.80GHz
stepping	: 10
cpu MHz		: 2800.000
cache size	: 2048 KB
physical id	: 0
siblings	: 2
core id		: 0
cpu cores	: 2
apicid		: 0
initial apicid	: 0
fdiv_bug	: no
hlt_bug		: no
f00f_bug	: no
coma_bug	: no
fpu		: yes
fpu_exception	: yes
cpuid level	: 13
wp		: yes
flags		: fpu vme de pse tsc msr pae mce cx8 apic mtrr pge mca cmov pat pse36 clflush dts acpi mmx fxsr sse sse2 ss ht tm pbe nx lm constant_tsc arch_perfmon pebs bts aperfmperf pni dtes64 monitor ds_cpl vmx est tm2 ssse3 cx16 xtpr pdcm xsave lahf_lm tpr_shadow vnmi flexpriority
bogomips	: 5585.10
clflush size	: 64
cache_alignment	: 64
address sizes	: 36 bits physical, 48 bits virtual
power management:

processor	: 1
vendor_id	: GenuineIntel
cpu family	: 6
model		: 23
model name	: Pentium(R) Dual-Core  CPU      E5500  @ 2.80GHz
stepping	: 10
cpu MHz		: 2800.000
cache size	: 2048 KB
physical id	: 0
siblings	: 2
core id		: 1
cpu cores	: 2
apicid		: 1
initial apicid	: 1
fdiv_bug	: no
hlt_bug		: no
f00f_bug	: no
coma_bug	: no
fpu		: yes
fpu_exception	: yes
cpuid level	: 13
wp		: yes
flags		: fpu vme de pse tsc msr pae mce cx8 apic mtrr pge mca cmov pat pse36 clflush dts acpi mmx fxsr sse sse2 ss ht tm pbe nx lm constant_tsc arch_perfmon pebs bts aperfmperf pni dtes64 monitor ds_cpl vmx est tm2 ssse3 cx16 xtpr pdcm xsave lahf_lm tpr_shadow vnmi flexpriority
bogomips	: 5585.92
clflush size	: 64
cache_alignment	: 64
address sizes	: 36 bits physical, 48 bits virtual
power management:



Memory: 4k page, physical 3058272k(773488k free), swap 3999736k(3907424k free)

vm_info: Java HotSpot(TM) Server VM (20.9-b04) for linux-x86 JRE (1.6.0_34-b04), built on Jul 19 2012 01:05:12 by "java_re" with gcc 3.2.1-7a (J2SE release)

time: Sat Aug 24 17:14:08 2013
elapsed time: 5 seconds

