#
# A fatal error has been detected by the Java Runtime Environment:
#
#  SIGSEGV (0xb) at pc=0xb6e778e6, pid=10577, tid=2402835312
#
# JRE version: 6.0_34-b04
# Java VM: Java HotSpot(TM) Server VM (20.9-b04 mixed mode linux-x86 )
# Problematic frame:
# V  [libjvm.so+0x3bd8e6]  instanceKlass::oop_follow_contents(oopDesc*)+0x86
#
# If you would like to submit a bug report, please visit:
#   http://java.sun.com/webapps/bugreport/crash.jsp
#

---------------  T H R E A D  ---------------

Current thread (0x09715000):  VMThread [stack: 0x8f305000,0x8f386000] [id=10582]

siginfo:si_signo=SIGSEGV: si_errno=0, si_code=1 (SEGV_MAPERR), si_addr=0x00400000

Registers:
EAX=0x00000003, EBX=0x00400000, ECX=0x8f8c8b60, EDX=0xa588cac0
ESP=0x8f384d00, EBP=0x8f384d28, ESI=0xa588cabc, EDI=0x0000000c
EIP=0xb6e778e6, EFLAGS=0x00010206, CR2=0x00400000

Top of Stack: (sp=0x8f384d00)
0x8f384d00:   8f384da0 00000000 8f384d28 a588cac0
0x8f384d10:   8f8c8b60 8f8c8b58 00000003 00003000
0x8f384d20:   8f384da0 00000000 8f384d68 b7034bcd
0x8f384d30:   8f8c89e8 a588caa8 00003000 00003000
0x8f384d40:   b72bbb3c b72bbb00 b707d90b 8f384d90
0x8f384d50:   a57a6648 00003000 8f384dd8 b70e0f6f
0x8f384d60:   8f384d90 8f384d90 8f384dd8 b70e0f77
0x8f384d70:   00000000 00000000 09699400 00097e01 

Instructions: (pc=0xb6e778e6)
0xb6e778c6:   00 00 8b 45 ec 8b 75 0c 8b 38 8b 40 04 01 fe 8d
0xb6e778d6:   14 86 89 55 e4 39 d6 73 5e 90 8b 1e 85 db 74 4f
0xb6e778e6:   8b 03 83 e0 03 83 f8 03 74 45 8b 3b c7 45 f0 03
0xb6e778f6:   00 00 00 8b 45 f0 89 03 80 3d cd 7e 2a b7 00 75 

Register to memory mapping:

EAX=0x00000003 is an unknown value
EBX=0x00400000 is an unknown value
ECX=0x8f8c8b60 is an oop
java.lang.Class 
 - klass: 'java/lang/Class'
EDX=0xa588cac0 is an oop
java.util.HashMap$Entry 
 - klass: 'java/util/HashMap$Entry'
ESP=0x8f384d00 is an unknown value
EBP=0x8f384d28 is an unknown value
ESI=0xa588cabc is an oop
java.util.HashMap$Entry 
 - klass: 'java/util/HashMap$Entry'
EDI=0x0000000c is an unknown value


Stack: [0x8f305000,0x8f386000],  sp=0x8f384d00,  free space=511k
Native frames: (J=compiled Java code, j=interpreted, Vv=VM code, C=native code)
V  [libjvm.so+0x3bd8e6]  instanceKlass::oop_follow_contents(oopDesc*)+0x86
V  [libjvm.so+0x57abcd]  MarkSweep::follow_stack()+0x3d
V  [libjvm.so+0x626f77]  PSMarkSweep::mark_sweep_phase1(bool)+0xe7
V  [libjvm.so+0x626077]  PSMarkSweep::invoke_no_policy(bool)+0x3c7
V  [libjvm.so+0x6309ee]  PSScavenge::invoke()+0x12e
V  [libjvm.so+0x5f62d9]  ParallelScavengeHeap::failed_mem_allocate(unsigned, bool)+0x49
V  [libjvm.so+0x727a6a]  VM_ParallelGCFailedAllocation::doit()+0x5a
V  [libjvm.so+0x7361e6]  VM_Operation::evaluate()+0x46
V  [libjvm.so+0x735673]  VMThread::evaluate_operation(VM_Operation*)+0x83
V  [libjvm.so+0x7358e4]  VMThread::loop()+0x194
V  [libjvm.so+0x7353d0]  VMThread::run()+0x80
V  [libjvm.so+0x5e3f8e]  java_start(Thread*)+0x14e
C  [libpthread.so.0+0x596e]  short+0xbe

VM_Operation (0x8bafcad0): ParallelGCFailedAllocation, mode: safepoint, requested by thread 0x8c011c00


---------------  P R O C E S S  ---------------

Java Threads: ( => current thread )
  0x8df0fc00 JavaThread "External worker unconnected" [_thread_in_native, id=10632, stack(0x8b8fc000,0x8b9fd000)]
  0x8c011c00 JavaThread "In-process PermutationWorker 0" [_thread_blocked, id=10631, stack(0x8b9fd000,0x8bafe000)]
  0x8dfbfc00 JavaThread "Thread-22" [_thread_in_native, id=10630, stack(0x8bafe000,0x8bbff000)]
  0x8bd12400 JavaThread "Thread-21" [_thread_in_native, id=10629, stack(0x8bbff000,0x8bd00000)]
  0x8bd19000 JavaThread "process reaper" daemon [_thread_in_native, id=10627, stack(0x8d8ff000,0x8da00000)]
  0x09a3a000 JavaThread "Java2D Disposer" daemon [_thread_blocked, id=10594, stack(0x8d7fe000,0x8d8ff000)]
  0x099ffc00 JavaThread "pool-1-thread-1" [_thread_blocked, id=10592, stack(0x8e8ee000,0x8e9ef000)]
  0x099e0c00 JavaThread "Timer-0" daemon [_thread_blocked, id=10591, stack(0x8ddff000,0x8df00000)]
  0x0973b000 JavaThread "Low Memory Detector" daemon [_thread_blocked, id=10588, stack(0x8edc0000,0x8eec1000)]
  0x0972fc00 JavaThread "C2 CompilerThread1" daemon [_thread_blocked, id=10587, stack(0x8eec1000,0x8ef42000)]
  0x0972dc00 JavaThread "C2 CompilerThread0" daemon [_thread_blocked, id=10586, stack(0x8ef42000,0x8efc3000)]
  0x0972c000 JavaThread "Signal Dispatcher" daemon [_thread_blocked, id=10585, stack(0x8efc3000,0x8f0c4000)]
  0x0971a400 JavaThread "Finalizer" daemon [_thread_blocked, id=10584, stack(0x8f103000,0x8f204000)]
  0x09718c00 JavaThread "Reference Handler" daemon [_thread_blocked, id=10583, stack(0x8f204000,0x8f305000)]
  0x09699400 JavaThread "main" [_thread_blocked, id=10579, stack(0xb6993000,0xb6a94000)]

Other Threads:
=>0x09715000 VMThread [stack: 0x8f305000,0x8f386000] [id=10582]
  0x0973d000 WatcherThread [stack: 0x8ed3f000,0x8edc0000] [id=10589]

VM state:at safepoint (normal execution)

VM Mutex/Monitor currently owned by a thread:  ([mutex/lock_event])
[0x09697050] Threads_lock - owner thread: 0x09715000
[0x09697460] Heap_lock - owner thread: 0x8c011c00

Heap
 PSYoungGen      total 127552K, used 24503K [0xa8da0000, 0xb3840000, 0xb3840000)
  eden space 96896K, 0% used [0xa8da0000,0xa8da0000,0xaec40000)
  from space 30656K, 79% used [0xb1a50000,0xb323dc28,0xb3840000)
  to   space 38912K, 0% used [0xaec40000,0xaec40000,0xb1240000)
 PSOldGen        total 349568K, used 341458K [0x93840000, 0xa8da0000, 0xa8da0000)
  object space 349568K, 97% used [0x93840000,0xa85b4920,0xa8da0000)
 PSPermGen       total 30208K, used 22270K [0x8f840000, 0x915c0000, 0x93840000)
  object space 30208K, 73% used [0x8f840000,0x90dffb30,0x915c0000)

Code Cache  [0xb390c000, 0xb465c000, 0xb690c000)
 total_blobs=4050 nmethods=3871 adapters=128 free_code_cache=36529792 largest_free_block=17920

Dynamic libraries:
08048000-08052000 r-xp 00000000 08:07 6995       /usr/lib/jvm/jdk1.6.0_34/jre/bin/java
08052000-08053000 rwxp 00009000 08:07 6995       /usr/lib/jvm/jdk1.6.0_34/jre/bin/java
09684000-0a730000 rwxp 00000000 00:00 0          [heap]
8b8fc000-8b8ff000 ---p 00000000 00:00 0 
8b8ff000-8b9fd000 rwxp 00000000 00:00 0 
8b9fd000-8ba00000 ---p 00000000 00:00 0 
8ba00000-8bafe000 rwxp 00000000 00:00 0 
8bafe000-8bb01000 ---p 00000000 00:00 0 
8bb01000-8bbff000 rwxp 00000000 00:00 0 
8bbff000-8bc02000 ---p 00000000 00:00 0 
8bc02000-8bd00000 rwxp 00000000 00:00 0 
8bd00000-8bdb4000 rwxp 00000000 00:00 0 
8bdb4000-8be00000 ---p 00000000 00:00 0 
8be00000-8bef6000 rwxp 00000000 00:00 0 
8bef6000-8bf00000 ---p 00000000 00:00 0 
8bf00000-8bffe000 rwxp 00000000 00:00 0 
8bffe000-8c000000 ---p 00000000 00:00 0 
8c000000-8c0fb000 rwxp 00000000 00:00 0 
8c0fb000-8c100000 ---p 00000000 00:00 0 
8c100000-8c1f9000 rwxp 00000000 00:00 0 
8c1f9000-8c200000 ---p 00000000 00:00 0 
8c200000-8c300000 rwxp 00000000 00:00 0 
8c400000-8c600000 rwxp 00000000 00:00 0 
8c600000-8c6f9000 rwxp 00000000 00:00 0 
8c6f9000-8c700000 ---p 00000000 00:00 0 
8c700000-8c7fe000 rwxp 00000000 00:00 0 
8c7fe000-8c800000 ---p 00000000 00:00 0 
8c800000-8c8f9000 rwxp 00000000 00:00 0 
8c8f9000-8c900000 ---p 00000000 00:00 0 
8c900000-8c9f3000 rwxp 00000000 00:00 0 
8c9f3000-8ca00000 ---p 00000000 00:00 0 
8ca00000-8cafd000 rwxp 00000000 00:00 0 
8cafd000-8cb00000 ---p 00000000 00:00 0 
8cb00000-8cbfa000 rwxp 00000000 00:00 0 
8cbfa000-8cc00000 ---p 00000000 00:00 0 
8cc00000-8ccfd000 rwxp 00000000 00:00 0 
8ccfd000-8cd00000 ---p 00000000 00:00 0 
8cd00000-8cdf9000 rwxp 00000000 00:00 0 
8cdf9000-8ce00000 ---p 00000000 00:00 0 
8ce00000-8cefb000 rwxp 00000000 00:00 0 
8cefb000-8cf00000 ---p 00000000 00:00 0 
8cf00000-8cfc4000 rwxp 00000000 00:00 0 
8cfc4000-8d000000 ---p 00000000 00:00 0 
8d000000-8d0fd000 rwxp 00000000 00:00 0 
8d0fd000-8d100000 ---p 00000000 00:00 0 
8d100000-8d1fd000 rwxp 00000000 00:00 0 
8d1fd000-8d200000 ---p 00000000 00:00 0 
8d200000-8d2fe000 rwxp 00000000 00:00 0 
8d2fe000-8d300000 ---p 00000000 00:00 0 
8d300000-8d3f8000 rwxp 00000000 00:00 0 
8d3f8000-8d400000 ---p 00000000 00:00 0 
8d400000-8d4f7000 rwxp 00000000 00:00 0 
8d4f7000-8d500000 ---p 00000000 00:00 0 
8d500000-8d600000 rwxp 00000000 00:00 0 
8d600000-8d6fd000 rwxp 00000000 00:00 0 
8d6fd000-8d700000 ---p 00000000 00:00 0 
8d7fe000-8d801000 ---p 00000000 00:00 0 
8d801000-8d8ff000 rwxp 00000000 00:00 0 
8d8ff000-8d902000 ---p 00000000 00:00 0 
8d902000-8da00000 rwxp 00000000 00:00 0 
8da00000-8daf8000 rwxp 00000000 00:00 0 
8daf8000-8db00000 ---p 00000000 00:00 0 
8db00000-8db02000 r-xs 00000000 08:01 130881     /var/cache/fontconfig/99e8ed0e538f840c565b6ed5dad60d56-le32d4.cache-3
8db02000-8db05000 r-xs 00000000 08:01 130890     /var/cache/fontconfig/e383d7ea5fbe662a33d9b44caf393297-le32d4.cache-3
8db05000-8db0b000 r-xs 00000000 08:01 155730     /var/cache/fontconfig/401a5dd6b567794a1d18dd9342dfa604-le32d4.cache-3
8db0b000-8db0c000 r-xs 00000000 08:01 130891     /var/cache/fontconfig/e7071f4a29fa870f4323321c154eba04-le32d4.cache-3
8db0c000-8db0f000 r-xs 00000000 08:01 130877     /var/cache/fontconfig/6eb3985aa4124903f6ff08ba781cd364-le32d4.cache-3
8db0f000-8db10000 r-xs 00000000 08:01 130873     /var/cache/fontconfig/4c73fe0c47614734b17d736dbde7580a-le32d4.cache-3
8db10000-8db11000 r-xs 00000000 08:01 130867     /var/cache/fontconfig/0d8c3b2ac0904cb8a57a757ad11a4a08-le32d4.cache-3
8db11000-8db12000 r-xs 00000000 08:01 130875     /var/cache/fontconfig/6a53c69dea097a2d716e069445527da8-le32d4.cache-3
8db12000-8db16000 r-xs 00000000 08:01 130882     /var/cache/fontconfig/a755afe4a08bf5b97852ceb7400b47bc-le32d4.cache-3
8db16000-8db1a000 r-xs 00000000 08:01 155695     /var/cache/fontconfig/515ca1ebc4b18308bea979be5704f9db-le32d4.cache-3
8db1a000-8db1d000 r-xs 00000000 08:01 130876     /var/cache/fontconfig/6d41288fd70b0be22e8c3a91e032eec0-le32d4.cache-3
8db1d000-8db28000 r-xs 00000000 08:01 130868     /var/cache/fontconfig/0f34bcd4b6ee430af32735b75db7f02b-le32d4.cache-3
8db28000-8db2b000 r-xs 00000000 08:01 130887     /var/cache/fontconfig/d60319d88cac85ba9e1a07bd06cfbb8c-le32d4.cache-3
8db2b000-8db2c000 r-xs 00000000 08:01 130871     /var/cache/fontconfig/4794a0821666d79190d59a36cb4f44b5-le32d4.cache-3
8db2c000-8db4e000 r-xs 00000000 08:01 155788     /var/cache/fontconfig/365b55f210c0a22e9a19e35191240f32-le32d4.cache-3
8dc00000-8dcfa000 rwxp 00000000 00:00 0 
8dcfa000-8dd00000 ---p 00000000 00:00 0 
8dd28000-8dd3c000 r-xp 00000000 08:07 7041       /usr/lib/jvm/jdk1.6.0_34/jre/lib/i386/libnet.so
8dd3c000-8dd3d000 rwxp 00013000 08:07 7041       /usr/lib/jvm/jdk1.6.0_34/jre/lib/i386/libnet.so
8dd3d000-8dd3e000 r-xs 00000000 08:01 155729     /var/cache/fontconfig/26de28bc8622bbc1fb67fd234c21975f-le32d4.cache-3
8dd3e000-8dd3f000 r-xs 00000000 08:01 130883     /var/cache/fontconfig/c05880de57d1f5e948fdfacc138775d9-le32d4.cache-3
8dd3f000-8dd45000 r-xs 00000000 08:01 130880     /var/cache/fontconfig/945677eb7aeaf62f1d50efc3fb3ec7d8-le32d4.cache-3
8dd45000-8dd4d000 r-xs 00000000 08:01 130886     /var/cache/fontconfig/d52a8644073d54c13679302ca1180695-le32d4.cache-3
8dd4d000-8dd4f000 r-xs 00000000 08:01 130892     /var/cache/fontconfig/e13b20fdb08344e0e664864cc2ede53d-le32d4.cache-3
8dd4f000-8ddd4000 r-xp 00000000 08:07 7055       /usr/lib/jvm/jdk1.6.0_34/jre/lib/i386/libawt.so
8ddd4000-8dddb000 rwxp 00085000 08:07 7055       /usr/lib/jvm/jdk1.6.0_34/jre/lib/i386/libawt.so
8dddb000-8ddff000 rwxp 00000000 00:00 0 
8ddff000-8de02000 ---p 00000000 00:00 0 
8de02000-8df00000 rwxp 00000000 00:00 0 
8df00000-8e000000 rwxp 00000000 00:00 0 
8e000000-8e0fb000 rwxp 00000000 00:00 0 
8e0fb000-8e100000 ---p 00000000 00:00 0 
8e100000-8e1fe000 rwxp 00000000 00:00 0 
8e1fe000-8e200000 ---p 00000000 00:00 0 
8e200000-8e2fc000 rwxp 00000000 00:00 0 
8e2fc000-8e300000 ---p 00000000 00:00 0 
8e300000-8e303000 r-xs 00000000 08:01 155725     /var/cache/fontconfig/7ef2298fde41cc6eeb7af42e48b7d293-le32d4.cache-3
8e303000-8e37c000 r-xp 00000000 08:07 7097       /usr/lib/jvm/jdk1.6.0_34/jre/lib/i386/libfontmanager.so
8e37c000-8e386000 rwxp 00078000 08:07 7097       /usr/lib/jvm/jdk1.6.0_34/jre/lib/i386/libfontmanager.so
8e386000-8e38b000 rwxp 00000000 00:00 0 
8e38b000-8e390000 r-xp 00000000 08:07 7100       /usr/lib/jvm/jdk1.6.0_34/jre/lib/i386/headless/libmawt.so
8e390000-8e391000 rwxp 00004000 08:07 7100       /usr/lib/jvm/jdk1.6.0_34/jre/lib/i386/headless/libmawt.so
8e391000-8e397000 r-xp 00000000 08:07 7087       /usr/lib/jvm/jdk1.6.0_34/jre/lib/i386/libmanagement.so
8e397000-8e398000 rwxp 00005000 08:07 7087       /usr/lib/jvm/jdk1.6.0_34/jre/lib/i386/libmanagement.so
8e398000-8e39a000 r-xs 00001000 08:07 7039       /usr/lib/jvm/jdk1.6.0_34/jre/lib/ext/dnsns.jar
8e39a000-8e39e000 r-xs 00035000 08:07 7036       /usr/lib/jvm/jdk1.6.0_34/jre/lib/ext/sunpkcs11.jar
8e39e000-8e3a1000 r-xs 00027000 08:07 7037       /usr/lib/jvm/jdk1.6.0_34/jre/lib/ext/sunjce_provider.jar
8e3a1000-8e3a4000 r-xs 000cc000 08:07 7038       /usr/lib/jvm/jdk1.6.0_34/jre/lib/ext/localedata.jar
8e3a4000-8e3a7000 r-xs 00024000 08:05 787598     /home/rajkirans/.m2/repository/commons-io/commons-io/2.0.1/commons-io-2.0.1.jar
8e3a7000-8e3b6000 r-xs 000b3000 08:05 787593     /home/rajkirans/.m2/repository/freemarker/freemarker/2.3.6/freemarker-2.3.6.jar
8e3b6000-8e3bf000 r-xs 00055000 08:05 4587854    /home/rajkirans/.m2/repository/org/springframework/spring-core/3.0.5.RELEASE/spring-core-3.0.5.RELEASE.jar
8e3bf000-8e3c2000 r-xs 00014000 08:05 4591163    /home/rajkirans/.m2/repository/commons-validator/commons-validator/1.2.0/commons-validator-1.2.0.jar
8e3c2000-8e3c3000 r-xs 00003000 08:05 787585     /home/rajkirans/.m2/repository/org/apache/maven/doxia/doxia-module-xhtml/1.1.4/doxia-module-xhtml-1.1.4.jar
8e3c3000-8e3c5000 r-xs 0000b000 08:05 787584     /home/rajkirans/.m2/repository/org/apache/maven/doxia/doxia-decoration-model/1.1.4/doxia-decoration-model-1.1.4.jar
8e3c5000-8e3c7000 r-xs 0000b000 08:05 787582     /home/rajkirans/.m2/repository/org/apache/maven/doxia/doxia-site-renderer/1.1.4/doxia-site-renderer-1.1.4.jar
8e3c7000-8e3c9000 r-xs 00003000 08:05 4591161    /home/rajkirans/.m2/repository/org/apache/maven/reporting/maven-reporting-impl/2.1/maven-reporting-impl-2.1.jar
8e3c9000-8e3cb000 r-xs 00002000 08:05 4459109    /home/rajkirans/.m2/repository/org/apache/maven/maven-plugin-api/2.0.9/maven-plugin-api-2.0.9.jar
8e3cb000-8e3cd000 r-xs 00006000 08:05 4587871    /home/rajkirans/.m2/repository/org/apache/maven/maven-plugin-registry/2.0.10/maven-plugin-registry-2.0.10.jar
8e3cd000-8e3cf000 r-xs 0000a000 08:05 787949     /home/rajkirans/.m2/repository/org/apache/maven/wagon/wagon-provider-api/1.0-beta-2/wagon-provider-api-1.0-beta-2.jar
8e3cf000-8e3d1000 r-xs 00005000 08:05 4587867    /home/rajkirans/.m2/repository/org/apache/maven/maven-repository-metadata/2.0.10/maven-repository-metadata-2.0.10.jar
8e3d1000-8e3d3000 r-xs 0000d000 08:05 4587865    /home/rajkirans/.m2/repository/org/apache/maven/maven-artifact-manager/2.0.10/maven-artifact-manager-2.0.10.jar
8e3d3000-8e3d5000 r-xs 00008000 08:05 4587863    /home/rajkirans/.m2/repository/org/apache/maven/maven-profile/2.0.10/maven-profile-2.0.10.jar
8e3d5000-8e3d7000 r-xs 0000b000 08:05 4587862    /home/rajkirans/.m2/repository/org/apache/maven/maven-settings/2.0.10/maven-settings-2.0.10.jar
8e3d7000-8e3da000 r-xs 0001b000 08:05 4459106    /home/rajkirans/.m2/repository/org/apache/maven/maven-project/2.0.9/maven-project-2.0.9.jar
8e3da000-8e3de000 r-xs 0002b000 08:05 4722940    /home/rajkirans/.m2/repository/com/vaadin/vaadin-maven-plugin/7.0.2/vaadin-maven-plugin-7.0.2.jar
8e3de000-8e3df000 r-xs 00002000 08:05 4591151    /home/rajkirans/.m2/repository/org/codehaus/plexus/plexus-i18n/1.0-beta-7/plexus-i18n-1.0-beta-7.jar
8e3df000-8e3e5000 r-xs 0003c000 08:05 787596     /home/rajkirans/.m2/repository/org/apache/maven/surefire/surefire-booter/2.4.3/surefire-booter-2.4.3.jar
8e3e5000-8e3e9000 r-xs 00023000 08:05 4591135    /home/rajkirans/.m2/repository/org/apache/maven/doxia/doxia-core/1.1.2/doxia-core-1.1.2.jar
8e3e9000-8e3ed000 r-xs 00028000 08:05 787590     /home/rajkirans/.m2/repository/com/thoughtworks/qdox/qdox/1.12/qdox-1.12.jar
8e3ed000-8e3f8000 r-xs 00074000 08:05 4598076    /home/rajkirans/.m2/repository/velocity/velocity-dep/1.4/velocity-dep-1.4.jar
8e3f8000-8e400000 r-xs 00051000 08:05 4598075    /home/rajkirans/.m2/repository/velocity/velocity/1.4/velocity-1.4.jar
8e400000-8e500000 rwxp 00000000 00:00 0 
8e500000-8e600000 rwxp 00000000 00:00 0 
8e600000-8e603000 r-xs 00023000 08:05 787602     /home/rajkirans/.m2/repository/org/jdom/jdom/1.1/jdom-1.1.jar
8e603000-8e605000 r-xs 00008000 08:05 787588     /home/rajkirans/.m2/repository/org/apache/maven/doxia/doxia-module-fml/1.1.4/doxia-module-fml-1.1.4.jar
8e605000-8e606000 r-xs 00001000 08:05 4591154    /home/rajkirans/.m2/repository/org/codehaus/plexus/plexus-velocity/1.1.7/plexus-velocity-1.1.7.jar
8e606000-8e608000 r-xs 00009000 08:05 787945     /home/rajkirans/.m2/repository/org/codehaus/plexus/plexus-classworlds/1.2-alpha-6/plexus-classworlds-1.2-alpha-6.jar
8e608000-8e60a000 r-xs 00006000 08:05 787944     /home/rajkirans/.m2/repository/org/codehaus/plexus/plexus-component-api/1.0-alpha-15/plexus-component-api-1.0-alpha-15.jar
8e60a000-8e610000 r-xs 00045000 08:05 4591144    /home/rajkirans/.m2/repository/commons-httpclient/commons-httpclient/3.1/commons-httpclient-3.1.jar
8e610000-8e615000 r-xs 00040000 08:05 787601     /home/rajkirans/.m2/repository/commons-lang/commons-lang/2.5/commons-lang-2.5.jar
8e615000-8e61d000 r-xs 00058000 08:05 4591155    /home/rajkirans/.m2/repository/org/apache/velocity/velocity/1.5/velocity-1.5.jar
8e61d000-8e626000 r-xs 00075000 08:05 787597     /home/rajkirans/.m2/repository/org/apache/maven/surefire/surefire-api/2.4.3/surefire-api-2.4.3.jar
8e626000-8e638000 r-xs 00245000 08:05 787615     /home/rajkirans/.m2/repository/com/ibm/icu/icu4j/2.6.1/icu4j-2.6.1.jar
8e638000-8e65d000 r-xs 002dc000 08:05 787612     /home/rajkirans/.m2/repository/xalan/xalan/2.6.0/xalan-2.6.0.jar
8e65d000-8e660000 r-xs 00018000 08:05 787608     /home/rajkirans/.m2/repository/xom/xom/1.0/xom-1.0.jar
8e660000-8e678000 r-xs 00115000 08:05 787621     /home/rajkirans/.m2/repository/xerces/xercesImpl/2.9.1/xercesImpl-2.9.1.jar
8e678000-8e67b000 r-xs 00023000 08:05 787607     /home/rajkirans/.m2/repository/jdom/jdom/1.0/jdom-1.0.jar
8e67b000-8e680000 r-xs 00048000 08:05 4594365    /home/rajkirans/.m2/repository/dom4j/dom4j/1.6.1/dom4j-1.6.1.jar
8e680000-8e686000 r-xs 00032000 08:05 787606     /home/rajkirans/.m2/repository/jaxen/jaxen/1.1.1/jaxen-1.1.1.jar
8e686000-8e690000 r-xs 00079000 08:05 787616     /home/rajkirans/.m2/repository/org/apache/bcel/bcel/5.2/bcel-5.2.jar
8e690000-8e691000 r-xs 00006000 08:05 787618     /home/rajkirans/.m2/repository/jakarta-regexp/jakarta-regexp/1.4/jakarta-regexp-1.4.jar
8e691000-8e692000 r-xs 00002000 08:05 4598056    /home/rajkirans/.m2/repository/org/codehaus/plexus/plexus-io/1.0-alpha-1/plexus-io-1.0-alpha-1.jar
8e692000-8e696000 r-xs 00023000 08:05 4598040    /home/rajkirans/.m2/repository/org/codehaus/plexus/plexus-archiver/1.0-alpha-9/plexus-archiver-1.0-alpha-9.jar
8e696000-8e699000 r-xs 00013000 08:05 4459100    /home/rajkirans/.m2/repository/org/apache/maven/maven-model/2.0.6/maven-model-2.0.6.jar
8e699000-8e69d000 r-xs 00012000 08:05 4459099    /home/rajkirans/.m2/repository/org/apache/maven/maven-artifact/2.0.6/maven-artifact-2.0.6.jar
8e69d000-8e69e000 r-xs 00004000 08:05 4462989    /home/rajkirans/.m2/repository/org/apache/maven/maven-archiver/2.4.1/maven-archiver-2.4.1.jar
8e69e000-8e6a0000 r-xs 00002000 08:05 787580     /home/rajkirans/.m2/repository/org/apache/maven/doxia/doxia-sink-api/1.1.4/doxia-sink-api-1.1.4.jar
8e6a0000-8e6a1000 r-xs 00002000 08:05 4587852    /home/rajkirans/.m2/repository/org/apache/maven/reporting/maven-reporting-api/3.0/maven-reporting-api-3.0.jar
8e6a1000-8e6a3000 r-xs 0000d000 08:05 4462427    /home/rajkirans/.m2/repository/org/codehaus/plexus/plexus-interpolation/1.13/plexus-interpolation-1.13.jar
8e6a3000-8e6a4000 r-xs 00002000 08:05 787583     /home/rajkirans/.m2/repository/org/apache/maven/doxia/doxia-logging-api/1.1.4/doxia-logging-api-1.1.4.jar
8e6a4000-8e6aa000 r-xs 00034000 08:05 787595     /home/rajkirans/.m2/repository/junit/junit/4.8.1/junit-4.8.1.jar
8e6aa000-8e6b1000 r-xs 00029000 08:05 4459101    /home/rajkirans/.m2/repository/org/codehaus/plexus/plexus-container-default/1.0-alpha-8/plexus-container-default-1.0-alpha-8.jar
8e6b1000-8e6b2000 r-xs 00004000 08:05 4462736    /home/rajkirans/.m2/repository/org/codehaus/plexus/plexus-compiler-api/1.5.3/plexus-compiler-api-1.5.3.jar
8e6b2000-8e6b6000 r-xs 00033000 08:05 4462194    /home/rajkirans/.m2/repository/org/codehaus/plexus/plexus-utils/2.0.5/plexus-utils-2.0.5.jar
8e6b6000-8e6be000 r-xs 00028000 08:05 4589113    /home/rajkirans/.m2/repository/xml-apis/xml-apis/1.3.02/xml-apis-1.3.02.jar
8e6be000-8e6cb000 r-xs 0007f000 08:05 4591160    /home/rajkirans/.m2/repository/commons-collections/commons-collections/3.2/commons-collections-3.2.jar
8e6cb000-8e6d0000 r-xs 0002a000 08:05 4591168    /home/rajkirans/.m2/repository/commons-beanutils/commons-beanutils/1.7.0/commons-beanutils-1.7.0.jar
8e6d0000-8e6d4000 r-xs 00026000 08:05 4591170    /home/rajkirans/.m2/repository/commons-digester/commons-digester/1.6/commons-digester-1.6.jar
8e6d4000-8e6d5000 r-xs 00006000 08:05 4597562    /home/rajkirans/.m2/repository/org/codehaus/jackson/jackson-xc/1.9.2/jackson-xc-1.9.2.jar
8e6d5000-8e6d6000 r-xs 00004000 08:05 4597563    /home/rajkirans/.m2/repository/org/codehaus/jackson/jackson-jaxrs/1.9.2/jackson-jaxrs-1.9.2.jar
8e6d6000-8e6e4000 r-xs 000ad000 08:05 4597564    /home/rajkirans/.m2/repository/org/codehaus/jackson/jackson-mapper-asl/1.9.2/jackson-mapper-asl-1.9.2.jar
8e6e4000-8e6e8000 r-xs 00034000 08:05 4596750    /home/rajkirans/.m2/repository/org/codehaus/jackson/jackson-core-asl/1.9.2/jackson-core-asl-1.9.2.jar
8e6e8000-8e6ea000 r-xs 00004000 08:05 4597644    /home/rajkirans/.m2/repository/javax/xml/stream/stax-api/1.0-2/stax-api-1.0-2.jar
8e6ea000-8e6ed000 r-xs 00017000 08:05 4596687    /home/rajkirans/.m2/repository/javax/xml/bind/jaxb-api/2.2.2/jaxb-api-2.2.2.jar
8e6ed000-8e700000 r-xs 000c7000 08:05 4597622    /home/rajkirans/.m2/repository/com/sun/xml/bind/jaxb-impl/2.2.3-1/jaxb-impl-2.2.3-1.jar
8e700000-8e7ff000 rwxp 00000000 00:00 0 
8e7ff000-8e800000 ---p 00000000 00:00 0 
8e800000-8e801000 r-xs 0000c000 08:05 4587855    /home/rajkirans/.m2/repository/org/springframework/spring-asm/3.0.5.RELEASE/spring-asm-3.0.5.RELEASE.jar
8e801000-8e807000 r-xs 00019000 08:05 787610     /home/rajkirans/.m2/repository/xerces/xmlParserAPIs/2.6.2/xmlParserAPIs-2.6.2.jar
8e807000-8e809000 r-xs 0000f000 08:05 4597658    /home/rajkirans/.m2/repository/org/codehaus/jettison/jettison/1.1/jettison-1.1.jar
8e809000-8e80d000 r-xs 00024000 08:05 4597651    /home/rajkirans/.m2/repository/com/sun/jersey/jersey-json/1.17.1/jersey-json-1.17.1.jar
8e80d000-8e818000 r-xs 00068000 08:05 4597638    /home/rajkirans/.m2/repository/com/sun/jersey/jersey-core/1.17.1/jersey-core-1.17.1.jar
8e818000-8e81b000 r-xs 0001d000 08:05 4597642    /home/rajkirans/.m2/repository/com/sun/jersey/jersey-client/1.17.1/jersey-client-1.17.1.jar
8e81b000-8e81d000 r-xs 0000e000 08:05 4587850    /home/rajkirans/.m2/repository/javax/activation/activation/1.1/activation-1.1.jar
8e81d000-8e823000 r-xs 00059000 08:05 787388     /home/rajkirans/.m2/repository/javax/mail/mail/1.4/mail-1.4.jar
8e823000-8e825000 r-xs 00006000 08:05 787385     /home/rajkirans/.m2/repository/com/google/code/findbugs/jsr305/1.3.7/jsr305-1.3.7.jar
8e825000-8e828000 r-xs 0001b000 08:05 787384     /home/rajkirans/.m2/repository/xpp3/xpp3/1.1.4c/xpp3-1.1.4c.jar
8e828000-8e82d000 r-xs 00026000 08:05 787379     /home/rajkirans/.m2/repository/org/apache/httpcomponents/httpcore/4.0.1/httpcore-4.0.1.jar
8e82d000-8e834000 r-xs 00041000 08:05 787380     /home/rajkirans/.m2/repository/org/apache/httpcomponents/httpclient/4.0.3/httpclient-4.0.3.jar
8e834000-8e839000 r-xs 0002e000 08:05 787378     /home/rajkirans/.m2/repository/com/google/http-client/google-http-client/1.11.0-beta/google-http-client-1.11.0-beta.jar
8e839000-8e83b000 r-xs 0000c000 08:05 787376     /home/rajkirans/.m2/repository/com/google/oauth-client/google-oauth-client/1.11.0-beta/google-oauth-client-1.11.0-beta.jar
8e83b000-8e83d000 r-xs 00001000 08:05 787374     /home/rajkirans/.m2/repository/com/google/oauth-client/google-oauth-client-java6/1.11.0-beta/google-oauth-client-java6-1.11.0-beta.jar
8e83d000-8e83e000 r-xs 00001000 08:05 787372     /home/rajkirans/.m2/repository/com/google/oauth-client/google-oauth-client-jetty/1.11.0-beta/google-oauth-client-jetty-1.11.0-beta.jar
8e83e000-8e862000 r-xs 001aa000 08:05 787368     /home/rajkirans/.m2/repository/com/google/guava/guava/13.0.1/guava-13.0.1.jar
8e862000-8e891000 r-xs 00215000 08:05 787367     /home/rajkirans/.m2/repository/com/google/gdata/core/1.47.1/core-1.47.1.jar
8e891000-8e892000 r-xs 00001000 08:05 787226     /home/rajkirans/.m2/repository/org/vaadin/addons/cssinject/2.0.3/cssinject-2.0.3.jar
8e892000-8e897000 r-xs 0002a000 08:05 787364     /home/rajkirans/.m2/repository/com/google/code/gson/gson/2.2/gson-2.2.jar
8e897000-8e8a4000 r-xs 000c4000 08:05 787224     /home/rajkirans/.m2/repository/com/vaadin/addon/vaadin-charts/1.0.0/vaadin-charts-1.0.0.jar
8e8a4000-8e8aa000 r-xs 0003f000 08:05 787225     /home/rajkirans/.m2/repository/com/vaadin/addon/vaadin-calendar-cval-2.0/2.0.0.beta3/vaadin-calendar-cval-2.0-2.0.0.beta3.jar
8e8aa000-8e8ac000 r-xs 00009000 08:05 4591724    /home/rajkirans/.m2/repository/commons-cli/commons-cli/1.2/commons-cli-1.2.jar
8e8ac000-8e8b2000 r-xs 0003c000 08:05 4591741    /home/rajkirans/.m2/repository/org/apache/commons/commons-jexl/2.1.1/commons-jexl-2.1.1.jar
8e8b2000-8e8b7000 r-xs 00063000 08:05 787340     /home/rajkirans/.m2/repository/com/vaadin/vaadin-theme-compiler/7.0.2/vaadin-theme-compiler-7.0.2.jar
8e8b7000-8e8b9000 r-xs 0000d000 08:05 4594261    /home/rajkirans/.m2/repository/commons-logging/commons-logging/1.1.1/commons-logging-1.1.1.jar
8e8b9000-8e8c0000 r-xs 0004e000 08:05 787363     /home/rajkirans/.m2/repository/org/apache/james/apache-mime4j/0.6/apache-mime4j-0.6.jar
8e8c0000-8e8c5000 r-xs 00041000 08:05 787362     /home/rajkirans/.m2/repository/commons-lang/commons-lang/2.6/commons-lang-2.6.jar
8e8c5000-8e8c8000 r-xs 00018000 08:05 787360     /home/rajkirans/.m2/repository/commons-io/commons-io/1.4/commons-io-1.4.jar
8e8c8000-8e8ca000 r-xs 0000a000 08:05 787357     /home/rajkirans/.m2/repository/commons-codec/commons-codec/1.3/commons-codec-1.3.jar
8e8ca000-8e8cb000 r-xs 00002000 08:05 787355     /home/rajkirans/.m2/repository/org/jdesktop/swing-worker/1.1/swing-worker-1.1.jar
8e8cb000-8e8cf000 r-xs 00024000 08:05 787353     /home/rajkirans/.m2/repository/org/mortbay/jetty/jetty-util/6.1.11/jetty-util-6.1.11.jar
8e8cf000-8e8d2000 r-xs 0001e000 08:05 787354     /home/rajkirans/.m2/repository/org/mortbay/jetty/servlet-api-2.5/6.1.11/servlet-api-2.5-6.1.11.jar
8e8d2000-8e8e1000 r-xs 000ee000 08:05 787347     /home/rajkirans/.m2/repository/ant/ant/1.6.5/ant-1.6.5.jar
8e8e1000-8e8ee000 r-xs 0007c000 08:05 4594383    /home/rajkirans/.m2/repository/commons-collections/commons-collections/3.1/commons-collections-3.1.jar
8e8ee000-8e8f1000 ---p 00000000 00:00 0 
8e8f1000-8ea19000 rwxp 00000000 00:00 0 
8ea19000-8eb76000 r-xs 01869000 08:05 787337     /home/rajkirans/.m2/repository/com/vaadin/vaadin-client-compiler/7.0.2/vaadin-client-compiler-7.0.2.jar
8eb76000-8eb98000 rwxp 00000000 00:00 0 
8eb98000-8ecb0000 r-xs 00dc4000 08:05 787335     /home/rajkirans/.m2/repository/com/vaadin/vaadin-client/7.0.2/vaadin-client-7.0.2.jar
8ecb0000-8ecc4000 r-xs 000c8000 08:05 787332     /home/rajkirans/.m2/repository/com/vaadin/vaadin-themes/7.0.2/vaadin-themes-7.0.2.jar
8ecc4000-8ecea000 r-xs 00184000 08:05 4591752    /home/rajkirans/.m2/repository/com/vaadin/vaadin-shared-deps/1.0.2/vaadin-shared-deps-1.0.2.jar
8ecea000-8ed1a000 r-xs 001b7000 08:05 787333     /home/rajkirans/.m2/repository/com/vaadin/vaadin-shared/7.0.2/vaadin-shared-7.0.2.jar
8ed1a000-8ed3f000 r-xs 0025d000 08:05 787334     /home/rajkirans/.m2/repository/com/vaadin/vaadin-server/7.0.2/vaadin-server-7.0.2.jar
8ed3f000-8ed40000 ---p 00000000 00:00 0 
8ed40000-8edc0000 rwxp 00000000 00:00 0 
8edc0000-8edc3000 ---p 00000000 00:00 0 
8edc3000-8eec1000 rwxp 00000000 00:00 0 
8eec1000-8eec4000 ---p 00000000 00:00 0 
8eec4000-8ef42000 rwxp 00000000 00:00 0 
8ef42000-8ef45000 ---p 00000000 00:00 0 
8ef45000-8efc3000 rwxp 00000000 00:00 0 
8efc3000-8efc6000 ---p 00000000 00:00 0 
8efc6000-8f0c4000 rwxp 00000000 00:00 0 
8f0c4000-8f103000 r-xp 00000000 08:07 1844312    /usr/lib/locale/en_IN/LC_CTYPE
8f103000-8f106000 ---p 00000000 00:00 0 
8f106000-8f204000 rwxp 00000000 00:00 0 
8f204000-8f207000 ---p 00000000 00:00 0 
8f207000-8f305000 rwxp 00000000 00:00 0 
8f305000-8f306000 ---p 00000000 00:00 0 
8f306000-8f3ba000 rwxp 00000000 00:00 0          [threadstack:0007f494]
8f3ba000-8f552000 r-xs 0307a000 08:07 7102       /usr/lib/jvm/jdk1.6.0_34/jre/lib/rt.jar
8f552000-8f553000 ---p 00000000 00:00 0 
8f553000-8f5d3000 rwxp 00000000 00:00 0 
8f5d3000-8f5d4000 ---p 00000000 00:00 0 
8f5d4000-8f663000 rwxp 00000000 00:00 0 
8f663000-8f674000 rwxp 00000000 00:00 0 
8f674000-8f71f000 rwxp 00000000 00:00 0 
8f71f000-8f72e000 rwxp 00000000 00:00 0 
8f72e000-8f73f000 rwxp 00000000 00:00 0 
8f73f000-8f7e9000 rwxp 00000000 00:00 0 
8f7e9000-8f83f000 rwxp 00000000 00:00 0 
8f83f000-915c0000 rwxp 00000000 00:00 0 
915c0000-93840000 rwxp 00000000 00:00 0 
93840000-a8da0000 rwxp 00000000 00:00 0 
a8da0000-b3840000 rwxp 00000000 00:00 0 
b3840000-b3842000 r-xs 0000e000 08:05 4591157    /home/rajkirans/.m2/repository/oro/oro/2.0.8/oro-2.0.8.jar
b3842000-b3849000 r-xs 00074000 08:05 787349     /home/rajkirans/.m2/repository/org/mortbay/jetty/jetty/6.1.11/jetty-6.1.11.jar
b3849000-b384c000 r-xs 0003b000 08:05 4591748    /home/rajkirans/.m2/repository/net/sourceforge/cssparser/cssparser/0.9.5/cssparser-0.9.5.jar
b384c000-b3882000 rwxp 00000000 00:00 0 
b3882000-b390c000 rwxp 00000000 00:00 0 
b390c000-b465c000 rwxp 00000000 00:00 0 
b465c000-b690c000 rwxp 00000000 00:00 0 
b690c000-b691b000 r-xp 00000000 08:07 7071       /usr/lib/jvm/jdk1.6.0_34/jre/lib/i386/libzip.so
b691b000-b691d000 rwxp 0000e000 08:07 7071       /usr/lib/jvm/jdk1.6.0_34/jre/lib/i386/libzip.so
b691d000-b6927000 r-xp 00000000 08:01 1312598    /lib/tls/i686/cmov/libnss_files-2.11.1.so
b6927000-b6928000 r-xp 00009000 08:01 1312598    /lib/tls/i686/cmov/libnss_files-2.11.1.so
b6928000-b6929000 rwxp 0000a000 08:01 1312598    /lib/tls/i686/cmov/libnss_files-2.11.1.so
b6929000-b6931000 r-xp 00000000 08:01 1312602    /lib/tls/i686/cmov/libnss_nis-2.11.1.so
b6931000-b6932000 r-xp 00007000 08:01 1312602    /lib/tls/i686/cmov/libnss_nis-2.11.1.so
b6932000-b6933000 rwxp 00008000 08:01 1312602    /lib/tls/i686/cmov/libnss_nis-2.11.1.so
b6933000-b6939000 r-xp 00000000 08:01 1312594    /lib/tls/i686/cmov/libnss_compat-2.11.1.so
b6939000-b693a000 r-xp 00006000 08:01 1312594    /lib/tls/i686/cmov/libnss_compat-2.11.1.so
b693a000-b693b000 rwxp 00007000 08:01 1312594    /lib/tls/i686/cmov/libnss_compat-2.11.1.so
b693b000-b694e000 r-xp 00000000 08:01 1312592    /lib/tls/i686/cmov/libnsl-2.11.1.so
b694e000-b694f000 r-xp 00012000 08:01 1312592    /lib/tls/i686/cmov/libnsl-2.11.1.so
b694f000-b6950000 rwxp 00013000 08:01 1312592    /lib/tls/i686/cmov/libnsl-2.11.1.so
b6950000-b6952000 rwxp 00000000 00:00 0 
b6952000-b6953000 r-xs 00003000 08:05 4462734    /home/rajkirans/.m2/repository/org/codehaus/plexus/plexus-compiler-javac/1.5.3/plexus-compiler-javac-1.5.3.jar
b6953000-b6954000 r-xs 00002000 08:05 787348     /home/rajkirans/.m2/repository/ant/ant-launcher/1.6.5/ant-launcher-1.6.5.jar
b6954000-b6956000 r-xs 0000e000 08:05 787345     /home/rajkirans/.m2/repository/javax/validation/validation-api/1.0.0.GA/validation-api-1.0.0.GA-sources.jar
b6956000-b695c000 r-xs 0003e000 08:05 4591750    /home/rajkirans/.m2/repository/org/jsoup/jsoup/1.6.3/jsoup-1.6.3.jar
b695c000-b6964000 rwxs 00000000 08:01 1570079    /tmp/hsperfdata_rajkirans/10577
b6964000-b6988000 r-xp 00000000 08:07 7076       /usr/lib/jvm/jdk1.6.0_34/jre/lib/i386/libjava.so
b6988000-b698a000 rwxp 00023000 08:07 7076       /usr/lib/jvm/jdk1.6.0_34/jre/lib/i386/libjava.so
b698a000-b6991000 r-xp 00000000 08:01 1312611    /lib/tls/i686/cmov/librt-2.11.1.so
b6991000-b6992000 r-xp 00006000 08:01 1312611    /lib/tls/i686/cmov/librt-2.11.1.so
b6992000-b6993000 rwxp 00007000 08:01 1312611    /lib/tls/i686/cmov/librt-2.11.1.so
b6993000-b6996000 ---p 00000000 00:00 0 
b6996000-b6a94000 rwxp 00000000 00:00 0 
b6a94000-b6ab8000 r-xp 00000000 08:01 1312589    /lib/tls/i686/cmov/libm-2.11.1.so
b6ab8000-b6ab9000 r-xp 00023000 08:01 1312589    /lib/tls/i686/cmov/libm-2.11.1.so
b6ab9000-b6aba000 rwxp 00024000 08:01 1312589    /lib/tls/i686/cmov/libm-2.11.1.so
b6aba000-b726e000 r-xp 00000000 08:07 7053       /usr/lib/jvm/jdk1.6.0_34/jre/lib/i386/server/libjvm.so
b726e000-b72c2000 rwxp 007b4000 08:07 7053       /usr/lib/jvm/jdk1.6.0_34/jre/lib/i386/server/libjvm.so
b72c2000-b76e1000 rwxp 00000000 00:00 0 
b76e1000-b7834000 r-xp 00000000 08:01 1312581    /lib/tls/i686/cmov/libc-2.11.1.so
b7834000-b7835000 ---p 00153000 08:01 1312581    /lib/tls/i686/cmov/libc-2.11.1.so
b7835000-b7837000 r-xp 00153000 08:01 1312581    /lib/tls/i686/cmov/libc-2.11.1.so
b7837000-b7838000 rwxp 00155000 08:01 1312581    /lib/tls/i686/cmov/libc-2.11.1.so
b7838000-b783b000 rwxp 00000000 00:00 0 
b783b000-b783d000 r-xp 00000000 08:01 1312587    /lib/tls/i686/cmov/libdl-2.11.1.so
b783d000-b783e000 r-xp 00001000 08:01 1312587    /lib/tls/i686/cmov/libdl-2.11.1.so
b783e000-b783f000 rwxp 00002000 08:01 1312587    /lib/tls/i686/cmov/libdl-2.11.1.so
b783f000-b7846000 r-xp 00000000 08:07 7064       /usr/lib/jvm/jdk1.6.0_34/jre/lib/i386/jli/libjli.so
b7846000-b7848000 rwxp 00006000 08:07 7064       /usr/lib/jvm/jdk1.6.0_34/jre/lib/i386/jli/libjli.so
b7848000-b7849000 rwxp 00000000 00:00 0 
b7849000-b785e000 r-xp 00000000 08:01 1312607    /lib/tls/i686/cmov/libpthread-2.11.1.so
b785e000-b785f000 r-xp 00014000 08:01 1312607    /lib/tls/i686/cmov/libpthread-2.11.1.so
b785f000-b7860000 rwxp 00015000 08:01 1312607    /lib/tls/i686/cmov/libpthread-2.11.1.so
b7860000-b7862000 rwxp 00000000 00:00 0 
b7862000-b7865000 r-xs 00009000 08:05 787346     /home/rajkirans/.m2/repository/javax/validation/validation-api/1.0.0.GA/validation-api-1.0.0.GA.jar
b7865000-b7866000 r-xs 00003000 08:05 4591742    /home/rajkirans/.m2/repository/org/w3c/css/sac/1.3/sac-1.3.jar
b7866000-b7867000 rwxp 00000000 00:00 0 
b7867000-b7868000 ---p 00000000 00:00 0 
b7868000-b7873000 r-xp 00000000 08:07 7046       /usr/lib/jvm/jdk1.6.0_34/jre/lib/i386/libverify.so
b7873000-b7874000 rwxp 0000b000 08:07 7046       /usr/lib/jvm/jdk1.6.0_34/jre/lib/i386/libverify.so
b7874000-b7876000 rwxp 00000000 00:00 0 
b7876000-b7877000 r-xp 00000000 00:00 0          [vdso]
b7877000-b7892000 r-xp 00000000 08:01 1308185    /lib/ld-2.11.1.so
b7892000-b7893000 r-xp 0001a000 08:01 1308185    /lib/ld-2.11.1.so
b7893000-b7894000 rwxp 0001b000 08:01 1308185    /lib/ld-2.11.1.so
bf939000-bf953000 rwxp 00000000 00:00 0          [stack]

VM Arguments:
jvm_args: -Xmx512M -Xss1024k 
java_command: com.google.gwt.dev.Compiler -logLevel INFO -style OBF -war /home/rajkirans/NetBeansProjects/project-from-19-aug/23 aug dashboard/titali-dashboard/src/main/webapp/VAADIN/widgetsets -localWorkers 2 -XfragmentCount -1 -extra /home/rajkirans/NetBeansProjects/project-from-19-aug/23 aug dashboard/titali-dashboard/target/extra -compileReport -gen /home/rajkirans/NetBeansProjects/project-from-19-aug/23 aug dashboard/titali-dashboard/target/.generated com.vaadin.demo.dashboard.DashboardWidgetSet
Launcher Type: SUN_STANDARD

Environment Variables:
JAVA_HOME=/usr/lib/jvm/jdk1.6.0_34
JRE_HOME=/usr/lib/jvm/jdk1.6.0_34/jre
PATH=/usr/local/sbin:/usr/local/bin:/usr/sbin:/usr/bin:/sbin:/bin:/usr/games
USERNAME=rajkirans
LD_LIBRARY_PATH=/usr/lib/jvm/jdk1.6.0_34/jre/lib/i386/server:/usr/lib/jvm/jdk1.6.0_34/jre/lib/i386:/usr/lib/jvm/jdk1.6.0_34/jre/../lib/i386:/usr/lib/jvm/jdk1.6.0_34/jre/lib/i386/client:/usr/lib/jvm/jdk1.6.0_34/jre/lib/i386:/usr/lib/jvm/jdk1.6.0_34/jre/../lib/i386
SHELL=/bin/bash
DISPLAY=:0.0

Signal Handlers:
SIGSEGV: [libjvm.so+0x726fe0], sa_mask[0]=0x7ffbfeff, sa_flags=0x10000004
SIGBUS: [libjvm.so+0x726fe0], sa_mask[0]=0x7ffbfeff, sa_flags=0x10000004
SIGFPE: [libjvm.so+0x5e13a0], sa_mask[0]=0x7ffbfeff, sa_flags=0x10000004
SIGPIPE: [libjvm.so+0x5e13a0], sa_mask[0]=0x7ffbfeff, sa_flags=0x10000004
SIGXFSZ: [libjvm.so+0x5e13a0], sa_mask[0]=0x7ffbfeff, sa_flags=0x10000004
SIGILL: [libjvm.so+0x5e13a0], sa_mask[0]=0x7ffbfeff, sa_flags=0x10000004
SIGUSR1: SIG_DFL, sa_mask[0]=0x00000000, sa_flags=0x00000000
SIGUSR2: [libjvm.so+0x5e4600], sa_mask[0]=0x00000004, sa_flags=0x10000004
SIGHUP: [libjvm.so+0x5e41e0], sa_mask[0]=0x7ffbfeff, sa_flags=0x10000004
SIGINT: SIG_IGN, sa_mask[0]=0x00000000, sa_flags=0x00000000
SIGTERM: [libjvm.so+0x5e41e0], sa_mask[0]=0x7ffbfeff, sa_flags=0x10000004
SIGQUIT: [libjvm.so+0x5e41e0], sa_mask[0]=0x7ffbfeff, sa_flags=0x10000004


---------------  S Y S T E M  ---------------

OS:squeeze/sid

uname:Linux 2.6.32-21-generic #32-Ubuntu SMP Fri Apr 16 08:10:02 UTC 2010 i686
libc:glibc 2.11.1 NPTL 2.11.1 
rlimit: STACK 8192k, CORE 0k, NPROC infinity, NOFILE 1024, AS infinity
load average:3.27 2.04 1.38

/proc/meminfo:
MemTotal:        3058272 kB
MemFree:           84088 kB
Buffers:            5360 kB
Cached:           701180 kB
SwapCached:         2312 kB
Active:          2042064 kB
Inactive:         835476 kB
Active(anon):    1715800 kB
Inactive(anon):   573876 kB
Active(file):     326264 kB
Inactive(file):   261600 kB
Unevictable:          16 kB
Mlocked:              16 kB
HighTotal:       2197408 kB
HighFree:           2728 kB
LowTotal:         860864 kB
LowFree:           81360 kB
SwapTotal:       3999736 kB
SwapFree:        3952336 kB
Dirty:               376 kB
Writeback:             0 kB
AnonPages:       2168872 kB
Mapped:            86064 kB
Shmem:            118676 kB
Slab:              54508 kB
SReclaimable:      38408 kB
SUnreclaim:        16100 kB
KernelStack:        3392 kB
PageTables:        11188 kB
NFS_Unstable:          0 kB
Bounce:                0 kB
WritebackTmp:          0 kB
CommitLimit:     5528872 kB
Committed_AS:    3838720 kB
VmallocTotal:     122880 kB
VmallocUsed:       33656 kB
VmallocChunk:      44196 kB
HardwareCorrupted:     0 kB
HugePages_Total:       0
HugePages_Free:        0
HugePages_Rsvd:        0
HugePages_Surp:        0
Hugepagesize:       4096 kB
DirectMap4k:       16376 kB
DirectMap4M:      892928 kB


CPU:total 2 (2 cores per cpu, 1 threads per core) family 6 model 23 stepping 10, cmov, cx8, fxsr, mmx, sse, sse2, sse3, ssse3

/proc/cpuinfo:
processor	: 0
vendor_id	: GenuineIntel
cpu family	: 6
model		: 23
model name	: Pentium(R) Dual-Core  CPU      E5500  @ 2.80GHz
stepping	: 10
cpu MHz		: 2800.000
cache size	: 2048 KB
physical id	: 0
siblings	: 2
core id		: 0
cpu cores	: 2
apicid		: 0
initial apicid	: 0
fdiv_bug	: no
hlt_bug		: no
f00f_bug	: no
coma_bug	: no
fpu		: yes
fpu_exception	: yes
cpuid level	: 13
wp		: yes
flags		: fpu vme de pse tsc msr pae mce cx8 apic mtrr pge mca cmov pat pse36 clflush dts acpi mmx fxsr sse sse2 ss ht tm pbe nx lm constant_tsc arch_perfmon pebs bts aperfmperf pni dtes64 monitor ds_cpl vmx est tm2 ssse3 cx16 xtpr pdcm xsave lahf_lm tpr_shadow vnmi flexpriority
bogomips	: 5586.18
clflush size	: 64
cache_alignment	: 64
address sizes	: 36 bits physical, 48 bits virtual
power management:

processor	: 1
vendor_id	: GenuineIntel
cpu family	: 6
model		: 23
model name	: Pentium(R) Dual-Core  CPU      E5500  @ 2.80GHz
stepping	: 10
cpu MHz		: 2800.000
cache size	: 2048 KB
physical id	: 0
siblings	: 2
core id		: 1
cpu cores	: 2
apicid		: 1
initial apicid	: 1
fdiv_bug	: no
hlt_bug		: no
f00f_bug	: no
coma_bug	: no
fpu		: yes
fpu_exception	: yes
cpuid level	: 13
wp		: yes
flags		: fpu vme de pse tsc msr pae mce cx8 apic mtrr pge mca cmov pat pse36 clflush dts acpi mmx fxsr sse sse2 ss ht tm pbe nx lm constant_tsc arch_perfmon pebs bts aperfmperf pni dtes64 monitor ds_cpl vmx est tm2 ssse3 cx16 xtpr pdcm xsave lahf_lm tpr_shadow vnmi flexpriority
bogomips	: 5585.92
clflush size	: 64
cache_alignment	: 64
address sizes	: 36 bits physical, 48 bits virtual
power management:



Memory: 4k page, physical 3058272k(84088k free), swap 3999736k(3952336k free)

vm_info: Java HotSpot(TM) Server VM (20.9-b04) for linux-x86 JRE (1.6.0_34-b04), built on Jul 19 2012 01:05:12 by "java_re" with gcc 3.2.1-7a (J2SE release)

time: Mon Aug 26 18:58:01 2013
elapsed time: 166 seconds

