#
# A fatal error has been detected by the Java Runtime Environment:
#
#  SIGSEGV (0xb) at pc=0xb6cd3021, pid=9506, tid=2154433392
#
# JRE version: 6.0_34-b04
# Java VM: Java HotSpot(TM) Server VM (20.9-b04 mixed mode linux-x86 )
# Problematic frame:
# V  [libjvm.so+0x2ef021]  constMethodKlass::oop_follow_contents(oopDesc*)+0x71
#
# If you would like to submit a bug report, please visit:
#   http://java.sun.com/webapps/bugreport/crash.jsp
#

---------------  T H R E A D  ---------------

Current thread (0x09c5ac00):  VMThread [stack: 0x80620000,0x806a1000] [id=9511]

siginfo:si_signo=SIGSEGV: si_errno=0, si_code=1 (SEGV_MAPERR), si_addr=0x40000000

Registers:
EAX=0x00000003, EBX=0x40000000, ECX=0x80de5968, EDX=0x80c20de8
ESP=0x8069fed0, EBP=0x8069fee8, ESI=0x8069ff60, EDI=0x80de5968
EIP=0xb6cd3021, EFLAGS=0x00010206, CR2=0x40000000

Top of Stack: (sp=0x8069fed0)
0x8069fed0:   80c21028 80de51c8 00000003 8161bae8
0x8069fee0:   8069ff60 00000000 8069ff28 b6f5ebcd
0x8069fef0:   80c20de8 80de5968 8161bae8 8161bae8
0x8069ff00:   b71e5b3c b71e5b00 b6fa790b 8069ff50
0x8069ff10:   8069ff60 00000000 8069ff98 b700af6f
0x8069ff20:   8069ff50 8069ff50 8069ff98 b700af77
0x8069ff30:   00000000 00000000 09bdf000 00fc1e01
0x8069ff40:   b71d8010 00000000 b71f0fd0 b6f75f01 

Instructions: (pc=0xb6cd3021)
0xb6cd3001:   d0 84 c0 0f 85 14 01 00 00 51 51 53 68 40 0e 1f
0xb6cd3011:   b7 e8 19 6d e7 ff 83 c4 10 8b 5f 18 85 db 74 57
0xb6cd3021:   8b 03 83 e0 03 83 f8 03 74 4d 8b 33 c7 45 f0 03
0xb6cd3031:   00 00 00 8b 45 f0 89 03 80 3d cd 1e 1d b7 00 0f 

Register to memory mapping:

EAX=0x00000003 is an unknown value
EBX=0x40000000 is an unknown value
ECX=0x80de5968 is an oop
{constMethod} 
 - klass: {other class}
 - method:       0x80de5a48 {method} 'getContentType' '()Ljava/lang/String;' in 'sun/net/www/URLConnection'
 - exceptions:   0x80de5948
 - stackmap data:       
[error occurred during error reporting (printing register info), id 0xb]

Stack: [0x80620000,0x806a1000],  sp=0x8069fed0,  free space=511k
Native frames: (J=compiled Java code, j=interpreted, Vv=VM code, C=native code)
V  [libjvm.so+0x2ef021]  constMethodKlass::oop_follow_contents(oopDesc*)+0x71
V  [libjvm.so+0x57abcd]  MarkSweep::follow_stack()+0x3d
V  [libjvm.so+0x626f77]  PSMarkSweep::mark_sweep_phase1(bool)+0xe7
V  [libjvm.so+0x626077]  PSMarkSweep::invoke_no_policy(bool)+0x3c7
V  [libjvm.so+0x625c7d]  PSMarkSweep::invoke(bool)+0x7d
V  [libjvm.so+0x727eca]  VM_ParallelGCSystemGC::doit()+0xda
V  [libjvm.so+0x7361e6]  VM_Operation::evaluate()+0x46
V  [libjvm.so+0x735673]  VMThread::evaluate_operation(VM_Operation*)+0x83
V  [libjvm.so+0x7358e4]  VMThread::loop()+0x194
V  [libjvm.so+0x7353d0]  VMThread::run()+0x80
V  [libjvm.so+0x5e3f8e]  java_start(Thread*)+0x14e
C  [libpthread.so.0+0x596e]  short+0xbe

VM_Operation (0xb69bc740): ParallelGCSystemGC, mode: safepoint, requested by thread 0x09bdf000


---------------  P R O C E S S  ---------------

Java Threads: ( => current thread )
  0x0a448c00 JavaThread "resolver-5" daemon [_thread_blocked, id=9525, stack(0x7f95e000,0x7f9af000)]
  0x0b10dc00 JavaThread "resolver-4" daemon [_thread_blocked, id=9524, stack(0x7f9af000,0x7fa00000)]
  0x0aa9f000 JavaThread "resolver-3" daemon [_thread_blocked, id=9523, stack(0x80054000,0x800a5000)]
  0x0a2e2800 JavaThread "resolver-2" daemon [_thread_blocked, id=9522, stack(0x800a5000,0x800f6000)]
  0x0a402800 JavaThread "resolver-1" daemon [_thread_blocked, id=9521, stack(0x80250000,0x802a1000)]
  0x09c80c00 JavaThread "Low Memory Detector" daemon [_thread_blocked, id=9517, stack(0x8039b000,0x803ec000)]
  0x09c75800 JavaThread "C2 CompilerThread1" daemon [_thread_blocked, id=9516, stack(0x803ec000,0x8046d000)]
  0x09c73800 JavaThread "C2 CompilerThread0" daemon [_thread_blocked, id=9515, stack(0x8046d000,0x804ee000)]
  0x09c72000 JavaThread "Signal Dispatcher" daemon [_thread_blocked, id=9514, stack(0x804ee000,0x8053f000)]
  0x09c60000 JavaThread "Finalizer" daemon [_thread_blocked, id=9513, stack(0x8057e000,0x805cf000)]
  0x09c5e800 JavaThread "Reference Handler" daemon [_thread_blocked, id=9512, stack(0x805cf000,0x80620000)]
  0x09bdf000 JavaThread "main" [_thread_blocked, id=9508, stack(0xb696d000,0xb69be000)]

Other Threads:
=>0x09c5ac00 VMThread [stack: 0x80620000,0x806a1000] [id=9511]
  0x09c82800 WatcherThread [stack: 0x8031a000,0x8039b000] [id=9518]

VM state:at safepoint (normal execution)

VM Mutex/Monitor currently owned by a thread:  ([mutex/lock_event])
[0x09bdcd58] Threads_lock - owner thread: 0x09c5ac00
[0x09bdd168] Heap_lock - owner thread: 0x09bdf000

Heap
 PSYoungGen      total 196800K, used 48K [0xa3ed0000, 0xb03b0000, 0xb3820000)
  eden space 192256K, 0% used [0xa3ed0000,0xa3ed0000,0xafa90000)
  from space 4544K, 1% used [0xafa90000,0xafa9c000,0xaff00000)
  to   space 4672K, 0% used [0xaff20000,0xaff20000,0xb03b0000)
 PSOldGen        total 31872K, used 10977K [0x84c20000, 0x86b40000, 0xa3ed0000)
  object space 31872K, 34% used [0x84c20000,0x856d86c8,0x86b40000)
 PSPermGen       total 16384K, used 14149K [0x80c20000, 0x81c20000, 0x84c20000)
  object space 16384K, 86% used [0x80c20000,0x819f1798,0x81c20000)

Code Cache  [0xb38e6000, 0xb3ba6000, 0xb68e6000)
 total_blobs=883 nmethods=752 adapters=85 free_code_cache=47673984 largest_free_block=74752

Dynamic libraries:
08048000-08052000 r-xp 00000000 08:07 6968       /usr/lib/jvm/jdk1.6.0_34/bin/java
08052000-08053000 rwxp 00009000 08:07 6968       /usr/lib/jvm/jdk1.6.0_34/bin/java
09bd9000-0b1d7000 rwxp 00000000 00:00 0          [heap]
7dc00000-7dc42000 rwxp 00000000 00:00 0 
7dc42000-7dd00000 ---p 00000000 00:00 0 
7de00000-7deff000 rwxp 00000000 00:00 0 
7deff000-7df00000 ---p 00000000 00:00 0 
7df00000-7dfeb000 rwxp 00000000 00:00 0 
7dfeb000-7e000000 ---p 00000000 00:00 0 
7e000000-7e1f5000 rwxp 00000000 00:00 0 
7e1f5000-7e200000 ---p 00000000 00:00 0 
7e200000-7e2e1000 rwxp 00000000 00:00 0 
7e2e1000-7e300000 ---p 00000000 00:00 0 
7e300000-7e3ff000 rwxp 00000000 00:00 0 
7e3ff000-7e400000 ---p 00000000 00:00 0 
7e400000-7e4ff000 rwxp 00000000 00:00 0 
7e4ff000-7e500000 ---p 00000000 00:00 0 
7e500000-7e5fc000 rwxp 00000000 00:00 0 
7e5fc000-7e600000 ---p 00000000 00:00 0 
7e600000-7e6ea000 rwxp 00000000 00:00 0 
7e6ea000-7e700000 ---p 00000000 00:00 0 
7e700000-7e7fb000 rwxp 00000000 00:00 0 
7e7fb000-7e800000 ---p 00000000 00:00 0 
7e800000-7e8fc000 rwxp 00000000 00:00 0 
7e8fc000-7e900000 ---p 00000000 00:00 0 
7ea00000-7eafd000 rwxp 00000000 00:00 0 
7eafd000-7eb00000 ---p 00000000 00:00 0 
7eb00000-7ebfa000 rwxp 00000000 00:00 0 
7ebfa000-7ec00000 ---p 00000000 00:00 0 
7ec00000-7ecfe000 rwxp 00000000 00:00 0 
7ecfe000-7ed00000 ---p 00000000 00:00 0 
7ed04000-7ed05000 r-xs 00003000 08:05 4462734    /home/rajkirans/.m2/repository/org/codehaus/plexus/plexus-compiler-javac/1.5.3/plexus-compiler-javac-1.5.3.jar
7ed05000-7ed06000 r-xs 00004000 08:05 4462736    /home/rajkirans/.m2/repository/org/codehaus/plexus/plexus-compiler-api/1.5.3/plexus-compiler-api-1.5.3.jar
7ed06000-7ed1e000 r-xs 00115000 08:05 787621     /home/rajkirans/.m2/repository/xerces/xercesImpl/2.9.1/xercesImpl-2.9.1.jar
7ed1e000-7ed1f000 r-xs 00006000 08:05 787618     /home/rajkirans/.m2/repository/jakarta-regexp/jakarta-regexp/1.4/jakarta-regexp-1.4.jar
7ed1f000-7ed29000 r-xs 00079000 08:05 787616     /home/rajkirans/.m2/repository/org/apache/bcel/bcel/5.2/bcel-5.2.jar
7ed29000-7ed3b000 r-xs 00245000 08:05 787615     /home/rajkirans/.m2/repository/com/ibm/icu/icu4j/2.6.1/icu4j-2.6.1.jar
7ed3b000-7ed60000 r-xs 002dc000 08:05 787612     /home/rajkirans/.m2/repository/xalan/xalan/2.6.0/xalan-2.6.0.jar
7ed60000-7ed66000 r-xs 00019000 08:05 787610     /home/rajkirans/.m2/repository/xerces/xmlParserAPIs/2.6.2/xmlParserAPIs-2.6.2.jar
7ed66000-7ed69000 r-xs 00018000 08:05 787608     /home/rajkirans/.m2/repository/xom/xom/1.0/xom-1.0.jar
7ed69000-7ed71000 r-xs 00028000 08:05 4589113    /home/rajkirans/.m2/repository/xml-apis/xml-apis/1.3.02/xml-apis-1.3.02.jar
7ed71000-7ed74000 r-xs 00023000 08:05 787607     /home/rajkirans/.m2/repository/jdom/jdom/1.0/jdom-1.0.jar
7ed74000-7ed79000 r-xs 00048000 08:05 4594365    /home/rajkirans/.m2/repository/dom4j/dom4j/1.6.1/dom4j-1.6.1.jar
7ed79000-7ed7f000 r-xs 00032000 08:05 787606     /home/rajkirans/.m2/repository/jaxen/jaxen/1.1.1/jaxen-1.1.1.jar
7ed7f000-7ed82000 r-xs 00023000 08:05 787602     /home/rajkirans/.m2/repository/org/jdom/jdom/1.1/jdom-1.1.jar
7ed82000-7ed87000 r-xs 00040000 08:05 787601     /home/rajkirans/.m2/repository/commons-lang/commons-lang/2.5/commons-lang-2.5.jar
7ed87000-7ed90000 r-xs 00075000 08:05 787597     /home/rajkirans/.m2/repository/org/apache/maven/surefire/surefire-api/2.4.3/surefire-api-2.4.3.jar
7ed90000-7ed96000 r-xs 0003c000 08:05 787596     /home/rajkirans/.m2/repository/org/apache/maven/surefire/surefire-booter/2.4.3/surefire-booter-2.4.3.jar
7ed96000-7ed9c000 r-xs 00034000 08:05 787595     /home/rajkirans/.m2/repository/junit/junit/4.8.1/junit-4.8.1.jar
7ed9c000-7eda3000 r-xs 0004e000 08:05 787363     /home/rajkirans/.m2/repository/org/apache/james/apache-mime4j/0.6/apache-mime4j-0.6.jar
7eda3000-7ef00000 r-xs 01869000 08:05 787337     /home/rajkirans/.m2/repository/com/vaadin/vaadin-client-compiler/7.0.2/vaadin-client-compiler-7.0.2.jar
7ef00000-7f000000 rwxp 00000000 00:00 0 
7f000000-7f004000 r-xs 00023000 08:05 4598040    /home/rajkirans/.m2/repository/org/codehaus/plexus/plexus-archiver/1.0-alpha-9/plexus-archiver-1.0-alpha-9.jar
7f004000-7f013000 r-xs 000ee000 08:05 787347     /home/rajkirans/.m2/repository/ant/ant/1.6.5/ant-1.6.5.jar
7f013000-7f038000 r-xs 0025d000 08:05 787334     /home/rajkirans/.m2/repository/com/vaadin/vaadin-server/7.0.2/vaadin-server-7.0.2.jar
7f038000-7f150000 r-xs 00dc4000 08:05 787335     /home/rajkirans/.m2/repository/com/vaadin/vaadin-client/7.0.2/vaadin-client-7.0.2.jar
7f153000-7f15e000 r-xs 0005f000 08:05 4462990    /home/rajkirans/.m2/repository/com/thoughtworks/xstream/xstream/1.3.1/xstream-1.3.1.jar
7f15e000-7f161000 ---p 00000000 00:00 0 
7f161000-7f1af000 rwxp 00000000 00:00 0 
7f1af000-7f1b2000 ---p 00000000 00:00 0 
7f1b2000-7f200000 rwxp 00000000 00:00 0 
7f200000-7f2fe000 rwxp 00000000 00:00 0 
7f2fe000-7f300000 ---p 00000000 00:00 0 
7f300000-7f3e7000 rwxp 00000000 00:00 0 
7f3e7000-7f400000 ---p 00000000 00:00 0 
7f400000-7f4fa000 rwxp 00000000 00:00 0 
7f4fa000-7f500000 ---p 00000000 00:00 0 
7f500000-7f5ee000 rwxp 00000000 00:00 0 
7f5ee000-7f600000 ---p 00000000 00:00 0 
7f600000-7f6f1000 rwxp 00000000 00:00 0 
7f6f1000-7f700000 ---p 00000000 00:00 0 
7f700000-7f703000 r-xs 00024000 08:05 787598     /home/rajkirans/.m2/repository/commons-io/commons-io/2.0.1/commons-io-2.0.1.jar
7f703000-7f705000 r-xs 0000a000 08:05 787357     /home/rajkirans/.m2/repository/commons-codec/commons-codec/1.3/commons-codec-1.3.jar
7f705000-7f706000 r-xs 00002000 08:05 787355     /home/rajkirans/.m2/repository/org/jdesktop/swing-worker/1.1/swing-worker-1.1.jar
7f706000-7f70a000 r-xs 00024000 08:05 787353     /home/rajkirans/.m2/repository/org/mortbay/jetty/jetty-util/6.1.11/jetty-util-6.1.11.jar
7f70a000-7f70d000 r-xs 0001e000 08:05 787354     /home/rajkirans/.m2/repository/org/mortbay/jetty/servlet-api-2.5/6.1.11/servlet-api-2.5-6.1.11.jar
7f70d000-7f733000 r-xs 00184000 08:05 4591752    /home/rajkirans/.m2/repository/com/vaadin/vaadin-shared-deps/1.0.2/vaadin-shared-deps-1.0.2.jar
7f738000-7f739000 r-xs 00001000 08:05 787226     /home/rajkirans/.m2/repository/org/vaadin/addons/cssinject/2.0.3/cssinject-2.0.3.jar
7f73e000-7f74b000 r-xs 000c4000 08:05 787224     /home/rajkirans/.m2/repository/com/vaadin/addon/vaadin-charts/1.0.0/vaadin-charts-1.0.0.jar
7f74b000-7f751000 r-xs 0003f000 08:05 787225     /home/rajkirans/.m2/repository/com/vaadin/addon/vaadin-calendar-cval-2.0/2.0.0.beta3/vaadin-calendar-cval-2.0-2.0.0.beta3.jar
7f753000-7f755000 r-xs 00007000 08:05 4462993    /home/rajkirans/.m2/repository/org/apache/maven/shared/maven-filtering/1.0-beta-2/maven-filtering-1.0-beta-2.jar
7f755000-7f757000 r-xs 00005000 08:05 4462987    /home/rajkirans/.m2/repository/xpp3/xpp3_min/1.1.4c/xpp3_min-1.1.4c.jar
7f757000-7f75a000 r-xs 0000a000 08:05 4462988    /home/rajkirans/.m2/repository/org/codehaus/plexus/plexus-io/1.0.1/plexus-io-1.0.1.jar
7f75a000-7f75e000 r-xs 00029000 08:05 4462986    /home/rajkirans/.m2/repository/org/codehaus/plexus/plexus-archiver/1.2/plexus-archiver-1.2.jar
7f75e000-7f761000 ---p 00000000 00:00 0 
7f761000-7f7af000 rwxp 00000000 00:00 0 
7f7af000-7f7b2000 ---p 00000000 00:00 0 
7f7b2000-7f800000 rwxp 00000000 00:00 0 
7f800000-7f8fd000 rwxp 00000000 00:00 0 
7f8fd000-7f900000 ---p 00000000 00:00 0 
7f900000-7f901000 r-xs 00004000 08:05 4462989    /home/rajkirans/.m2/repository/org/apache/maven/maven-archiver/2.4.1/maven-archiver-2.4.1.jar
7f901000-7f902000 r-xs 00002000 08:05 4598056    /home/rajkirans/.m2/repository/org/codehaus/plexus/plexus-io/1.0-alpha-1/plexus-io-1.0-alpha-1.jar
7f902000-7f909000 r-xs 00074000 08:05 787349     /home/rajkirans/.m2/repository/org/mortbay/jetty/jetty/6.1.11/jetty-6.1.11.jar
7f909000-7f90a000 r-xs 00002000 08:05 787348     /home/rajkirans/.m2/repository/ant/ant-launcher/1.6.5/ant-launcher-1.6.5.jar
7f90a000-7f90c000 r-xs 00009000 08:05 4591724    /home/rajkirans/.m2/repository/commons-cli/commons-cli/1.2/commons-cli-1.2.jar
7f90c000-7f912000 r-xs 0003c000 08:05 4591741    /home/rajkirans/.m2/repository/org/apache/commons/commons-jexl/2.1.1/commons-jexl-2.1.1.jar
7f912000-7f917000 r-xs 00063000 08:05 787340     /home/rajkirans/.m2/repository/com/vaadin/vaadin-theme-compiler/7.0.2/vaadin-theme-compiler-7.0.2.jar
7f917000-7f947000 r-xs 001b7000 08:05 787333     /home/rajkirans/.m2/repository/com/vaadin/vaadin-shared/7.0.2/vaadin-shared-7.0.2.jar
7f947000-7f949000 r-xs 00011000 08:05 4460874    /home/rajkirans/.m2/repository/org/apache/maven/plugins/maven-war-plugin/2.1.1/maven-war-plugin-2.1.1.jar
7f951000-7f952000 r-xs 00002000 08:05 4462879    /home/rajkirans/.m2/repository/org/apache/maven/reporting/maven-reporting-api/2.0.9/maven-reporting-api-2.0.9.jar
7f952000-7f955000 r-xs 00034000 08:05 4462874    /home/rajkirans/.m2/repository/org/codehaus/plexus/plexus-utils/2.1/plexus-utils-2.1.jar
7f955000-7f957000 r-xs 00006000 08:05 4462876    /home/rajkirans/.m2/repository/org/apache/maven/shared/maven-common-artifact-filters/1.3/maven-common-artifact-filters-1.3.jar
7f957000-7f959000 r-xs 0000d000 08:05 4462878    /home/rajkirans/.m2/repository/org/apache/maven/surefire/maven-surefire-common/2.10/maven-surefire-common-2.10.jar
7f959000-7f95e000 r-xs 00023000 08:05 4462877    /home/rajkirans/.m2/repository/org/apache/maven/surefire/surefire-api/2.10/surefire-api-2.10.jar
7f95e000-7f961000 ---p 00000000 00:00 0 
7f961000-7f9af000 rwxp 00000000 00:00 0 
7f9af000-7f9b2000 ---p 00000000 00:00 0 
7f9b2000-7fa00000 rwxp 00000000 00:00 0 
7fa00000-7fbf8000 rwxp 00000000 00:00 0 
7fbf8000-7fc00000 ---p 00000000 00:00 0 
7fc00000-7fcff000 rwxp 00000000 00:00 0 
7fcff000-7fd00000 ---p 00000000 00:00 0 
7fd00000-7fdfe000 rwxp 00000000 00:00 0 
7fdfe000-7fe00000 ---p 00000000 00:00 0 
7fe00000-7fed1000 rwxp 00000000 00:00 0 
7fed1000-7ff00000 ---p 00000000 00:00 0 
7ff00000-7fff4000 rwxp 00000000 00:00 0 
7fff4000-80000000 ---p 00000000 00:00 0 
80000000-80003000 r-xs 0003b000 08:05 4591748    /home/rajkirans/.m2/repository/net/sourceforge/cssparser/cssparser/0.9.5/cssparser-0.9.5.jar
80003000-80005000 r-xs 0000e000 08:05 787345     /home/rajkirans/.m2/repository/javax/validation/validation-api/1.0.0.GA/validation-api-1.0.0.GA-sources.jar
80005000-80008000 r-xs 00009000 08:05 787346     /home/rajkirans/.m2/repository/javax/validation/validation-api/1.0.0.GA/validation-api-1.0.0.GA.jar
80008000-80009000 r-xs 00003000 08:05 4591742    /home/rajkirans/.m2/repository/org/w3c/css/sac/1.3/sac-1.3.jar
80009000-8000f000 r-xs 0003e000 08:05 4591750    /home/rajkirans/.m2/repository/org/jsoup/jsoup/1.6.3/jsoup-1.6.3.jar
8000f000-8001e000 r-xs 000b3000 08:05 787593     /home/rajkirans/.m2/repository/freemarker/freemarker/2.3.6/freemarker-2.3.6.jar
8001e000-80022000 r-xs 00028000 08:05 787590     /home/rajkirans/.m2/repository/com/thoughtworks/qdox/qdox/1.12/qdox-1.12.jar
80022000-80024000 r-xs 0000d000 08:05 4594261    /home/rajkirans/.m2/repository/commons-logging/commons-logging/1.1.1/commons-logging-1.1.1.jar
80024000-80025000 r-xs 0000c000 08:05 4587855    /home/rajkirans/.m2/repository/org/springframework/spring-asm/3.0.5.RELEASE/spring-asm-3.0.5.RELEASE.jar
80025000-8002e000 r-xs 00055000 08:05 4587854    /home/rajkirans/.m2/repository/org/springframework/spring-core/3.0.5.RELEASE/spring-core-3.0.5.RELEASE.jar
8002e000-8003b000 r-xs 0007f000 08:05 4591160    /home/rajkirans/.m2/repository/commons-collections/commons-collections/3.2/commons-collections-3.2.jar
8003b000-80043000 r-xs 00058000 08:05 4591155    /home/rajkirans/.m2/repository/org/apache/velocity/velocity/1.5/velocity-1.5.jar
80043000-80044000 r-xs 00001000 08:05 4591154    /home/rajkirans/.m2/repository/org/codehaus/plexus/plexus-velocity/1.1.7/plexus-velocity-1.1.7.jar
80044000-80045000 r-xs 00002000 08:05 4591151    /home/rajkirans/.m2/repository/org/codehaus/plexus/plexus-i18n/1.0-beta-7/plexus-i18n-1.0-beta-7.jar
80045000-80047000 r-xs 00008000 08:05 787588     /home/rajkirans/.m2/repository/org/apache/maven/doxia/doxia-module-fml/1.1.4/doxia-module-fml-1.1.4.jar
80047000-80048000 r-xs 00003000 08:05 787585     /home/rajkirans/.m2/repository/org/apache/maven/doxia/doxia-module-xhtml/1.1.4/doxia-module-xhtml-1.1.4.jar
80048000-8004a000 r-xs 0000b000 08:05 787584     /home/rajkirans/.m2/repository/org/apache/maven/doxia/doxia-decoration-model/1.1.4/doxia-decoration-model-1.1.4.jar
8004a000-8004c000 r-xs 0000b000 08:05 787582     /home/rajkirans/.m2/repository/org/apache/maven/doxia/doxia-site-renderer/1.1.4/doxia-site-renderer-1.1.4.jar
8004c000-8004d000 r-xs 00002000 08:05 787583     /home/rajkirans/.m2/repository/org/apache/maven/doxia/doxia-logging-api/1.1.4/doxia-logging-api-1.1.4.jar
8004d000-8004f000 r-xs 00002000 08:05 787580     /home/rajkirans/.m2/repository/org/apache/maven/doxia/doxia-sink-api/1.1.4/doxia-sink-api-1.1.4.jar
80050000-80052000 r-xs 00007000 08:05 4462873    /home/rajkirans/.m2/repository/org/apache/maven/surefire/surefire-booter/2.10/surefire-booter-2.10.jar
80052000-80054000 r-xs 00006000 08:05 4460863    /home/rajkirans/.m2/repository/org/apache/maven/plugins/maven-surefire-plugin/2.10/maven-surefire-plugin-2.10.jar
80054000-80057000 ---p 00000000 00:00 0 
80057000-800a5000 rwxp 00000000 00:00 0 
800a5000-800a8000 ---p 00000000 00:00 0 
800a8000-800f6000 rwxp 00000000 00:00 0 
800f6000-800f7000 r-xs 00003000 08:05 787665     /home/rajkirans/.m2/repository/org/codehaus/plexus/plexus-compiler-javac/1.9.1/plexus-compiler-javac-1.9.1.jar
800f7000-800f9000 r-xs 00000000 08:05 787662     /home/rajkirans/.m2/repository/org/codehaus/plexus/plexus-compiler-manager/1.9.1/plexus-compiler-manager-1.9.1.jar
800f9000-800fb000 r-xs 00004000 08:05 787664     /home/rajkirans/.m2/repository/org/codehaus/plexus/plexus-compiler-api/1.9.1/plexus-compiler-api-1.9.1.jar
800fb000-800ff000 r-xs 00034000 08:05 4722964    /home/rajkirans/.m2/repository/org/codehaus/plexus/plexus-utils/3.0/plexus-utils-3.0.jar
800ff000-80100000 r-xs 00007000 08:05 786895     /home/rajkirans/.m2/repository/org/apache/maven/plugins/maven-compiler-plugin/2.5.1/maven-compiler-plugin-2.5.1.jar
80100000-801ff000 rwxp 00000000 00:00 0 
801ff000-80200000 ---p 00000000 00:00 0 
80200000-80202000 r-xs 0000e000 08:05 4591157    /home/rajkirans/.m2/repository/oro/oro/2.0.8/oro-2.0.8.jar
80202000-80206000 r-xs 00026000 08:05 4591170    /home/rajkirans/.m2/repository/commons-digester/commons-digester/1.6/commons-digester-1.6.jar
80206000-8020b000 r-xs 0002a000 08:05 4591168    /home/rajkirans/.m2/repository/commons-beanutils/commons-beanutils/1.7.0/commons-beanutils-1.7.0.jar
8020b000-8020e000 r-xs 00014000 08:05 4591163    /home/rajkirans/.m2/repository/commons-validator/commons-validator/1.2.0/commons-validator-1.2.0.jar
8020e000-80214000 r-xs 00045000 08:05 4591144    /home/rajkirans/.m2/repository/commons-httpclient/commons-httpclient/3.1/commons-httpclient-3.1.jar
80214000-80218000 r-xs 00023000 08:05 4591135    /home/rajkirans/.m2/repository/org/apache/maven/doxia/doxia-core/1.1.2/doxia-core-1.1.2.jar
80218000-8021a000 r-xs 00003000 08:05 4591161    /home/rajkirans/.m2/repository/org/apache/maven/reporting/maven-reporting-impl/2.1/maven-reporting-impl-2.1.jar
8021a000-8021b000 r-xs 00002000 08:05 4587852    /home/rajkirans/.m2/repository/org/apache/maven/reporting/maven-reporting-api/3.0/maven-reporting-api-3.0.jar
8021b000-8021f000 r-xs 0002b000 08:05 4722940    /home/rajkirans/.m2/repository/com/vaadin/vaadin-maven-plugin/7.0.2/vaadin-maven-plugin-7.0.2.jar
8021f000-80221000 r-xs 0000d000 08:05 4462427    /home/rajkirans/.m2/repository/org/codehaus/plexus/plexus-interpolation/1.13/plexus-interpolation-1.13.jar
80221000-80222000 r-xs 00001000 08:05 4462423    /home/rajkirans/.m2/repository/org/sonatype/plexus/plexus-build-api/0.0.4/plexus-build-api-0.0.4.jar
80222000-80224000 r-xs 00009000 08:05 4462417    /home/rajkirans/.m2/repository/org/apache/maven/shared/maven-filtering/1.0/maven-filtering-1.0.jar
80224000-80228000 r-xs 00033000 08:05 4462194    /home/rajkirans/.m2/repository/org/codehaus/plexus/plexus-utils/2.0.5/plexus-utils-2.0.5.jar
80228000-8022b000 r-xs 0001b000 08:05 4462420    /home/rajkirans/.m2/repository/junit/junit/3.8.1/junit-3.8.1.jar
8022b000-8022d000 r-xs 00002000 08:05 4462421    /home/rajkirans/.m2/repository/org/codehaus/plexus/plexus-interactivity-api/1.0-alpha-4/plexus-interactivity-api-1.0-alpha-4.jar
8022d000-8022f000 r-xs 00006000 08:05 4462418    /home/rajkirans/.m2/repository/commons-cli/commons-cli/1.0/commons-cli-1.0.jar
8022f000-80230000 r-xs 00001000 08:05 4462419    /home/rajkirans/.m2/repository/org/apache/maven/doxia/doxia-sink-api/1.0-alpha-7/doxia-sink-api-1.0-alpha-7.jar
80230000-80231000 r-xs 00002000 08:05 4462415    /home/rajkirans/.m2/repository/org/apache/maven/reporting/maven-reporting-api/2.0.6/maven-reporting-api-2.0.6.jar
80231000-80233000 r-xs 00005000 08:05 4460827    /home/rajkirans/.m2/repository/org/apache/maven/plugins/maven-resources-plugin/2.5/maven-resources-plugin-2.5.jar
80233000-8023a000 r-xp 00000000 08:07 7079       /usr/lib/jvm/jdk1.6.0_34/jre/lib/i386/libnio.so
8023a000-8023b000 rwxp 00006000 08:07 7079       /usr/lib/jvm/jdk1.6.0_34/jre/lib/i386/libnio.so
8023b000-8024f000 r-xp 00000000 08:07 7041       /usr/lib/jvm/jdk1.6.0_34/jre/lib/i386/libnet.so
8024f000-80250000 rwxp 00013000 08:07 7041       /usr/lib/jvm/jdk1.6.0_34/jre/lib/i386/libnet.so
80250000-80253000 ---p 00000000 00:00 0 
80253000-802a1000 rwxp 00000000 00:00 0 
802a1000-802a3000 r-xs 0000d000 08:07 1714837    /usr/local/netbeans-7.2/java/maven/lib/plexus-interpolation-1.14.jar
802a3000-802c1000 r-xs 0014f000 08:07 1714931    /usr/local/netbeans-7.2/java/maven/lib/sisu-guava-0.9.9.jar
802c1000-802c4000 r-xs 00008000 08:07 1714788    /usr/local/netbeans-7.2/java/maven/lib/maven-settings-builder-3.0.4.jar
802c4000-802c5000 r-xs 00003000 08:07 1714921    /usr/local/netbeans-7.2/java/maven/lib/aether-spi-1.13.1.jar
802c5000-802c7000 r-xs 00006000 08:07 1714704    /usr/local/netbeans-7.2/java/maven/lib/maven-repository-metadata-3.0.4.jar
802c7000-802c8000 r-xs 00006000 08:07 1714839    /usr/local/netbeans-7.2/java/maven/lib/plexus-sec-dispatcher-1.3.jar
802c8000-802da000 r-xs 0009c000 08:07 1714892    /usr/local/netbeans-7.2/java/maven/lib/wagon-http-2.2-shaded.jar
802da000-802dc000 r-xs 0000a000 08:07 1714895    /usr/local/netbeans-7.2/java/maven/lib/maven-settings-3.0.4.jar
802dc000-802e4000 r-xs 0004e000 08:07 1714873    /usr/local/netbeans-7.2/java/maven/lib/sisu-guice-3.1.0-no_aop.jar
802e4000-802e6000 r-xs 0000b000 08:07 1714896    /usr/local/netbeans-7.2/java/maven/lib/maven-artifact-3.0.4.jar
802e6000-802e8000 r-xs 00009000 08:07 1714897    /usr/local/netbeans-7.2/java/maven/lib/maven-embedder-3.0.4.jar
802e8000-802ef000 r-xs 0003e000 08:07 1714883    /usr/local/netbeans-7.2/java/maven/lib/sisu-inject-bean-2.3.0.jar
802ef000-802f5000 r-xs 0002b000 08:07 1714856    /usr/local/netbeans-7.2/java/maven/lib/sisu-inject-plexus-2.3.0.jar
802f5000-802f7000 r-xs 0000c000 08:07 1714808    /usr/local/netbeans-7.2/java/maven/lib/maven-aether-provider-3.0.4.jar
802f7000-802fb000 r-xs 0001c000 08:07 1714914    /usr/local/netbeans-7.2/java/maven/lib/aether-util-1.13.1.jar
802fb000-80301000 r-xs 0003e000 08:07 1714912    /usr/local/netbeans-7.2/java/maven/lib/maven-compat-3.0.4.jar
80301000-80303000 r-xs 0000a000 08:07 1714884    /usr/local/netbeans-7.2/java/maven/lib/maven-plugin-api-3.0.4.jar
80303000-80305000 r-xs 00002000 08:07 1714919    /usr/local/netbeans-7.2/java/maven/lib/plexus-cipher-1.7.jar
80305000-80311000 r-xs 0007b000 08:07 1714932    /usr/local/netbeans-7.2/java/maven/lib/maven-core-3.0.4.jar
80311000-80313000 r-xs 00000000 08:07 1714605    /usr/local/netbeans-7.2/java/maven/lib/plexus-component-annotations-1.5.5.jar
80313000-80316000 r-xs 00025000 08:07 1714920    /usr/local/netbeans-7.2/java/maven/lib/maven-model-3.0.4.jar
80316000-8031a000 r-xs 00012000 08:07 1714922    /usr/local/netbeans-7.2/java/maven/lib/aether-api-1.13.1.jar
8031a000-8031b000 ---p 00000000 00:00 0 
8031b000-8039b000 rwxp 00000000 00:00 0 
8039b000-8039e000 ---p 00000000 00:00 0 
8039e000-803ec000 rwxp 00000000 00:00 0 
803ec000-803ef000 ---p 00000000 00:00 0 
803ef000-8046d000 rwxp 00000000 00:00 0 
8046d000-80470000 ---p 00000000 00:00 0 
80470000-804ee000 rwxp 00000000 00:00 0 
804ee000-804f1000 ---p 00000000 00:00 0 
804f1000-8053f000 rwxp 00000000 00:00 0 
8053f000-8057e000 r-xp 00000000 08:07 1844312    /usr/lib/locale/en_IN/LC_CTYPE
8057e000-80581000 ---p 00000000 00:00 0 
80581000-805cf000 rwxp 00000000 00:00 0 
805cf000-805d2000 ---p 00000000 00:00 0 
805d2000-80620000 rwxp 00000000 00:00 0 
80620000-80621000 ---p 00000000 00:00 0 
80621000-806d5000 rwxp 00000000 00:00 0          [threadstack:0007f494]
806d5000-8086d000 r-xs 0307a000 08:07 7102       /usr/lib/jvm/jdk1.6.0_34/jre/lib/rt.jar
8086d000-8086e000 ---p 00000000 00:00 0 
8086e000-808ee000 rwxp 00000000 00:00 0 
808ee000-808ef000 ---p 00000000 00:00 0 
808ef000-80977000 rwxp 00000000 00:00 0 
80977000-8098f000 rwxp 00000000 00:00 0 
8098f000-8099f000 rwxp 00000000 00:00 0 
8099f000-80a89000 rwxp 00000000 00:00 0 
80a89000-80a91000 rwxp 00000000 00:00 0 
80a91000-80aa9000 rwxp 00000000 00:00 0 
80aa9000-80ab9000 rwxp 00000000 00:00 0 
80ab9000-80ba2000 rwxp 00000000 00:00 0 
80ba2000-80c05000 rwxp 00000000 00:00 0 
80c05000-80c1f000 rwxp 00000000 00:00 0 
80c1f000-81c20000 rwxp 00000000 00:00 0 
81c20000-84c20000 rwxp 00000000 00:00 0 
84c20000-86b40000 rwxp 00000000 00:00 0 
86b40000-a3ed0000 rwxp 00000000 00:00 0 
a3ed0000-b03b0000 rwxp 00000000 00:00 0 
b03b0000-b03d0000 ---p 00000000 00:00 0 
b03d0000-b3820000 rwxp 00000000 00:00 0 
b3820000-b3821000 r-xp 00000000 00:00 0 
b3821000-b3823000 r-xs 0000b000 08:07 1714882    /usr/local/netbeans-7.2/java/maven/lib/wagon-provider-api-2.2.jar
b3823000-b3826000 r-xs 00033000 08:07 1714913    /usr/local/netbeans-7.2/java/maven/lib/plexus-utils-2.0.6.jar
b3826000-b3831000 rwxp 00000000 00:00 0 
b3831000-b38e6000 rwxp 00000000 00:00 0 
b38e6000-b3ba6000 rwxp 00000000 00:00 0 
b3ba6000-b68e6000 rwxp 00000000 00:00 0 
b68e6000-b68f5000 r-xp 00000000 08:07 7071       /usr/lib/jvm/jdk1.6.0_34/jre/lib/i386/libzip.so
b68f5000-b68f7000 rwxp 0000e000 08:07 7071       /usr/lib/jvm/jdk1.6.0_34/jre/lib/i386/libzip.so
b68f7000-b6901000 r-xp 00000000 08:01 1312598    /lib/tls/i686/cmov/libnss_files-2.11.1.so
b6901000-b6902000 r-xp 00009000 08:01 1312598    /lib/tls/i686/cmov/libnss_files-2.11.1.so
b6902000-b6903000 rwxp 0000a000 08:01 1312598    /lib/tls/i686/cmov/libnss_files-2.11.1.so
b6903000-b690b000 r-xp 00000000 08:01 1312602    /lib/tls/i686/cmov/libnss_nis-2.11.1.so
b690b000-b690c000 r-xp 00007000 08:01 1312602    /lib/tls/i686/cmov/libnss_nis-2.11.1.so
b690c000-b690d000 rwxp 00008000 08:01 1312602    /lib/tls/i686/cmov/libnss_nis-2.11.1.so
b690d000-b6913000 r-xp 00000000 08:01 1312594    /lib/tls/i686/cmov/libnss_compat-2.11.1.so
b6913000-b6914000 r-xp 00006000 08:01 1312594    /lib/tls/i686/cmov/libnss_compat-2.11.1.so
b6914000-b6915000 rwxp 00007000 08:01 1312594    /lib/tls/i686/cmov/libnss_compat-2.11.1.so
b6915000-b6928000 r-xp 00000000 08:01 1312592    /lib/tls/i686/cmov/libnsl-2.11.1.so
b6928000-b6929000 r-xp 00012000 08:01 1312592    /lib/tls/i686/cmov/libnsl-2.11.1.so
b6929000-b692a000 rwxp 00013000 08:01 1312592    /lib/tls/i686/cmov/libnsl-2.11.1.so
b692a000-b692c000 rwxp 00000000 00:00 0 
b692c000-b692e000 r-xs 00006000 08:07 1714765    /usr/local/netbeans-7.2/java/maven/lib/aether-connector-wagon-1.13.1.jar
b692e000-b6933000 r-xs 00020000 08:07 1714838    /usr/local/netbeans-7.2/java/maven/lib/maven-model-builder-3.0.4.jar
b6933000-b6936000 r-xs 0001d000 08:07 1714911    /usr/local/netbeans-7.2/java/maven/lib/aether-impl-1.13.1.jar
b6936000-b693e000 rwxs 00000000 08:01 1572970    /tmp/hsperfdata_rajkirans/9506
b693e000-b6962000 r-xp 00000000 08:07 7076       /usr/lib/jvm/jdk1.6.0_34/jre/lib/i386/libjava.so
b6962000-b6964000 rwxp 00023000 08:07 7076       /usr/lib/jvm/jdk1.6.0_34/jre/lib/i386/libjava.so
b6964000-b696b000 r-xp 00000000 08:01 1312611    /lib/tls/i686/cmov/librt-2.11.1.so
b696b000-b696c000 r-xp 00006000 08:01 1312611    /lib/tls/i686/cmov/librt-2.11.1.so
b696c000-b696d000 rwxp 00007000 08:01 1312611    /lib/tls/i686/cmov/librt-2.11.1.so
b696d000-b6970000 ---p 00000000 00:00 0 
b6970000-b69be000 rwxp 00000000 00:00 0 
b69be000-b69e2000 r-xp 00000000 08:01 1312589    /lib/tls/i686/cmov/libm-2.11.1.so
b69e2000-b69e3000 r-xp 00023000 08:01 1312589    /lib/tls/i686/cmov/libm-2.11.1.so
b69e3000-b69e4000 rwxp 00024000 08:01 1312589    /lib/tls/i686/cmov/libm-2.11.1.so
b69e4000-b7198000 r-xp 00000000 08:07 7053       /usr/lib/jvm/jdk1.6.0_34/jre/lib/i386/server/libjvm.so
b7198000-b71ec000 rwxp 007b4000 08:07 7053       /usr/lib/jvm/jdk1.6.0_34/jre/lib/i386/server/libjvm.so
b71ec000-b760b000 rwxp 00000000 00:00 0 
b760b000-b775e000 r-xp 00000000 08:01 1312581    /lib/tls/i686/cmov/libc-2.11.1.so
b775e000-b775f000 ---p 00153000 08:01 1312581    /lib/tls/i686/cmov/libc-2.11.1.so
b775f000-b7761000 r-xp 00153000 08:01 1312581    /lib/tls/i686/cmov/libc-2.11.1.so
b7761000-b7762000 rwxp 00155000 08:01 1312581    /lib/tls/i686/cmov/libc-2.11.1.so
b7762000-b7765000 rwxp 00000000 00:00 0 
b7765000-b7767000 r-xp 00000000 08:01 1312587    /lib/tls/i686/cmov/libdl-2.11.1.so
b7767000-b7768000 r-xp 00001000 08:01 1312587    /lib/tls/i686/cmov/libdl-2.11.1.so
b7768000-b7769000 rwxp 00002000 08:01 1312587    /lib/tls/i686/cmov/libdl-2.11.1.so
b7769000-b7770000 r-xp 00000000 08:07 7064       /usr/lib/jvm/jdk1.6.0_34/jre/lib/i386/jli/libjli.so
b7770000-b7772000 rwxp 00006000 08:07 7064       /usr/lib/jvm/jdk1.6.0_34/jre/lib/i386/jli/libjli.so
b7772000-b7773000 rwxp 00000000 00:00 0 
b7773000-b7788000 r-xp 00000000 08:01 1312607    /lib/tls/i686/cmov/libpthread-2.11.1.so
b7788000-b7789000 r-xp 00014000 08:01 1312607    /lib/tls/i686/cmov/libpthread-2.11.1.so
b7789000-b778a000 rwxp 00015000 08:01 1312607    /lib/tls/i686/cmov/libpthread-2.11.1.so
b778a000-b778c000 rwxp 00000000 00:00 0 
b778c000-b778d000 r-xs 00002000 08:07 1714941    /usr/local/netbeans-7.2/java/maven/lib/wagon-file-2.2.jar
b778d000-b778e000 r-xs 00009000 08:07 1714938    /usr/local/netbeans-7.2/java/maven/lib/commons-cli-1.2.jar
b778e000-b7790000 r-xs 0000a000 08:07 1714872    /usr/local/netbeans-7.2/java/maven/boot/plexus-classworlds-2.4.jar
b7790000-b7791000 rwxp 00000000 00:00 0 
b7791000-b7792000 ---p 00000000 00:00 0 
b7792000-b779d000 r-xp 00000000 08:07 7046       /usr/lib/jvm/jdk1.6.0_34/jre/lib/i386/libverify.so
b779d000-b779e000 rwxp 0000b000 08:07 7046       /usr/lib/jvm/jdk1.6.0_34/jre/lib/i386/libverify.so
b779e000-b77a0000 rwxp 00000000 00:00 0 
b77a0000-b77a1000 r-xp 00000000 00:00 0          [vdso]
b77a1000-b77bc000 r-xp 00000000 08:01 1308185    /lib/ld-2.11.1.so
b77bc000-b77bd000 r-xp 0001a000 08:01 1308185    /lib/ld-2.11.1.so
b77bd000-b77be000 rwxp 0001b000 08:01 1308185    /lib/ld-2.11.1.so
bff91000-bffa6000 rwxp 00000000 00:00 0          [stack]

VM Arguments:
jvm_args: -Dclassworlds.conf=/usr/local/netbeans-7.2/java/maven/bin/m2.conf -Dmaven.home=/usr/local/netbeans-7.2/java/maven 
java_command: org.codehaus.plexus.classworlds.launcher.Launcher -Dnetbeans.deploy.debugmode=true -Dnetbeans.deploy=true package
Launcher Type: SUN_STANDARD

Environment Variables:
JAVA_HOME=/usr/lib/jvm/jdk1.6.0_34
JRE_HOME=/usr/lib/jvm/jdk1.6.0_34/jre
PATH=/usr/local/sbin:/usr/local/bin:/usr/sbin:/usr/bin:/sbin:/bin:/usr/games
USERNAME=rajkirans
LD_LIBRARY_PATH=/usr/lib/jvm/jdk1.6.0_34/jre/lib/i386/server:/usr/lib/jvm/jdk1.6.0_34/jre/lib/i386:/usr/lib/jvm/jdk1.6.0_34/jre/../lib/i386:/usr/lib/jvm/jdk1.6.0_34/jre/lib/i386/client:/usr/lib/jvm/jdk1.6.0_34/jre/lib/i386:/usr/lib/jvm/jdk1.6.0_34/jre/../lib/i386
SHELL=/bin/bash
DISPLAY=:0.0

Signal Handlers:
SIGSEGV: [libjvm.so+0x726fe0], sa_mask[0]=0x7ffbfeff, sa_flags=0x10000004
SIGBUS: [libjvm.so+0x726fe0], sa_mask[0]=0x7ffbfeff, sa_flags=0x10000004
SIGFPE: [libjvm.so+0x5e13a0], sa_mask[0]=0x7ffbfeff, sa_flags=0x10000004
SIGPIPE: [libjvm.so+0x5e13a0], sa_mask[0]=0x7ffbfeff, sa_flags=0x10000004
SIGXFSZ: [libjvm.so+0x5e13a0], sa_mask[0]=0x7ffbfeff, sa_flags=0x10000004
SIGILL: [libjvm.so+0x5e13a0], sa_mask[0]=0x7ffbfeff, sa_flags=0x10000004
SIGUSR1: SIG_DFL, sa_mask[0]=0x00000000, sa_flags=0x00000000
SIGUSR2: [libjvm.so+0x5e4600], sa_mask[0]=0x00000004, sa_flags=0x10000004
SIGHUP: [libjvm.so+0x5e41e0], sa_mask[0]=0x7ffbfeff, sa_flags=0x10000004
SIGINT: SIG_IGN, sa_mask[0]=0x00000000, sa_flags=0x00000000
SIGTERM: [libjvm.so+0x5e41e0], sa_mask[0]=0x7ffbfeff, sa_flags=0x10000004
SIGQUIT: [libjvm.so+0x5e41e0], sa_mask[0]=0x7ffbfeff, sa_flags=0x10000004


---------------  S Y S T E M  ---------------

OS:squeeze/sid

uname:Linux 2.6.32-21-generic #32-Ubuntu SMP Fri Apr 16 08:10:02 UTC 2010 i686
libc:glibc 2.11.1 NPTL 2.11.1 
rlimit: STACK 8192k, CORE 0k, NPROC infinity, NOFILE 1024, AS infinity
load average:1.13 0.88 0.60

/proc/meminfo:
MemTotal:        3058272 kB
MemFree:          411328 kB
Buffers:           77600 kB
Cached:          1109300 kB
SwapCached:           48 kB
Active:          1701948 kB
Inactive:         851320 kB
Active(anon):    1086340 kB
Inactive(anon):   391020 kB
Active(file):     615608 kB
Inactive(file):   460300 kB
Unevictable:          16 kB
Mlocked:              16 kB
HighTotal:       2197408 kB
HighFree:         130696 kB
LowTotal:         860864 kB
LowFree:          280632 kB
SwapTotal:       3999736 kB
SwapFree:        3996744 kB
Dirty:               716 kB
Writeback:         63048 kB
AnonPages:       1366236 kB
Mapped:           119252 kB
Shmem:            110948 kB
Slab:              54016 kB
SReclaimable:      38396 kB
SUnreclaim:        15620 kB
KernelStack:        2952 kB
PageTables:         7188 kB
NFS_Unstable:          0 kB
Bounce:                0 kB
WritebackTmp:          0 kB
CommitLimit:     5528872 kB
Committed_AS:    2743096 kB
VmallocTotal:     122880 kB
VmallocUsed:       33612 kB
VmallocChunk:      72252 kB
HardwareCorrupted:     0 kB
HugePages_Total:       0
HugePages_Free:        0
HugePages_Rsvd:        0
HugePages_Surp:        0
Hugepagesize:       4096 kB
DirectMap4k:       16376 kB
DirectMap4M:      892928 kB


CPU:total 2 (2 cores per cpu, 1 threads per core) family 6 model 23 stepping 10, cmov, cx8, fxsr, mmx, sse, sse2, sse3, ssse3

/proc/cpuinfo:
processor	: 0
vendor_id	: GenuineIntel
cpu family	: 6
model		: 23
model name	: Pentium(R) Dual-Core  CPU      E5500  @ 2.80GHz
stepping	: 10
cpu MHz		: 1200.000
cache size	: 2048 KB
physical id	: 0
siblings	: 2
core id		: 0
cpu cores	: 2
apicid		: 0
initial apicid	: 0
fdiv_bug	: no
hlt_bug		: no
f00f_bug	: no
coma_bug	: no
fpu		: yes
fpu_exception	: yes
cpuid level	: 13
wp		: yes
flags		: fpu vme de pse tsc msr pae mce cx8 apic mtrr pge mca cmov pat pse36 clflush dts acpi mmx fxsr sse sse2 ss ht tm pbe nx lm constant_tsc arch_perfmon pebs bts aperfmperf pni dtes64 monitor ds_cpl vmx est tm2 ssse3 cx16 xtpr pdcm xsave lahf_lm tpr_shadow vnmi flexpriority
bogomips	: 5585.98
clflush size	: 64
cache_alignment	: 64
address sizes	: 36 bits physical, 48 bits virtual
power management:

processor	: 1
vendor_id	: GenuineIntel
cpu family	: 6
model		: 23
model name	: Pentium(R) Dual-Core  CPU      E5500  @ 2.80GHz
stepping	: 10
cpu MHz		: 2800.000
cache size	: 2048 KB
physical id	: 0
siblings	: 2
core id		: 1
cpu cores	: 2
apicid		: 1
initial apicid	: 1
fdiv_bug	: no
hlt_bug		: no
f00f_bug	: no
coma_bug	: no
fpu		: yes
fpu_exception	: yes
cpuid level	: 13
wp		: yes
flags		: fpu vme de pse tsc msr pae mce cx8 apic mtrr pge mca cmov pat pse36 clflush dts acpi mmx fxsr sse sse2 ss ht tm pbe nx lm constant_tsc arch_perfmon pebs bts aperfmperf pni dtes64 monitor ds_cpl vmx est tm2 ssse3 cx16 xtpr pdcm xsave lahf_lm tpr_shadow vnmi flexpriority
bogomips	: 5585.92
clflush size	: 64
cache_alignment	: 64
address sizes	: 36 bits physical, 48 bits virtual
power management:



Memory: 4k page, physical 3058272k(411328k free), swap 3999736k(3996744k free)

vm_info: Java HotSpot(TM) Server VM (20.9-b04) for linux-x86 JRE (1.6.0_34-b04), built on Jul 19 2012 01:05:12 by "java_re" with gcc 3.2.1-7a (J2SE release)

time: Sat Aug 24 20:19:39 2013
elapsed time: 25 seconds

