#
# A fatal error has been detected by the Java Runtime Environment:
#
#  Internal Error (synchronizer.cpp:1401), pid=13444, tid=2401590128
#  guarantee(mid->header()->is_neutral()) failed: invariant
#
# JRE version: 6.0_34-b04
# Java VM: Java HotSpot(TM) Server VM (20.9-b04 mixed mode linux-x86 )
# If you would like to submit a bug report, please visit:
#   http://java.sun.com/webapps/bugreport/crash.jsp
#

---------------  T H R E A D  ---------------

Current thread (0x08353000):  VMThread [stack: 0x8f1d5000,0x8f256000] [id=13449]

Stack: [0x8f1d5000,0x8f256000],  sp=0x8f254cf0,  free space=511k
Native frames: (J=compiled Java code, j=interpreted, Vv=VM code, C=native code)
V  [libjvm.so+0x726380]  VMError::report_and_die()+0x2b0
V  [libjvm.so+0x2f7b6e]  report_vm_error(char const*, int, char const*, char const*)+0x3e
V  [libjvm.so+0x6b1ba2]  ObjectSynchronizer::deflate_monitor(ObjectMonitor*, oopDesc*, ObjectMonitor**, ObjectMonitor**)+0x1a2
V  [libjvm.so+0x6b1eb7]  ObjectSynchronizer::deflate_idle_monitors()+0x277
V  [libjvm.so+0x64f19c]  SafepointSynchronize::do_cleanup_tasks()+0x3c
V  [libjvm.so+0x64ecb8]  SafepointSynchronize::begin()+0x348
V  [libjvm.so+0x735b3a]  VMThread::loop()+0x3ea
V  [libjvm.so+0x7353d0]  VMThread::run()+0x80
V  [libjvm.so+0x5e3f8e]  java_start(Thread*)+0x14e
C  [libpthread.so.0+0x596e]  short+0xbe


---------------  P R O C E S S  ---------------

Java Threads: ( => current thread )
  0x08d25c00 JavaThread "Java2D Disposer" daemon [_thread_blocked, id=13461, stack(0x8dec6000,0x8dfc7000)]
  0x8e622800 JavaThread "pool-1-thread-1" [_thread_blocked, id=13459, stack(0x8e7b2000,0x8e8b3000)]
  0x08a97c00 JavaThread "Timer-0" daemon [_thread_blocked, id=13458, stack(0x8e36c000,0x8e46d000)]
  0x08379000 JavaThread "Low Memory Detector" daemon [_thread_blocked, id=13455, stack(0x8ec90000,0x8ed91000)]
  0x0836dc00 JavaThread "C2 CompilerThread1" daemon [_thread_blocked, id=13454, stack(0x8ed91000,0x8ee12000)]
  0x0836bc00 JavaThread "C2 CompilerThread0" daemon [_thread_blocked, id=13453, stack(0x8ee12000,0x8ee93000)]
  0x0836a000 JavaThread "Signal Dispatcher" daemon [_thread_blocked, id=13452, stack(0x8ee93000,0x8ef94000)]
  0x08358400 JavaThread "Finalizer" daemon [_thread_blocked, id=13451, stack(0x8efd3000,0x8f0d4000)]
  0x08356c00 JavaThread "Reference Handler" daemon [_thread_blocked, id=13450, stack(0x8f0d4000,0x8f1d5000)]
  0x082d7400 JavaThread "main" [_thread_blocked, id=13445, stack(0xb6861000,0xb6962000)]

Other Threads:
=>0x08353000 VMThread [stack: 0x8f1d5000,0x8f256000] [id=13449]
  0x0837b000 WatcherThread [stack: 0x8ec0f000,0x8ec90000] [id=13456]

VM state:at safepoint (normal execution)

VM Mutex/Monitor currently owned by a thread:  ([mutex/lock_event])
[0x082d4fe8] Safepoint_lock - owner thread: 0x08353000
[0x082d5050] Threads_lock - owner thread: 0x08353000

Heap
 PSYoungGen      total 132224K, used 112899K [0xa8c70000, 0xb2490000, 0xb3710000)
  eden space 119104K, 83% used [0xa8c70000,0xaee18f70,0xb00c0000)
  from space 13120K, 98% used [0xb00c0000,0xb0d58028,0xb0d90000)
  to   space 16128K, 0% used [0xb14d0000,0xb14d0000,0xb2490000)
 PSOldGen        total 280704K, used 224511K [0x93710000, 0xa4930000, 0xa8c70000)
  object space 280704K, 79% used [0x93710000,0xa124fef0,0xa4930000)
 PSPermGen       total 25088K, used 20742K [0x8f710000, 0x90f90000, 0x93710000)
  object space 25088K, 82% used [0x8f710000,0x90b51b28,0x90f90000)

Code Cache  [0xb37da000, 0xb421a000, 0xb67da000)
 total_blobs=3134 nmethods=2955 adapters=128 free_code_cache=39664704 largest_free_block=9024

Dynamic libraries:
08048000-08052000 r-xp 00000000 08:07 6995       /usr/lib/jvm/jdk1.6.0_34/jre/bin/java
08052000-08053000 rwxp 00009000 08:07 6995       /usr/lib/jvm/jdk1.6.0_34/jre/bin/java
082c2000-09f61000 rwxp 00000000 00:00 0          [heap]
8be00000-8befa000 rwxp 00000000 00:00 0 
8befa000-8bf00000 ---p 00000000 00:00 0 
8c000000-8c0fe000 rwxp 00000000 00:00 0 
8c0fe000-8c100000 ---p 00000000 00:00 0 
8c200000-8c2f9000 rwxp 00000000 00:00 0 
8c2f9000-8c300000 ---p 00000000 00:00 0 
8c400000-8c4fa000 rwxp 00000000 00:00 0 
8c4fa000-8c500000 ---p 00000000 00:00 0 
8c500000-8c5ea000 rwxp 00000000 00:00 0 
8c5ea000-8c600000 ---p 00000000 00:00 0 
8c600000-8c6f7000 rwxp 00000000 00:00 0 
8c6f7000-8c700000 ---p 00000000 00:00 0 
8c800000-8c8fb000 rwxp 00000000 00:00 0 
8c8fb000-8c900000 ---p 00000000 00:00 0 
8c900000-8ca00000 rwxp 00000000 00:00 0 
8ca00000-8cafb000 rwxp 00000000 00:00 0 
8cafb000-8cb00000 ---p 00000000 00:00 0 
8cc00000-8cde6000 rwxp 00000000 00:00 0 
8cde6000-8ce00000 ---p 00000000 00:00 0 
8ce00000-8cee8000 rwxp 00000000 00:00 0 
8cee8000-8cf00000 ---p 00000000 00:00 0 
8cf00000-8d000000 rwxp 00000000 00:00 0 
8d000000-8d0f4000 rwxp 00000000 00:00 0 
8d0f4000-8d100000 ---p 00000000 00:00 0 
8d100000-8d1f5000 rwxp 00000000 00:00 0 
8d1f5000-8d200000 ---p 00000000 00:00 0 
8d200000-8d2f2000 rwxp 00000000 00:00 0 
8d2f2000-8d300000 ---p 00000000 00:00 0 
8d300000-8d3f5000 rwxp 00000000 00:00 0 
8d3f5000-8d400000 ---p 00000000 00:00 0 
8d400000-8d4fb000 rwxp 00000000 00:00 0 
8d4fb000-8d500000 ---p 00000000 00:00 0 
8d600000-8d6fa000 rwxp 00000000 00:00 0 
8d6fa000-8d700000 ---p 00000000 00:00 0 
8d700000-8d7f5000 rwxp 00000000 00:00 0 
8d7f5000-8d800000 ---p 00000000 00:00 0 
8d800000-8d8fc000 rwxp 00000000 00:00 0 
8d8fc000-8d900000 ---p 00000000 00:00 0 
8da00000-8daf7000 rwxp 00000000 00:00 0 
8daf7000-8db00000 ---p 00000000 00:00 0 
8dc00000-8dcf9000 rwxp 00000000 00:00 0 
8dcf9000-8dd00000 ---p 00000000 00:00 0 
8ddbe000-8ddbf000 r-xs 00000000 08:01 155729     /var/cache/fontconfig/26de28bc8622bbc1fb67fd234c21975f-le32d4.cache-3
8ddbf000-8ddc0000 r-xs 00000000 08:01 130883     /var/cache/fontconfig/c05880de57d1f5e948fdfacc138775d9-le32d4.cache-3
8ddc0000-8ddc6000 r-xs 00000000 08:01 130880     /var/cache/fontconfig/945677eb7aeaf62f1d50efc3fb3ec7d8-le32d4.cache-3
8ddc6000-8ddc8000 r-xs 00000000 08:01 130881     /var/cache/fontconfig/99e8ed0e538f840c565b6ed5dad60d56-le32d4.cache-3
8ddc8000-8ddcb000 r-xs 00000000 08:01 130890     /var/cache/fontconfig/e383d7ea5fbe662a33d9b44caf393297-le32d4.cache-3
8ddcb000-8ddd1000 r-xs 00000000 08:01 155730     /var/cache/fontconfig/401a5dd6b567794a1d18dd9342dfa604-le32d4.cache-3
8ddd1000-8ddd2000 r-xs 00000000 08:01 130891     /var/cache/fontconfig/e7071f4a29fa870f4323321c154eba04-le32d4.cache-3
8ddd2000-8ddd5000 r-xs 00000000 08:01 130877     /var/cache/fontconfig/6eb3985aa4124903f6ff08ba781cd364-le32d4.cache-3
8ddd5000-8ddd6000 r-xs 00000000 08:01 130873     /var/cache/fontconfig/4c73fe0c47614734b17d736dbde7580a-le32d4.cache-3
8ddd6000-8ddd7000 r-xs 00000000 08:01 130867     /var/cache/fontconfig/0d8c3b2ac0904cb8a57a757ad11a4a08-le32d4.cache-3
8ddd7000-8ddd8000 r-xs 00000000 08:01 130875     /var/cache/fontconfig/6a53c69dea097a2d716e069445527da8-le32d4.cache-3
8ddd8000-8dddc000 r-xs 00000000 08:01 130882     /var/cache/fontconfig/a755afe4a08bf5b97852ceb7400b47bc-le32d4.cache-3
8dddc000-8dde0000 r-xs 00000000 08:01 155695     /var/cache/fontconfig/515ca1ebc4b18308bea979be5704f9db-le32d4.cache-3
8dde0000-8dde3000 r-xs 00000000 08:01 130876     /var/cache/fontconfig/6d41288fd70b0be22e8c3a91e032eec0-le32d4.cache-3
8dde3000-8ddee000 r-xs 00000000 08:01 130868     /var/cache/fontconfig/0f34bcd4b6ee430af32735b75db7f02b-le32d4.cache-3
8ddee000-8ddf1000 r-xs 00000000 08:01 130887     /var/cache/fontconfig/d60319d88cac85ba9e1a07bd06cfbb8c-le32d4.cache-3
8ddf1000-8ddf2000 r-xs 00000000 08:01 130871     /var/cache/fontconfig/4794a0821666d79190d59a36cb4f44b5-le32d4.cache-3
8ddf2000-8de14000 r-xs 00000000 08:01 155788     /var/cache/fontconfig/365b55f210c0a22e9a19e35191240f32-le32d4.cache-3
8dec6000-8dec9000 ---p 00000000 00:00 0 
8dec9000-8dfc7000 rwxp 00000000 00:00 0 
8dfc7000-8e040000 r-xp 00000000 08:07 7097       /usr/lib/jvm/jdk1.6.0_34/jre/lib/i386/libfontmanager.so
8e040000-8e04a000 rwxp 00078000 08:07 7097       /usr/lib/jvm/jdk1.6.0_34/jre/lib/i386/libfontmanager.so
8e04a000-8e04f000 rwxp 00000000 00:00 0 
8e04f000-8e0d4000 r-xp 00000000 08:07 7055       /usr/lib/jvm/jdk1.6.0_34/jre/lib/i386/libawt.so
8e0d4000-8e0db000 rwxp 00085000 08:07 7055       /usr/lib/jvm/jdk1.6.0_34/jre/lib/i386/libawt.so
8e0db000-8e0ff000 rwxp 00000000 00:00 0 
8e0ff000-8e102000 ---p 00000000 00:00 0 
8e102000-8e200000 rwxp 00000000 00:00 0 
8e200000-8e2fd000 rwxp 00000000 00:00 0 
8e2fd000-8e300000 ---p 00000000 00:00 0 
8e334000-8e348000 r-xp 00000000 08:07 7041       /usr/lib/jvm/jdk1.6.0_34/jre/lib/i386/libnet.so
8e348000-8e349000 rwxp 00013000 08:07 7041       /usr/lib/jvm/jdk1.6.0_34/jre/lib/i386/libnet.so
8e349000-8e351000 r-xs 00000000 08:01 130886     /var/cache/fontconfig/d52a8644073d54c13679302ca1180695-le32d4.cache-3
8e351000-8e353000 r-xs 00000000 08:01 130892     /var/cache/fontconfig/e13b20fdb08344e0e664864cc2ede53d-le32d4.cache-3
8e353000-8e356000 r-xs 00000000 08:01 155725     /var/cache/fontconfig/7ef2298fde41cc6eeb7af42e48b7d293-le32d4.cache-3
8e356000-8e35b000 r-xp 00000000 08:07 7100       /usr/lib/jvm/jdk1.6.0_34/jre/lib/i386/headless/libmawt.so
8e35b000-8e35c000 rwxp 00004000 08:07 7100       /usr/lib/jvm/jdk1.6.0_34/jre/lib/i386/headless/libmawt.so
8e35c000-8e362000 r-xp 00000000 08:07 7087       /usr/lib/jvm/jdk1.6.0_34/jre/lib/i386/libmanagement.so
8e362000-8e363000 rwxp 00005000 08:07 7087       /usr/lib/jvm/jdk1.6.0_34/jre/lib/i386/libmanagement.so
8e363000-8e365000 r-xs 00001000 08:07 7039       /usr/lib/jvm/jdk1.6.0_34/jre/lib/ext/dnsns.jar
8e365000-8e369000 r-xs 00035000 08:07 7036       /usr/lib/jvm/jdk1.6.0_34/jre/lib/ext/sunpkcs11.jar
8e369000-8e36c000 r-xs 00027000 08:07 7037       /usr/lib/jvm/jdk1.6.0_34/jre/lib/ext/sunjce_provider.jar
8e36c000-8e36f000 ---p 00000000 00:00 0 
8e36f000-8e46d000 rwxp 00000000 00:00 0 
8e46d000-8e470000 r-xs 00024000 08:05 787598     /home/rajkirans/.m2/repository/commons-io/commons-io/2.0.1/commons-io-2.0.1.jar
8e470000-8e47f000 r-xs 000b3000 08:05 787593     /home/rajkirans/.m2/repository/freemarker/freemarker/2.3.6/freemarker-2.3.6.jar
8e47f000-8e488000 r-xs 00055000 08:05 4587854    /home/rajkirans/.m2/repository/org/springframework/spring-core/3.0.5.RELEASE/spring-core-3.0.5.RELEASE.jar
8e488000-8e48b000 r-xs 00014000 08:05 4591163    /home/rajkirans/.m2/repository/commons-validator/commons-validator/1.2.0/commons-validator-1.2.0.jar
8e48b000-8e48c000 r-xs 00003000 08:05 787585     /home/rajkirans/.m2/repository/org/apache/maven/doxia/doxia-module-xhtml/1.1.4/doxia-module-xhtml-1.1.4.jar
8e48c000-8e48e000 r-xs 0000b000 08:05 787584     /home/rajkirans/.m2/repository/org/apache/maven/doxia/doxia-decoration-model/1.1.4/doxia-decoration-model-1.1.4.jar
8e48e000-8e490000 r-xs 0000b000 08:05 787582     /home/rajkirans/.m2/repository/org/apache/maven/doxia/doxia-site-renderer/1.1.4/doxia-site-renderer-1.1.4.jar
8e490000-8e492000 r-xs 00003000 08:05 4591161    /home/rajkirans/.m2/repository/org/apache/maven/reporting/maven-reporting-impl/2.1/maven-reporting-impl-2.1.jar
8e492000-8e494000 r-xs 00002000 08:05 4459109    /home/rajkirans/.m2/repository/org/apache/maven/maven-plugin-api/2.0.9/maven-plugin-api-2.0.9.jar
8e494000-8e496000 r-xs 00006000 08:05 4587871    /home/rajkirans/.m2/repository/org/apache/maven/maven-plugin-registry/2.0.10/maven-plugin-registry-2.0.10.jar
8e496000-8e498000 r-xs 0000a000 08:05 787949     /home/rajkirans/.m2/repository/org/apache/maven/wagon/wagon-provider-api/1.0-beta-2/wagon-provider-api-1.0-beta-2.jar
8e498000-8e49a000 r-xs 00005000 08:05 4587867    /home/rajkirans/.m2/repository/org/apache/maven/maven-repository-metadata/2.0.10/maven-repository-metadata-2.0.10.jar
8e49a000-8e49c000 r-xs 0000d000 08:05 4587865    /home/rajkirans/.m2/repository/org/apache/maven/maven-artifact-manager/2.0.10/maven-artifact-manager-2.0.10.jar
8e49c000-8e49e000 r-xs 00008000 08:05 4587863    /home/rajkirans/.m2/repository/org/apache/maven/maven-profile/2.0.10/maven-profile-2.0.10.jar
8e49e000-8e4a0000 r-xs 0000b000 08:05 4587862    /home/rajkirans/.m2/repository/org/apache/maven/maven-settings/2.0.10/maven-settings-2.0.10.jar
8e4a0000-8e4a3000 r-xs 0001b000 08:05 4459106    /home/rajkirans/.m2/repository/org/apache/maven/maven-project/2.0.9/maven-project-2.0.9.jar
8e4a3000-8e4a7000 r-xs 0002b000 08:05 4722940    /home/rajkirans/.m2/repository/com/vaadin/vaadin-maven-plugin/7.0.2/vaadin-maven-plugin-7.0.2.jar
8e4a7000-8e4a8000 r-xs 00002000 08:05 4591151    /home/rajkirans/.m2/repository/org/codehaus/plexus/plexus-i18n/1.0-beta-7/plexus-i18n-1.0-beta-7.jar
8e4a8000-8e4ab000 r-xs 00023000 08:05 787602     /home/rajkirans/.m2/repository/org/jdom/jdom/1.1/jdom-1.1.jar
8e4ab000-8e4b1000 r-xs 0003c000 08:05 787596     /home/rajkirans/.m2/repository/org/apache/maven/surefire/surefire-booter/2.4.3/surefire-booter-2.4.3.jar
8e4b1000-8e4b5000 r-xs 00023000 08:05 4591135    /home/rajkirans/.m2/repository/org/apache/maven/doxia/doxia-core/1.1.2/doxia-core-1.1.2.jar
8e4b5000-8e4b7000 r-xs 00008000 08:05 787588     /home/rajkirans/.m2/repository/org/apache/maven/doxia/doxia-module-fml/1.1.4/doxia-module-fml-1.1.4.jar
8e4b7000-8e4b8000 r-xs 0000c000 08:05 4587855    /home/rajkirans/.m2/repository/org/springframework/spring-asm/3.0.5.RELEASE/spring-asm-3.0.5.RELEASE.jar
8e4b8000-8e4bc000 r-xs 00028000 08:05 787590     /home/rajkirans/.m2/repository/com/thoughtworks/qdox/qdox/1.12/qdox-1.12.jar
8e4bc000-8e4c7000 r-xs 00074000 08:05 4598076    /home/rajkirans/.m2/repository/velocity/velocity-dep/1.4/velocity-dep-1.4.jar
8e4c7000-8e4cf000 r-xs 00051000 08:05 4598075    /home/rajkirans/.m2/repository/velocity/velocity/1.4/velocity-1.4.jar
8e4cf000-8e4d0000 r-xs 00001000 08:05 4591154    /home/rajkirans/.m2/repository/org/codehaus/plexus/plexus-velocity/1.1.7/plexus-velocity-1.1.7.jar
8e4d0000-8e4d2000 r-xs 00009000 08:05 787945     /home/rajkirans/.m2/repository/org/codehaus/plexus/plexus-classworlds/1.2-alpha-6/plexus-classworlds-1.2-alpha-6.jar
8e4d2000-8e4d4000 r-xs 00006000 08:05 787944     /home/rajkirans/.m2/repository/org/codehaus/plexus/plexus-component-api/1.0-alpha-15/plexus-component-api-1.0-alpha-15.jar
8e4d4000-8e4da000 r-xs 00045000 08:05 4591144    /home/rajkirans/.m2/repository/commons-httpclient/commons-httpclient/3.1/commons-httpclient-3.1.jar
8e4da000-8e4df000 r-xs 00040000 08:05 787601     /home/rajkirans/.m2/repository/commons-lang/commons-lang/2.5/commons-lang-2.5.jar
8e4df000-8e4e7000 r-xs 00058000 08:05 4591155    /home/rajkirans/.m2/repository/org/apache/velocity/velocity/1.5/velocity-1.5.jar
8e4e7000-8e4f0000 r-xs 00075000 08:05 787597     /home/rajkirans/.m2/repository/org/apache/maven/surefire/surefire-api/2.4.3/surefire-api-2.4.3.jar
8e4f0000-8e502000 r-xs 00245000 08:05 787615     /home/rajkirans/.m2/repository/com/ibm/icu/icu4j/2.6.1/icu4j-2.6.1.jar
8e502000-8e527000 r-xs 002dc000 08:05 787612     /home/rajkirans/.m2/repository/xalan/xalan/2.6.0/xalan-2.6.0.jar
8e527000-8e52a000 r-xs 00018000 08:05 787608     /home/rajkirans/.m2/repository/xom/xom/1.0/xom-1.0.jar
8e52a000-8e542000 r-xs 00115000 08:05 787621     /home/rajkirans/.m2/repository/xerces/xercesImpl/2.9.1/xercesImpl-2.9.1.jar
8e542000-8e545000 r-xs 00023000 08:05 787607     /home/rajkirans/.m2/repository/jdom/jdom/1.0/jdom-1.0.jar
8e545000-8e54a000 r-xs 00048000 08:05 4594365    /home/rajkirans/.m2/repository/dom4j/dom4j/1.6.1/dom4j-1.6.1.jar
8e54a000-8e550000 r-xs 00032000 08:05 787606     /home/rajkirans/.m2/repository/jaxen/jaxen/1.1.1/jaxen-1.1.1.jar
8e550000-8e55a000 r-xs 00079000 08:05 787616     /home/rajkirans/.m2/repository/org/apache/bcel/bcel/5.2/bcel-5.2.jar
8e55a000-8e55b000 r-xs 00006000 08:05 787618     /home/rajkirans/.m2/repository/jakarta-regexp/jakarta-regexp/1.4/jakarta-regexp-1.4.jar
8e55b000-8e55c000 r-xs 00002000 08:05 4598056    /home/rajkirans/.m2/repository/org/codehaus/plexus/plexus-io/1.0-alpha-1/plexus-io-1.0-alpha-1.jar
8e55c000-8e560000 r-xs 00023000 08:05 4598040    /home/rajkirans/.m2/repository/org/codehaus/plexus/plexus-archiver/1.0-alpha-9/plexus-archiver-1.0-alpha-9.jar
8e560000-8e563000 r-xs 00013000 08:05 4459100    /home/rajkirans/.m2/repository/org/apache/maven/maven-model/2.0.6/maven-model-2.0.6.jar
8e563000-8e567000 r-xs 00012000 08:05 4459099    /home/rajkirans/.m2/repository/org/apache/maven/maven-artifact/2.0.6/maven-artifact-2.0.6.jar
8e567000-8e568000 r-xs 00004000 08:05 4462989    /home/rajkirans/.m2/repository/org/apache/maven/maven-archiver/2.4.1/maven-archiver-2.4.1.jar
8e568000-8e56a000 r-xs 00002000 08:05 787580     /home/rajkirans/.m2/repository/org/apache/maven/doxia/doxia-sink-api/1.1.4/doxia-sink-api-1.1.4.jar
8e56a000-8e56b000 r-xs 00002000 08:05 4587852    /home/rajkirans/.m2/repository/org/apache/maven/reporting/maven-reporting-api/3.0/maven-reporting-api-3.0.jar
8e56b000-8e56d000 r-xs 0000d000 08:05 4462427    /home/rajkirans/.m2/repository/org/codehaus/plexus/plexus-interpolation/1.13/plexus-interpolation-1.13.jar
8e56d000-8e56e000 r-xs 00002000 08:05 787583     /home/rajkirans/.m2/repository/org/apache/maven/doxia/doxia-logging-api/1.1.4/doxia-logging-api-1.1.4.jar
8e56e000-8e574000 r-xs 00034000 08:05 787595     /home/rajkirans/.m2/repository/junit/junit/4.8.1/junit-4.8.1.jar
8e574000-8e57b000 r-xs 00029000 08:05 4459101    /home/rajkirans/.m2/repository/org/codehaus/plexus/plexus-container-default/1.0-alpha-8/plexus-container-default-1.0-alpha-8.jar
8e57b000-8e57c000 r-xs 00004000 08:05 4462736    /home/rajkirans/.m2/repository/org/codehaus/plexus/plexus-compiler-api/1.5.3/plexus-compiler-api-1.5.3.jar
8e57c000-8e580000 r-xs 00033000 08:05 4462194    /home/rajkirans/.m2/repository/org/codehaus/plexus/plexus-utils/2.0.5/plexus-utils-2.0.5.jar
8e580000-8e581000 r-xs 00003000 08:05 4462734    /home/rajkirans/.m2/repository/org/codehaus/plexus/plexus-compiler-javac/1.5.3/plexus-compiler-javac-1.5.3.jar
8e581000-8e583000 r-xs 0000e000 08:05 4591157    /home/rajkirans/.m2/repository/oro/oro/2.0.8/oro-2.0.8.jar
8e583000-8e58b000 r-xs 00028000 08:05 4589113    /home/rajkirans/.m2/repository/xml-apis/xml-apis/1.3.02/xml-apis-1.3.02.jar
8e58b000-8e598000 r-xs 0007f000 08:05 4591160    /home/rajkirans/.m2/repository/commons-collections/commons-collections/3.2/commons-collections-3.2.jar
8e598000-8e59d000 r-xs 0002a000 08:05 4591168    /home/rajkirans/.m2/repository/commons-beanutils/commons-beanutils/1.7.0/commons-beanutils-1.7.0.jar
8e59d000-8e5a1000 r-xs 00026000 08:05 4591170    /home/rajkirans/.m2/repository/commons-digester/commons-digester/1.6/commons-digester-1.6.jar
8e5a1000-8e5a7000 r-xs 00019000 08:05 787610     /home/rajkirans/.m2/repository/xerces/xmlParserAPIs/2.6.2/xmlParserAPIs-2.6.2.jar
8e5a7000-8e5a8000 r-xs 00006000 08:05 4597562    /home/rajkirans/.m2/repository/org/codehaus/jackson/jackson-xc/1.9.2/jackson-xc-1.9.2.jar
8e5a8000-8e5a9000 r-xs 00004000 08:05 4597563    /home/rajkirans/.m2/repository/org/codehaus/jackson/jackson-jaxrs/1.9.2/jackson-jaxrs-1.9.2.jar
8e5a9000-8e5b7000 r-xs 000ad000 08:05 4597564    /home/rajkirans/.m2/repository/org/codehaus/jackson/jackson-mapper-asl/1.9.2/jackson-mapper-asl-1.9.2.jar
8e5b7000-8e5bb000 r-xs 00034000 08:05 4596750    /home/rajkirans/.m2/repository/org/codehaus/jackson/jackson-core-asl/1.9.2/jackson-core-asl-1.9.2.jar
8e5bb000-8e5bd000 r-xs 00004000 08:05 4597644    /home/rajkirans/.m2/repository/javax/xml/stream/stax-api/1.0-2/stax-api-1.0-2.jar
8e5bd000-8e5c0000 r-xs 00017000 08:05 4596687    /home/rajkirans/.m2/repository/javax/xml/bind/jaxb-api/2.2.2/jaxb-api-2.2.2.jar
8e5c0000-8e5d3000 r-xs 000c7000 08:05 4597622    /home/rajkirans/.m2/repository/com/sun/xml/bind/jaxb-impl/2.2.3-1/jaxb-impl-2.2.3-1.jar
8e5d3000-8e5d5000 r-xs 0000f000 08:05 4597658    /home/rajkirans/.m2/repository/org/codehaus/jettison/jettison/1.1/jettison-1.1.jar
8e5d5000-8e5d9000 r-xs 00024000 08:05 4597651    /home/rajkirans/.m2/repository/com/sun/jersey/jersey-json/1.17.1/jersey-json-1.17.1.jar
8e5d9000-8e5e4000 r-xs 00068000 08:05 4597638    /home/rajkirans/.m2/repository/com/sun/jersey/jersey-core/1.17.1/jersey-core-1.17.1.jar
8e5e4000-8e5e7000 r-xs 0001d000 08:05 4597642    /home/rajkirans/.m2/repository/com/sun/jersey/jersey-client/1.17.1/jersey-client-1.17.1.jar
8e5e7000-8e5e9000 r-xs 0000e000 08:05 4587850    /home/rajkirans/.m2/repository/javax/activation/activation/1.1/activation-1.1.jar
8e5e9000-8e5ef000 r-xs 00059000 08:05 787388     /home/rajkirans/.m2/repository/javax/mail/mail/1.4/mail-1.4.jar
8e5ef000-8e5f1000 r-xs 00006000 08:05 787385     /home/rajkirans/.m2/repository/com/google/code/findbugs/jsr305/1.3.7/jsr305-1.3.7.jar
8e5f1000-8e5f4000 r-xs 0001b000 08:05 787384     /home/rajkirans/.m2/repository/xpp3/xpp3/1.1.4c/xpp3-1.1.4c.jar
8e5f4000-8e5f9000 r-xs 00026000 08:05 787379     /home/rajkirans/.m2/repository/org/apache/httpcomponents/httpcore/4.0.1/httpcore-4.0.1.jar
8e5f9000-8e600000 r-xs 00041000 08:05 787380     /home/rajkirans/.m2/repository/org/apache/httpcomponents/httpclient/4.0.3/httpclient-4.0.3.jar
8e600000-8e700000 rwxp 00000000 00:00 0 
8e702000-8e705000 r-xs 000cc000 08:07 7038       /usr/lib/jvm/jdk1.6.0_34/jre/lib/ext/localedata.jar
8e705000-8e70a000 r-xs 0002e000 08:05 787378     /home/rajkirans/.m2/repository/com/google/http-client/google-http-client/1.11.0-beta/google-http-client-1.11.0-beta.jar
8e70a000-8e70c000 r-xs 0000c000 08:05 787376     /home/rajkirans/.m2/repository/com/google/oauth-client/google-oauth-client/1.11.0-beta/google-oauth-client-1.11.0-beta.jar
8e70c000-8e70e000 r-xs 00001000 08:05 787374     /home/rajkirans/.m2/repository/com/google/oauth-client/google-oauth-client-java6/1.11.0-beta/google-oauth-client-java6-1.11.0-beta.jar
8e70e000-8e70f000 r-xs 00001000 08:05 787372     /home/rajkirans/.m2/repository/com/google/oauth-client/google-oauth-client-jetty/1.11.0-beta/google-oauth-client-jetty-1.11.0-beta.jar
8e70f000-8e733000 r-xs 001aa000 08:05 787368     /home/rajkirans/.m2/repository/com/google/guava/guava/13.0.1/guava-13.0.1.jar
8e733000-8e762000 r-xs 00215000 08:05 787367     /home/rajkirans/.m2/repository/com/google/gdata/core/1.47.1/core-1.47.1.jar
8e762000-8e763000 r-xs 00001000 08:05 787226     /home/rajkirans/.m2/repository/org/vaadin/addons/cssinject/2.0.3/cssinject-2.0.3.jar
8e763000-8e768000 r-xs 0002a000 08:05 787364     /home/rajkirans/.m2/repository/com/google/code/gson/gson/2.2/gson-2.2.jar
8e768000-8e775000 r-xs 000c4000 08:05 787224     /home/rajkirans/.m2/repository/com/vaadin/addon/vaadin-charts/1.0.0/vaadin-charts-1.0.0.jar
8e775000-8e77b000 r-xs 0003f000 08:05 787225     /home/rajkirans/.m2/repository/com/vaadin/addon/vaadin-calendar-cval-2.0/2.0.0.beta3/vaadin-calendar-cval-2.0-2.0.0.beta3.jar
8e77b000-8e77d000 r-xs 00009000 08:05 4591724    /home/rajkirans/.m2/repository/commons-cli/commons-cli/1.2/commons-cli-1.2.jar
8e77d000-8e783000 r-xs 0003c000 08:05 4591741    /home/rajkirans/.m2/repository/org/apache/commons/commons-jexl/2.1.1/commons-jexl-2.1.1.jar
8e783000-8e788000 r-xs 00063000 08:05 787340     /home/rajkirans/.m2/repository/com/vaadin/vaadin-theme-compiler/7.0.2/vaadin-theme-compiler-7.0.2.jar
8e788000-8e78a000 r-xs 0000d000 08:05 4594261    /home/rajkirans/.m2/repository/commons-logging/commons-logging/1.1.1/commons-logging-1.1.1.jar
8e78a000-8e791000 r-xs 0004e000 08:05 787363     /home/rajkirans/.m2/repository/org/apache/james/apache-mime4j/0.6/apache-mime4j-0.6.jar
8e791000-8e796000 r-xs 00041000 08:05 787362     /home/rajkirans/.m2/repository/commons-lang/commons-lang/2.6/commons-lang-2.6.jar
8e796000-8e7a5000 r-xs 000ee000 08:05 787347     /home/rajkirans/.m2/repository/ant/ant/1.6.5/ant-1.6.5.jar
8e7a5000-8e7b2000 r-xs 0007c000 08:05 4594383    /home/rajkirans/.m2/repository/commons-collections/commons-collections/3.1/commons-collections-3.1.jar
8e7b2000-8e7b5000 ---p 00000000 00:00 0 
8e7b5000-8e8dd000 rwxp 00000000 00:00 0 
8e8dd000-8ea3a000 r-xs 01869000 08:05 787337     /home/rajkirans/.m2/repository/com/vaadin/vaadin-client-compiler/7.0.2/vaadin-client-compiler-7.0.2.jar
8ea3a000-8ea3c000 r-xs 0000e000 08:05 787345     /home/rajkirans/.m2/repository/javax/validation/validation-api/1.0.0.GA/validation-api-1.0.0.GA-sources.jar
8ea3c000-8ea3f000 r-xs 00009000 08:05 787346     /home/rajkirans/.m2/repository/javax/validation/validation-api/1.0.0.GA/validation-api-1.0.0.GA.jar
8ea3f000-8ea40000 r-xs 00003000 08:05 4591742    /home/rajkirans/.m2/repository/org/w3c/css/sac/1.3/sac-1.3.jar
8ea40000-8ea62000 rwxp 00000000 00:00 0 
8ea62000-8eb7a000 r-xs 00dc4000 08:05 787335     /home/rajkirans/.m2/repository/com/vaadin/vaadin-client/7.0.2/vaadin-client-7.0.2.jar
8eb7a000-8eb8e000 r-xs 000c8000 08:05 787332     /home/rajkirans/.m2/repository/com/vaadin/vaadin-themes/7.0.2/vaadin-themes-7.0.2.jar
8eb8e000-8eb94000 r-xs 0003e000 08:05 4591750    /home/rajkirans/.m2/repository/org/jsoup/jsoup/1.6.3/jsoup-1.6.3.jar
8eb94000-8ebba000 r-xs 00184000 08:05 4591752    /home/rajkirans/.m2/repository/com/vaadin/vaadin-shared-deps/1.0.2/vaadin-shared-deps-1.0.2.jar
8ebba000-8ebea000 r-xs 001b7000 08:05 787333     /home/rajkirans/.m2/repository/com/vaadin/vaadin-shared/7.0.2/vaadin-shared-7.0.2.jar
8ebea000-8ec0f000 r-xs 0025d000 08:05 787334     /home/rajkirans/.m2/repository/com/vaadin/vaadin-server/7.0.2/vaadin-server-7.0.2.jar
8ec0f000-8ec10000 ---p 00000000 00:00 0 
8ec10000-8ec90000 rwxp 00000000 00:00 0 
8ec90000-8ec93000 ---p 00000000 00:00 0 
8ec93000-8ed91000 rwxp 00000000 00:00 0 
8ed91000-8ed94000 ---p 00000000 00:00 0 
8ed94000-8ee12000 rwxp 00000000 00:00 0 
8ee12000-8ee15000 ---p 00000000 00:00 0 
8ee15000-8ee93000 rwxp 00000000 00:00 0 
8ee93000-8ee96000 ---p 00000000 00:00 0 
8ee96000-8ef94000 rwxp 00000000 00:00 0 
8ef94000-8efd3000 r-xp 00000000 08:07 1844312    /usr/lib/locale/en_IN/LC_CTYPE
8efd3000-8efd6000 ---p 00000000 00:00 0 
8efd6000-8f0d4000 rwxp 00000000 00:00 0 
8f0d4000-8f0d7000 ---p 00000000 00:00 0 
8f0d7000-8f1d5000 rwxp 00000000 00:00 0 
8f1d5000-8f1d6000 ---p 00000000 00:00 0 
8f1d6000-8f28a000 rwxp 00000000 00:00 0          [threadstack:0007f494]
8f28a000-8f422000 r-xs 0307a000 08:07 7102       /usr/lib/jvm/jdk1.6.0_34/jre/lib/rt.jar
8f422000-8f423000 ---p 00000000 00:00 0 
8f423000-8f4a3000 rwxp 00000000 00:00 0 
8f4a3000-8f4a4000 ---p 00000000 00:00 0 
8f4a4000-8f531000 rwxp 00000000 00:00 0 
8f531000-8f544000 rwxp 00000000 00:00 0 
8f544000-8f5ce000 rwxp 00000000 00:00 0 
8f5ce000-8f5ef000 rwxp 00000000 00:00 0 
8f5ef000-8f5fc000 rwxp 00000000 00:00 0 
8f5fc000-8f60f000 rwxp 00000000 00:00 0 
8f60f000-8f699000 rwxp 00000000 00:00 0 
8f699000-8f6b9000 rwxp 00000000 00:00 0 
8f6b9000-8f706000 rwxp 00000000 00:00 0 
8f706000-8f70f000 ---p 00000000 00:00 0 
8f70f000-90f90000 rwxp 00000000 00:00 0 
90f90000-91010000 ---p 00000000 00:00 0 
91010000-93710000 rwxp 00000000 00:00 0 
93710000-a4930000 rwxp 00000000 00:00 0 
a4930000-a8c70000 rwxp 00000000 00:00 0 
a8c70000-b2490000 rwxp 00000000 00:00 0 
b2490000-b3710000 ---p 00000000 00:00 0 
b3710000-b3713000 r-xs 00018000 08:05 787360     /home/rajkirans/.m2/repository/commons-io/commons-io/1.4/commons-io-1.4.jar
b3713000-b3715000 r-xs 0000a000 08:05 787357     /home/rajkirans/.m2/repository/commons-codec/commons-codec/1.3/commons-codec-1.3.jar
b3715000-b3716000 r-xs 00002000 08:05 787355     /home/rajkirans/.m2/repository/org/jdesktop/swing-worker/1.1/swing-worker-1.1.jar
b3716000-b371a000 r-xs 00024000 08:05 787353     /home/rajkirans/.m2/repository/org/mortbay/jetty/jetty-util/6.1.11/jetty-util-6.1.11.jar
b371a000-b3743000 rwxp 00000000 00:00 0 
b3743000-b37da000 rwxp 00000000 00:00 0 
b37da000-b421a000 rwxp 00000000 00:00 0 
b421a000-b67da000 rwxp 00000000 00:00 0 
b67da000-b67e9000 r-xp 00000000 08:07 7071       /usr/lib/jvm/jdk1.6.0_34/jre/lib/i386/libzip.so
b67e9000-b67eb000 rwxp 0000e000 08:07 7071       /usr/lib/jvm/jdk1.6.0_34/jre/lib/i386/libzip.so
b67eb000-b67f5000 r-xp 00000000 08:01 1312598    /lib/tls/i686/cmov/libnss_files-2.11.1.so
b67f5000-b67f6000 r-xp 00009000 08:01 1312598    /lib/tls/i686/cmov/libnss_files-2.11.1.so
b67f6000-b67f7000 rwxp 0000a000 08:01 1312598    /lib/tls/i686/cmov/libnss_files-2.11.1.so
b67f7000-b67ff000 r-xp 00000000 08:01 1312602    /lib/tls/i686/cmov/libnss_nis-2.11.1.so
b67ff000-b6800000 r-xp 00007000 08:01 1312602    /lib/tls/i686/cmov/libnss_nis-2.11.1.so
b6800000-b6801000 rwxp 00008000 08:01 1312602    /lib/tls/i686/cmov/libnss_nis-2.11.1.so
b6801000-b6807000 r-xp 00000000 08:01 1312594    /lib/tls/i686/cmov/libnss_compat-2.11.1.so
b6807000-b6808000 r-xp 00006000 08:01 1312594    /lib/tls/i686/cmov/libnss_compat-2.11.1.so
b6808000-b6809000 rwxp 00007000 08:01 1312594    /lib/tls/i686/cmov/libnss_compat-2.11.1.so
b6809000-b681c000 r-xp 00000000 08:01 1312592    /lib/tls/i686/cmov/libnsl-2.11.1.so
b681c000-b681d000 r-xp 00012000 08:01 1312592    /lib/tls/i686/cmov/libnsl-2.11.1.so
b681d000-b681e000 rwxp 00013000 08:01 1312592    /lib/tls/i686/cmov/libnsl-2.11.1.so
b681e000-b6820000 rwxp 00000000 00:00 0 
b6820000-b6823000 r-xs 0001e000 08:05 787354     /home/rajkirans/.m2/repository/org/mortbay/jetty/servlet-api-2.5/6.1.11/servlet-api-2.5-6.1.11.jar
b6823000-b682a000 r-xs 00074000 08:05 787349     /home/rajkirans/.m2/repository/org/mortbay/jetty/jetty/6.1.11/jetty-6.1.11.jar
b682a000-b6832000 rwxs 00000000 08:01 1572930    /tmp/hsperfdata_rajkirans/13444
b6832000-b6856000 r-xp 00000000 08:07 7076       /usr/lib/jvm/jdk1.6.0_34/jre/lib/i386/libjava.so
b6856000-b6858000 rwxp 00023000 08:07 7076       /usr/lib/jvm/jdk1.6.0_34/jre/lib/i386/libjava.so
b6858000-b685f000 r-xp 00000000 08:01 1312611    /lib/tls/i686/cmov/librt-2.11.1.so
b685f000-b6860000 r-xp 00006000 08:01 1312611    /lib/tls/i686/cmov/librt-2.11.1.so
b6860000-b6861000 rwxp 00007000 08:01 1312611    /lib/tls/i686/cmov/librt-2.11.1.so
b6861000-b6864000 ---p 00000000 00:00 0 
b6864000-b6962000 rwxp 00000000 00:00 0 
b6962000-b6986000 r-xp 00000000 08:01 1312589    /lib/tls/i686/cmov/libm-2.11.1.so
b6986000-b6987000 r-xp 00023000 08:01 1312589    /lib/tls/i686/cmov/libm-2.11.1.so
b6987000-b6988000 rwxp 00024000 08:01 1312589    /lib/tls/i686/cmov/libm-2.11.1.so
b6988000-b713c000 r-xp 00000000 08:07 7053       /usr/lib/jvm/jdk1.6.0_34/jre/lib/i386/server/libjvm.so
b713c000-b7190000 rwxp 007b4000 08:07 7053       /usr/lib/jvm/jdk1.6.0_34/jre/lib/i386/server/libjvm.so
b7190000-b75af000 rwxp 00000000 00:00 0 
b75af000-b7702000 r-xp 00000000 08:01 1312581    /lib/tls/i686/cmov/libc-2.11.1.so
b7702000-b7703000 ---p 00153000 08:01 1312581    /lib/tls/i686/cmov/libc-2.11.1.so
b7703000-b7705000 r-xp 00153000 08:01 1312581    /lib/tls/i686/cmov/libc-2.11.1.so
b7705000-b7706000 rwxp 00155000 08:01 1312581    /lib/tls/i686/cmov/libc-2.11.1.so
b7706000-b7709000 rwxp 00000000 00:00 0 
b7709000-b770b000 r-xp 00000000 08:01 1312587    /lib/tls/i686/cmov/libdl-2.11.1.so
b770b000-b770c000 r-xp 00001000 08:01 1312587    /lib/tls/i686/cmov/libdl-2.11.1.so
b770c000-b770d000 rwxp 00002000 08:01 1312587    /lib/tls/i686/cmov/libdl-2.11.1.so
b770d000-b7714000 r-xp 00000000 08:07 7064       /usr/lib/jvm/jdk1.6.0_34/jre/lib/i386/jli/libjli.so
b7714000-b7716000 rwxp 00006000 08:07 7064       /usr/lib/jvm/jdk1.6.0_34/jre/lib/i386/jli/libjli.so
b7716000-b7717000 rwxp 00000000 00:00 0 
b7717000-b772c000 r-xp 00000000 08:01 1312607    /lib/tls/i686/cmov/libpthread-2.11.1.so
b772c000-b772d000 r-xp 00014000 08:01 1312607    /lib/tls/i686/cmov/libpthread-2.11.1.so
b772d000-b772e000 rwxp 00015000 08:01 1312607    /lib/tls/i686/cmov/libpthread-2.11.1.so
b772e000-b7730000 rwxp 00000000 00:00 0 
b7730000-b7731000 r-xs 00002000 08:05 787348     /home/rajkirans/.m2/repository/ant/ant-launcher/1.6.5/ant-launcher-1.6.5.jar
b7731000-b7734000 r-xs 0003b000 08:05 4591748    /home/rajkirans/.m2/repository/net/sourceforge/cssparser/cssparser/0.9.5/cssparser-0.9.5.jar
b7734000-b7735000 rwxp 00000000 00:00 0 
b7735000-b7736000 ---p 00000000 00:00 0 
b7736000-b7741000 r-xp 00000000 08:07 7046       /usr/lib/jvm/jdk1.6.0_34/jre/lib/i386/libverify.so
b7741000-b7742000 rwxp 0000b000 08:07 7046       /usr/lib/jvm/jdk1.6.0_34/jre/lib/i386/libverify.so
b7742000-b7744000 rwxp 00000000 00:00 0 
b7744000-b7745000 r-xp 00000000 00:00 0          [vdso]
b7745000-b7760000 r-xp 00000000 08:01 1308185    /lib/ld-2.11.1.so
b7760000-b7761000 r-xp 0001a000 08:01 1308185    /lib/ld-2.11.1.so
b7761000-b7762000 rwxp 0001b000 08:01 1308185    /lib/ld-2.11.1.so
bfe96000-bfeb0000 rwxp 00000000 00:00 0          [stack]

VM Arguments:
jvm_args: -Xmx512M -Xss1024k 
java_command: com.google.gwt.dev.Compiler -logLevel INFO -style OBF -war /home/rajkirans/NetBeansProjects/project-from-19-aug/23 aug dashboard/titali-dashboard/src/main/webapp/VAADIN/widgetsets -localWorkers 2 -XfragmentCount -1 -extra /home/rajkirans/NetBeansProjects/project-from-19-aug/23 aug dashboard/titali-dashboard/target/extra -compileReport -gen /home/rajkirans/NetBeansProjects/project-from-19-aug/23 aug dashboard/titali-dashboard/target/.generated com.vaadin.demo.dashboard.DashboardWidgetSet
Launcher Type: SUN_STANDARD

Environment Variables:
JAVA_HOME=/usr/lib/jvm/jdk1.6.0_34
JRE_HOME=/usr/lib/jvm/jdk1.6.0_34/jre
PATH=/usr/local/sbin:/usr/local/bin:/usr/sbin:/usr/bin:/sbin:/bin:/usr/games
USERNAME=rajkirans
LD_LIBRARY_PATH=/usr/lib/jvm/jdk1.6.0_34/jre/lib/i386/server:/usr/lib/jvm/jdk1.6.0_34/jre/lib/i386:/usr/lib/jvm/jdk1.6.0_34/jre/../lib/i386:/usr/lib/jvm/jdk1.6.0_34/jre/lib/i386/client:/usr/lib/jvm/jdk1.6.0_34/jre/lib/i386:/usr/lib/jvm/jdk1.6.0_34/jre/../lib/i386
SHELL=/bin/bash
DISPLAY=:0.0

Signal Handlers:
SIGSEGV: [libjvm.so+0x726fe0], sa_mask[0]=0x7ffbfeff, sa_flags=0x10000004
SIGBUS: [libjvm.so+0x726fe0], sa_mask[0]=0x7ffbfeff, sa_flags=0x10000004
SIGFPE: [libjvm.so+0x5e13a0], sa_mask[0]=0x7ffbfeff, sa_flags=0x10000004
SIGPIPE: [libjvm.so+0x5e13a0], sa_mask[0]=0x7ffbfeff, sa_flags=0x10000004
SIGXFSZ: [libjvm.so+0x5e13a0], sa_mask[0]=0x7ffbfeff, sa_flags=0x10000004
SIGILL: [libjvm.so+0x5e13a0], sa_mask[0]=0x7ffbfeff, sa_flags=0x10000004
SIGUSR1: SIG_DFL, sa_mask[0]=0x00000000, sa_flags=0x00000000
SIGUSR2: [libjvm.so+0x5e4600], sa_mask[0]=0x00000004, sa_flags=0x10000004
SIGHUP: [libjvm.so+0x5e41e0], sa_mask[0]=0x7ffbfeff, sa_flags=0x10000004
SIGINT: SIG_IGN, sa_mask[0]=0x00000000, sa_flags=0x00000000
SIGTERM: [libjvm.so+0x5e41e0], sa_mask[0]=0x7ffbfeff, sa_flags=0x10000004
SIGQUIT: [libjvm.so+0x5e41e0], sa_mask[0]=0x7ffbfeff, sa_flags=0x10000004


---------------  S Y S T E M  ---------------

OS:squeeze/sid

uname:Linux 2.6.32-21-generic #32-Ubuntu SMP Fri Apr 16 08:10:02 UTC 2010 i686
libc:glibc 2.11.1 NPTL 2.11.1 
rlimit: STACK 8192k, CORE 0k, NPROC infinity, NOFILE 1024, AS infinity
load average:2.44 1.65 1.27

/proc/meminfo:
MemTotal:        3058272 kB
MemFree:          478560 kB
Buffers:           26860 kB
Cached:           727012 kB
SwapCached:         3404 kB
Active:          1720968 kB
Inactive:         771504 kB
Active(anon):    1347312 kB
Inactive(anon):   490760 kB
Active(file):     373656 kB
Inactive(file):   280744 kB
Unevictable:          32 kB
Mlocked:              32 kB
HighTotal:       2197408 kB
HighFree:           2728 kB
LowTotal:         860864 kB
LowFree:          475832 kB
SwapTotal:       3999736 kB
SwapFree:        3907424 kB
Dirty:             47584 kB
Writeback:             0 kB
AnonPages:       1735856 kB
Mapped:            82712 kB
Shmem:             99472 kB
Slab:              49112 kB
SReclaimable:      34376 kB
SUnreclaim:        14736 kB
KernelStack:        3136 kB
PageTables:         8408 kB
NFS_Unstable:          0 kB
Bounce:                0 kB
WritebackTmp:          0 kB
CommitLimit:     5528872 kB
Committed_AS:    3355852 kB
VmallocTotal:     122880 kB
VmallocUsed:       33612 kB
VmallocChunk:      39056 kB
HardwareCorrupted:     0 kB
HugePages_Total:       0
HugePages_Free:        0
HugePages_Rsvd:        0
HugePages_Surp:        0
Hugepagesize:       4096 kB
DirectMap4k:       16376 kB
DirectMap4M:      892928 kB


CPU:total 2 (2 cores per cpu, 1 threads per core) family 6 model 23 stepping 10, cmov, cx8, fxsr, mmx, sse, sse2, sse3, ssse3

/proc/cpuinfo:
processor	: 0
vendor_id	: GenuineIntel
cpu family	: 6
model		: 23
model name	: Pentium(R) Dual-Core  CPU      E5500  @ 2.80GHz
stepping	: 10
cpu MHz		: 1200.000
cache size	: 2048 KB
physical id	: 0
siblings	: 2
core id		: 0
cpu cores	: 2
apicid		: 0
initial apicid	: 0
fdiv_bug	: no
hlt_bug		: no
f00f_bug	: no
coma_bug	: no
fpu		: yes
fpu_exception	: yes
cpuid level	: 13
wp		: yes
flags		: fpu vme de pse tsc msr pae mce cx8 apic mtrr pge mca cmov pat pse36 clflush dts acpi mmx fxsr sse sse2 ss ht tm pbe nx lm constant_tsc arch_perfmon pebs bts aperfmperf pni dtes64 monitor ds_cpl vmx est tm2 ssse3 cx16 xtpr pdcm xsave lahf_lm tpr_shadow vnmi flexpriority
bogomips	: 5585.10
clflush size	: 64
cache_alignment	: 64
address sizes	: 36 bits physical, 48 bits virtual
power management:

processor	: 1
vendor_id	: GenuineIntel
cpu family	: 6
model		: 23
model name	: Pentium(R) Dual-Core  CPU      E5500  @ 2.80GHz
stepping	: 10
cpu MHz		: 2800.000
cache size	: 2048 KB
physical id	: 0
siblings	: 2
core id		: 1
cpu cores	: 2
apicid		: 1
initial apicid	: 1
fdiv_bug	: no
hlt_bug		: no
f00f_bug	: no
coma_bug	: no
fpu		: yes
fpu_exception	: yes
cpuid level	: 13
wp		: yes
flags		: fpu vme de pse tsc msr pae mce cx8 apic mtrr pge mca cmov pat pse36 clflush dts acpi mmx fxsr sse sse2 ss ht tm pbe nx lm constant_tsc arch_perfmon pebs bts aperfmperf pni dtes64 monitor ds_cpl vmx est tm2 ssse3 cx16 xtpr pdcm xsave lahf_lm tpr_shadow vnmi flexpriority
bogomips	: 5585.92
clflush size	: 64
cache_alignment	: 64
address sizes	: 36 bits physical, 48 bits virtual
power management:



Memory: 4k page, physical 3058272k(478560k free), swap 3999736k(3907424k free)

vm_info: Java HotSpot(TM) Server VM (20.9-b04) for linux-x86 JRE (1.6.0_34-b04), built on Jul 19 2012 01:05:12 by "java_re" with gcc 3.2.1-7a (J2SE release)

time: Sat Aug 24 17:13:20 2013
elapsed time: 78 seconds

