#
# A fatal error has been detected by the Java Runtime Environment:
#
#  SIGSEGV (0xb) at pc=0xb7029516, pid=9892, tid=2402835312
#
# JRE version: 6.0_34-b04
# Java VM: Java HotSpot(TM) Server VM (20.9-b04 mixed mode linux-x86 )
# Problematic frame:
# V  [libjvm.so+0x57b516]  void objArrayKlass::objarray_follow_contents<oopDesc*>(oopDesc*, int)+0x46
#
# If you would like to submit a bug report, please visit:
#   http://java.sun.com/webapps/bugreport/crash.jsp
#

---------------  T H R E A D  ---------------

Current thread (0x082c7000):  VMThread [stack: 0x8f305000,0x8f386000] [id=9898]

siginfo:si_signo=SIGSEGV: si_errno=0, si_code=1 (SEGV_MAPERR), si_addr=0x40000000

Registers:
EAX=0x979e7974, EBX=0x40000000, ECX=0x00000000, EDX=0x00000004
ESP=0x8f384b30, EBP=0x8f384b88, ESI=0x979e7980, EDI=0x00000000
EIP=0xb7029516, EFLAGS=0x00010206, CR2=0x40000000

Top of Stack: (sp=0x8f384b30)
0x8f384b30:   00000000 979e7984 00000004 00000004
0x8f384b40:   b72bae40 97c216e0 00000000 00000000
0x8f384b50:   b72bae40 94faff5c 00000a00 00000c96
0x8f384b60:   00000000 979e7968 8f384ba8 b6e6b932
0x8f384b70:   b72bae40 979e7968 00000000 979e7968
0x8f384b80:   8f384c20 00000000 8f384ba8 b707b702
0x8f384b90:   902c9df8 979e7968 00000000 00000800
0x8f384ba0:   8f384c20 00000800 8f384be8 b7028bcd 

Instructions: (pc=0xb7029516)
0xb70294f6:   08 8b 45 0c 89 55 b0 83 c0 0c 8b 75 b0 8d 1c b0
0xb7029506:   8d 34 88 89 5d ac 39 de 73 61 8b 1e 85 db 74 53
0xb7029516:   8b 03 83 e0 03 83 f8 03 74 49 8b 3b c7 45 e4 03
0xb7029526:   00 00 00 8b 45 e4 89 03 80 3d cd be 29 b7 00 0f 

Register to memory mapping:

EAX=0x979e7974 is an oop
[[J 
 - klass: {type array long}[]
 - length: 4
EBX=0x40000000 is an unknown value
ECX=0x00000000 is an unknown value
EDX=0x00000004 is an unknown value
ESP=0x8f384b30 is an unknown value
EBP=0x8f384b88 is an unknown value
ESI=0x979e7980 is an oop
[[J 
 - klass: {type array long}[]
 - length: 4
EDI=0x00000000 is an unknown value


Stack: [0x8f305000,0x8f386000],  sp=0x8f384b30,  free space=510k
Native frames: (J=compiled Java code, j=interpreted, Vv=VM code, C=native code)
V  [libjvm.so+0x57b516]  void objArrayKlass::objarray_follow_contents<oopDesc*>(oopDesc*, int)+0x46
V  [libjvm.so+0x5cd702]  objArrayKlass::oop_follow_contents(oopDesc*)+0x22
V  [libjvm.so+0x57abcd]  MarkSweep::follow_stack()+0x3d
V  [libjvm.so+0x626f77]  PSMarkSweep::mark_sweep_phase1(bool)+0xe7
V  [libjvm.so+0x626077]  PSMarkSweep::invoke_no_policy(bool)+0x3c7
V  [libjvm.so+0x6309ee]  PSScavenge::invoke()+0x12e
V  [libjvm.so+0x5f62d9]  ParallelScavengeHeap::failed_mem_allocate(unsigned, bool)+0x49
V  [libjvm.so+0x727a6a]  VM_ParallelGCFailedAllocation::doit()+0x5a
V  [libjvm.so+0x7361e6]  VM_Operation::evaluate()+0x46
V  [libjvm.so+0x735673]  VMThread::evaluate_operation(VM_Operation*)+0x83
V  [libjvm.so+0x7358e4]  VMThread::loop()+0x194
V  [libjvm.so+0x7353d0]  VMThread::run()+0x80
V  [libjvm.so+0x5e3f8e]  java_start(Thread*)+0x14e
C  [libpthread.so.0+0x596e]  short+0xbe

VM_Operation (0x8dbfd67c): ParallelGCFailedAllocation, mode: safepoint, requested by thread 0x0871bc00


---------------  P R O C E S S  ---------------

Java Threads: ( => current thread )
  0x0871bc00 JavaThread "CompilationUnitBuilder" [_thread_blocked, id=9911, stack(0x8dafe000,0x8dbff000)]
  0x08620800 JavaThread "Java2D Disposer" daemon [_thread_blocked, id=9910, stack(0x8d9fd000,0x8dafe000)]
  0x0869e000 JavaThread "pool-1-thread-1" [_thread_blocked, id=9908, stack(0x8dbff000,0x8dd00000)]
  0x8e2eb800 JavaThread "Timer-0" daemon [_thread_blocked, id=9907, stack(0x8e0ff000,0x8e200000)]
  0x082ed000 JavaThread "Low Memory Detector" daemon [_thread_blocked, id=9904, stack(0x8edc0000,0x8eec1000)]
  0x082e1c00 JavaThread "C2 CompilerThread1" daemon [_thread_blocked, id=9903, stack(0x8eec1000,0x8ef42000)]
  0x082dfc00 JavaThread "C2 CompilerThread0" daemon [_thread_blocked, id=9902, stack(0x8ef42000,0x8efc3000)]
  0x082de000 JavaThread "Signal Dispatcher" daemon [_thread_blocked, id=9901, stack(0x8efc3000,0x8f0c4000)]
  0x082cc400 JavaThread "Finalizer" daemon [_thread_blocked, id=9900, stack(0x8f103000,0x8f204000)]
  0x082cac00 JavaThread "Reference Handler" daemon [_thread_blocked, id=9899, stack(0x8f204000,0x8f305000)]
  0x0824b400 JavaThread "main" [_thread_blocked, id=9895, stack(0xb6987000,0xb6a88000)]

Other Threads:
=>0x082c7000 VMThread [stack: 0x8f305000,0x8f386000] [id=9898]
  0x082ef000 WatcherThread [stack: 0x8ed3f000,0x8edc0000] [id=9905]

VM state:at safepoint (normal execution)

VM Mutex/Monitor currently owned by a thread:  ([mutex/lock_event])
[0x08249050] Threads_lock - owner thread: 0x082c7000
[0x08249460] Heap_lock - owner thread: 0x0871bc00

Heap
 PSYoungGen      total 117696K, used 32102K [0xa8da0000, 0xb3840000, 0xb3840000)
  eden space 60672K, 0% used [0xa8da0000,0xa8da0000,0xac8e0000)
  from space 57024K, 56% used [0xac8e0000,0xae839b48,0xb0090000)
  to   space 56768K, 0% used [0xb00d0000,0xb00d0000,0xb3840000)
 PSOldGen        total 178880K, used 146106K [0x93840000, 0x9e6f0000, 0xa8da0000)
  object space 178880K, 81% used [0x93840000,0x9c6eeae0,0x9e6f0000)
 PSPermGen       total 25856K, used 13791K [0x8f840000, 0x91180000, 0x93840000)
  object space 25856K, 53% used [0x8f840000,0x905b7e28,0x91180000)

Code Cache  [0xb3900000, 0xb3dc0000, 0xb6900000)
 total_blobs=1395 nmethods=1248 adapters=98 free_code_cache=45422144 largest_free_block=16128

Dynamic libraries:
08048000-08052000 r-xp 00000000 08:07 6995       /usr/lib/jvm/jdk1.6.0_34/jre/bin/java
08052000-08053000 rwxp 00009000 08:07 6995       /usr/lib/jvm/jdk1.6.0_34/jre/bin/java
08236000-09901000 rwxp 00000000 00:00 0          [heap]
8bb00000-8bb84000 rwxp 00000000 00:00 0 
8bb84000-8bc00000 ---p 00000000 00:00 0 
8bd00000-8bde4000 rwxp 00000000 00:00 0 
8bde4000-8be00000 ---p 00000000 00:00 0 
8be00000-8bf00000 rwxp 00000000 00:00 0 
8bf00000-8bfee000 rwxp 00000000 00:00 0 
8bfee000-8c000000 ---p 00000000 00:00 0 
8c100000-8c1fb000 rwxp 00000000 00:00 0 
8c1fb000-8c200000 ---p 00000000 00:00 0 
8c200000-8c2e9000 rwxp 00000000 00:00 0 
8c2e9000-8c300000 ---p 00000000 00:00 0 
8c300000-8c3f5000 rwxp 00000000 00:00 0 
8c3f5000-8c400000 ---p 00000000 00:00 0 
8c400000-8c4f1000 rwxp 00000000 00:00 0 
8c4f1000-8c500000 ---p 00000000 00:00 0 
8c500000-8c5f8000 rwxp 00000000 00:00 0 
8c5f8000-8c600000 ---p 00000000 00:00 0 
8c600000-8c6fc000 rwxp 00000000 00:00 0 
8c6fc000-8c700000 ---p 00000000 00:00 0 
8c700000-8c7f4000 rwxp 00000000 00:00 0 
8c7f4000-8c800000 ---p 00000000 00:00 0 
8c900000-8ca00000 rwxp 00000000 00:00 0 
8cbff000-8cc02000 ---p 00000000 00:00 0 
8cc02000-8cd00000 rwxp 00000000 00:00 0 
8cd00000-8cdf9000 rwxp 00000000 00:00 0 
8cdf9000-8ce00000 ---p 00000000 00:00 0 
8ce00000-8cef9000 rwxp 00000000 00:00 0 
8cef9000-8cf00000 ---p 00000000 00:00 0 
8cf00000-8cfbd000 rwxp 00000000 00:00 0 
8cfbd000-8d000000 ---p 00000000 00:00 0 
8d000000-8d0ff000 rwxp 00000000 00:00 0 
8d0ff000-8d100000 ---p 00000000 00:00 0 
8d100000-8d1fd000 rwxp 00000000 00:00 0 
8d1fd000-8d200000 ---p 00000000 00:00 0 
8d200000-8d2d4000 rwxp 00000000 00:00 0 
8d2d4000-8d300000 ---p 00000000 00:00 0 
8d300000-8d3f5000 rwxp 00000000 00:00 0 
8d3f5000-8d400000 ---p 00000000 00:00 0 
8d400000-8d4bc000 rwxp 00000000 00:00 0 
8d4bc000-8d500000 ---p 00000000 00:00 0 
8d500000-8d600000 rwxp 00000000 00:00 0 
8d600000-8d6f7000 rwxp 00000000 00:00 0 
8d6f7000-8d700000 ---p 00000000 00:00 0 
8d800000-8d8fa000 rwxp 00000000 00:00 0 
8d8fa000-8d900000 ---p 00000000 00:00 0 
8d9fd000-8da00000 ---p 00000000 00:00 0 
8da00000-8dafe000 rwxp 00000000 00:00 0 
8dafe000-8db01000 ---p 00000000 00:00 0 
8db01000-8dbff000 rwxp 00000000 00:00 0 
8dbff000-8dc02000 ---p 00000000 00:00 0 
8dc02000-8dd00000 rwxp 00000000 00:00 0 
8dd00000-8ddf2000 rwxp 00000000 00:00 0 
8ddf2000-8de00000 ---p 00000000 00:00 0 
8de16000-8de17000 r-xs 00000000 08:01 155729     /var/cache/fontconfig/26de28bc8622bbc1fb67fd234c21975f-le32d4.cache-3
8de17000-8de18000 r-xs 00000000 08:01 130883     /var/cache/fontconfig/c05880de57d1f5e948fdfacc138775d9-le32d4.cache-3
8de18000-8de1e000 r-xs 00000000 08:01 130880     /var/cache/fontconfig/945677eb7aeaf62f1d50efc3fb3ec7d8-le32d4.cache-3
8de1e000-8de20000 r-xs 00000000 08:01 130881     /var/cache/fontconfig/99e8ed0e538f840c565b6ed5dad60d56-le32d4.cache-3
8de20000-8de23000 r-xs 00000000 08:01 130890     /var/cache/fontconfig/e383d7ea5fbe662a33d9b44caf393297-le32d4.cache-3
8de23000-8de29000 r-xs 00000000 08:01 155730     /var/cache/fontconfig/401a5dd6b567794a1d18dd9342dfa604-le32d4.cache-3
8de29000-8de2a000 r-xs 00000000 08:01 130891     /var/cache/fontconfig/e7071f4a29fa870f4323321c154eba04-le32d4.cache-3
8de2a000-8de2d000 r-xs 00000000 08:01 130877     /var/cache/fontconfig/6eb3985aa4124903f6ff08ba781cd364-le32d4.cache-3
8de2d000-8de2e000 r-xs 00000000 08:01 130873     /var/cache/fontconfig/4c73fe0c47614734b17d736dbde7580a-le32d4.cache-3
8de2e000-8de2f000 r-xs 00000000 08:01 130867     /var/cache/fontconfig/0d8c3b2ac0904cb8a57a757ad11a4a08-le32d4.cache-3
8de2f000-8de30000 r-xs 00000000 08:01 130875     /var/cache/fontconfig/6a53c69dea097a2d716e069445527da8-le32d4.cache-3
8de30000-8de34000 r-xs 00000000 08:01 130882     /var/cache/fontconfig/a755afe4a08bf5b97852ceb7400b47bc-le32d4.cache-3
8de34000-8de38000 r-xs 00000000 08:01 155695     /var/cache/fontconfig/515ca1ebc4b18308bea979be5704f9db-le32d4.cache-3
8de38000-8de3b000 r-xs 00000000 08:01 130876     /var/cache/fontconfig/6d41288fd70b0be22e8c3a91e032eec0-le32d4.cache-3
8de3b000-8de46000 r-xs 00000000 08:01 130868     /var/cache/fontconfig/0f34bcd4b6ee430af32735b75db7f02b-le32d4.cache-3
8de46000-8de49000 r-xs 00000000 08:01 130887     /var/cache/fontconfig/d60319d88cac85ba9e1a07bd06cfbb8c-le32d4.cache-3
8de49000-8de4a000 r-xs 00000000 08:01 130871     /var/cache/fontconfig/4794a0821666d79190d59a36cb4f44b5-le32d4.cache-3
8de4a000-8de6c000 r-xs 00000000 08:01 155788     /var/cache/fontconfig/365b55f210c0a22e9a19e35191240f32-le32d4.cache-3
8de6c000-8dee5000 r-xp 00000000 08:07 7097       /usr/lib/jvm/jdk1.6.0_34/jre/lib/i386/libfontmanager.so
8dee5000-8deef000 rwxp 00078000 08:07 7097       /usr/lib/jvm/jdk1.6.0_34/jre/lib/i386/libfontmanager.so
8deef000-8def4000 rwxp 00000000 00:00 0 
8def4000-8def6000 r-xs 00001000 08:07 7039       /usr/lib/jvm/jdk1.6.0_34/jre/lib/ext/dnsns.jar
8def6000-8defa000 r-xs 00035000 08:07 7036       /usr/lib/jvm/jdk1.6.0_34/jre/lib/ext/sunpkcs11.jar
8defa000-8defd000 r-xs 00027000 08:07 7037       /usr/lib/jvm/jdk1.6.0_34/jre/lib/ext/sunjce_provider.jar
8defd000-8df00000 r-xs 000cc000 08:07 7038       /usr/lib/jvm/jdk1.6.0_34/jre/lib/ext/localedata.jar
8df00000-8e000000 rwxp 00000000 00:00 0 
8e03a000-8e0bf000 r-xp 00000000 08:07 7055       /usr/lib/jvm/jdk1.6.0_34/jre/lib/i386/libawt.so
8e0bf000-8e0c6000 rwxp 00085000 08:07 7055       /usr/lib/jvm/jdk1.6.0_34/jre/lib/i386/libawt.so
8e0c6000-8e0ea000 rwxp 00000000 00:00 0 
8e0ea000-8e0fe000 r-xp 00000000 08:07 7041       /usr/lib/jvm/jdk1.6.0_34/jre/lib/i386/libnet.so
8e0fe000-8e0ff000 rwxp 00013000 08:07 7041       /usr/lib/jvm/jdk1.6.0_34/jre/lib/i386/libnet.so
8e0ff000-8e102000 ---p 00000000 00:00 0 
8e102000-8e200000 rwxp 00000000 00:00 0 
8e200000-8e300000 rwxp 00000000 00:00 0 
8e300000-8e3fb000 rwxp 00000000 00:00 0 
8e3fb000-8e400000 ---p 00000000 00:00 0 
8e457000-8e45b000 r-xs 00023000 08:05 4591135    /home/rajkirans/.m2/repository/org/apache/maven/doxia/doxia-core/1.1.2/doxia-core-1.1.2.jar
8e45b000-8e45d000 r-xs 00008000 08:05 787588     /home/rajkirans/.m2/repository/org/apache/maven/doxia/doxia-module-fml/1.1.4/doxia-module-fml-1.1.4.jar
8e45d000-8e45e000 r-xs 0000c000 08:05 4587855    /home/rajkirans/.m2/repository/org/springframework/spring-asm/3.0.5.RELEASE/spring-asm-3.0.5.RELEASE.jar
8e45e000-8e462000 r-xs 00028000 08:05 787590     /home/rajkirans/.m2/repository/com/thoughtworks/qdox/qdox/1.12/qdox-1.12.jar
8e462000-8e46d000 r-xs 00074000 08:05 4598076    /home/rajkirans/.m2/repository/velocity/velocity-dep/1.4/velocity-dep-1.4.jar
8e46d000-8e475000 r-xs 00051000 08:05 4598075    /home/rajkirans/.m2/repository/velocity/velocity/1.4/velocity-1.4.jar
8e475000-8e476000 r-xs 00001000 08:05 4591154    /home/rajkirans/.m2/repository/org/codehaus/plexus/plexus-velocity/1.1.7/plexus-velocity-1.1.7.jar
8e476000-8e478000 r-xs 00009000 08:05 787945     /home/rajkirans/.m2/repository/org/codehaus/plexus/plexus-classworlds/1.2-alpha-6/plexus-classworlds-1.2-alpha-6.jar
8e478000-8e47a000 r-xs 00006000 08:05 787944     /home/rajkirans/.m2/repository/org/codehaus/plexus/plexus-component-api/1.0-alpha-15/plexus-component-api-1.0-alpha-15.jar
8e47a000-8e480000 r-xs 00045000 08:05 4591144    /home/rajkirans/.m2/repository/commons-httpclient/commons-httpclient/3.1/commons-httpclient-3.1.jar
8e480000-8e485000 r-xs 00040000 08:05 787601     /home/rajkirans/.m2/repository/commons-lang/commons-lang/2.5/commons-lang-2.5.jar
8e485000-8e48d000 r-xs 00058000 08:05 4591155    /home/rajkirans/.m2/repository/org/apache/velocity/velocity/1.5/velocity-1.5.jar
8e48d000-8e496000 r-xs 00075000 08:05 787597     /home/rajkirans/.m2/repository/org/apache/maven/surefire/surefire-api/2.4.3/surefire-api-2.4.3.jar
8e496000-8e4a8000 r-xs 00245000 08:05 787615     /home/rajkirans/.m2/repository/com/ibm/icu/icu4j/2.6.1/icu4j-2.6.1.jar
8e4a8000-8e4cd000 r-xs 002dc000 08:05 787612     /home/rajkirans/.m2/repository/xalan/xalan/2.6.0/xalan-2.6.0.jar
8e4cd000-8e4d0000 r-xs 00018000 08:05 787608     /home/rajkirans/.m2/repository/xom/xom/1.0/xom-1.0.jar
8e4d0000-8e4e8000 r-xs 00115000 08:05 787621     /home/rajkirans/.m2/repository/xerces/xercesImpl/2.9.1/xercesImpl-2.9.1.jar
8e4e8000-8e4eb000 r-xs 00023000 08:05 787607     /home/rajkirans/.m2/repository/jdom/jdom/1.0/jdom-1.0.jar
8e4eb000-8e4f0000 r-xs 00048000 08:05 4594365    /home/rajkirans/.m2/repository/dom4j/dom4j/1.6.1/dom4j-1.6.1.jar
8e4f0000-8e4f6000 r-xs 00032000 08:05 787606     /home/rajkirans/.m2/repository/jaxen/jaxen/1.1.1/jaxen-1.1.1.jar
8e4f6000-8e500000 r-xs 00079000 08:05 787616     /home/rajkirans/.m2/repository/org/apache/bcel/bcel/5.2/bcel-5.2.jar
8e500000-8e5fd000 rwxp 00000000 00:00 0 
8e5fd000-8e600000 ---p 00000000 00:00 0 
8e609000-8e611000 r-xs 00000000 08:01 130886     /var/cache/fontconfig/d52a8644073d54c13679302ca1180695-le32d4.cache-3
8e611000-8e621000 r-xp 00000000 08:01 1312609    /lib/tls/i686/cmov/libresolv-2.11.1.so
8e621000-8e622000 r-xp 00010000 08:01 1312609    /lib/tls/i686/cmov/libresolv-2.11.1.so
8e622000-8e623000 rwxp 00011000 08:01 1312609    /lib/tls/i686/cmov/libresolv-2.11.1.so
8e623000-8e625000 rwxp 00000000 00:00 0 
8e625000-8e629000 r-xp 00000000 08:01 1312596    /lib/tls/i686/cmov/libnss_dns-2.11.1.so
8e629000-8e62a000 r-xp 00004000 08:01 1312596    /lib/tls/i686/cmov/libnss_dns-2.11.1.so
8e62a000-8e62b000 rwxp 00005000 08:01 1312596    /lib/tls/i686/cmov/libnss_dns-2.11.1.so
8e62b000-8e62d000 r-xp 00000000 08:01 1308281    /lib/libnss_mdns4_minimal.so.2
8e62d000-8e62e000 r-xp 00001000 08:01 1308281    /lib/libnss_mdns4_minimal.so.2
8e62e000-8e62f000 rwxp 00002000 08:01 1308281    /lib/libnss_mdns4_minimal.so.2
8e62f000-8e631000 r-xs 00000000 08:01 130892     /var/cache/fontconfig/e13b20fdb08344e0e664864cc2ede53d-le32d4.cache-3
8e631000-8e634000 r-xs 00000000 08:01 155725     /var/cache/fontconfig/7ef2298fde41cc6eeb7af42e48b7d293-le32d4.cache-3
8e634000-8e639000 r-xp 00000000 08:07 7100       /usr/lib/jvm/jdk1.6.0_34/jre/lib/i386/headless/libmawt.so
8e639000-8e63a000 rwxp 00004000 08:07 7100       /usr/lib/jvm/jdk1.6.0_34/jre/lib/i386/headless/libmawt.so
8e63a000-8e640000 r-xp 00000000 08:07 7087       /usr/lib/jvm/jdk1.6.0_34/jre/lib/i386/libmanagement.so
8e640000-8e641000 rwxp 00005000 08:07 7087       /usr/lib/jvm/jdk1.6.0_34/jre/lib/i386/libmanagement.so
8e641000-8e644000 r-xs 00024000 08:05 787598     /home/rajkirans/.m2/repository/commons-io/commons-io/2.0.1/commons-io-2.0.1.jar
8e644000-8e653000 r-xs 000b3000 08:05 787593     /home/rajkirans/.m2/repository/freemarker/freemarker/2.3.6/freemarker-2.3.6.jar
8e653000-8e65c000 r-xs 00055000 08:05 4587854    /home/rajkirans/.m2/repository/org/springframework/spring-core/3.0.5.RELEASE/spring-core-3.0.5.RELEASE.jar
8e65c000-8e65f000 r-xs 00014000 08:05 4591163    /home/rajkirans/.m2/repository/commons-validator/commons-validator/1.2.0/commons-validator-1.2.0.jar
8e65f000-8e661000 r-xs 0000b000 08:05 787584     /home/rajkirans/.m2/repository/org/apache/maven/doxia/doxia-decoration-model/1.1.4/doxia-decoration-model-1.1.4.jar
8e661000-8e663000 r-xs 0000b000 08:05 787582     /home/rajkirans/.m2/repository/org/apache/maven/doxia/doxia-site-renderer/1.1.4/doxia-site-renderer-1.1.4.jar
8e663000-8e665000 r-xs 00003000 08:05 4591161    /home/rajkirans/.m2/repository/org/apache/maven/reporting/maven-reporting-impl/2.1/maven-reporting-impl-2.1.jar
8e665000-8e667000 r-xs 00002000 08:05 4459109    /home/rajkirans/.m2/repository/org/apache/maven/maven-plugin-api/2.0.9/maven-plugin-api-2.0.9.jar
8e667000-8e669000 r-xs 00006000 08:05 4587871    /home/rajkirans/.m2/repository/org/apache/maven/maven-plugin-registry/2.0.10/maven-plugin-registry-2.0.10.jar
8e669000-8e66b000 r-xs 0000a000 08:05 787949     /home/rajkirans/.m2/repository/org/apache/maven/wagon/wagon-provider-api/1.0-beta-2/wagon-provider-api-1.0-beta-2.jar
8e66b000-8e66d000 r-xs 00005000 08:05 4587867    /home/rajkirans/.m2/repository/org/apache/maven/maven-repository-metadata/2.0.10/maven-repository-metadata-2.0.10.jar
8e66d000-8e66f000 r-xs 0000d000 08:05 4587865    /home/rajkirans/.m2/repository/org/apache/maven/maven-artifact-manager/2.0.10/maven-artifact-manager-2.0.10.jar
8e66f000-8e671000 r-xs 00008000 08:05 4587863    /home/rajkirans/.m2/repository/org/apache/maven/maven-profile/2.0.10/maven-profile-2.0.10.jar
8e671000-8e673000 r-xs 0000b000 08:05 4587862    /home/rajkirans/.m2/repository/org/apache/maven/maven-settings/2.0.10/maven-settings-2.0.10.jar
8e673000-8e676000 r-xs 0001b000 08:05 4459106    /home/rajkirans/.m2/repository/org/apache/maven/maven-project/2.0.9/maven-project-2.0.9.jar
8e676000-8e67a000 r-xs 0002b000 08:05 4722940    /home/rajkirans/.m2/repository/com/vaadin/vaadin-maven-plugin/7.0.2/vaadin-maven-plugin-7.0.2.jar
8e67a000-8e67d000 r-xs 00023000 08:05 787602     /home/rajkirans/.m2/repository/org/jdom/jdom/1.1/jdom-1.1.jar
8e67d000-8e683000 r-xs 0003c000 08:05 787596     /home/rajkirans/.m2/repository/org/apache/maven/surefire/surefire-booter/2.4.3/surefire-booter-2.4.3.jar
8e683000-8e684000 r-xs 00006000 08:05 787618     /home/rajkirans/.m2/repository/jakarta-regexp/jakarta-regexp/1.4/jakarta-regexp-1.4.jar
8e684000-8e685000 r-xs 00002000 08:05 4598056    /home/rajkirans/.m2/repository/org/codehaus/plexus/plexus-io/1.0-alpha-1/plexus-io-1.0-alpha-1.jar
8e685000-8e689000 r-xs 00023000 08:05 4598040    /home/rajkirans/.m2/repository/org/codehaus/plexus/plexus-archiver/1.0-alpha-9/plexus-archiver-1.0-alpha-9.jar
8e689000-8e68c000 r-xs 00013000 08:05 4459100    /home/rajkirans/.m2/repository/org/apache/maven/maven-model/2.0.6/maven-model-2.0.6.jar
8e68c000-8e690000 r-xs 00012000 08:05 4459099    /home/rajkirans/.m2/repository/org/apache/maven/maven-artifact/2.0.6/maven-artifact-2.0.6.jar
8e690000-8e691000 r-xs 00004000 08:05 4462989    /home/rajkirans/.m2/repository/org/apache/maven/maven-archiver/2.4.1/maven-archiver-2.4.1.jar
8e691000-8e693000 r-xs 00002000 08:05 787580     /home/rajkirans/.m2/repository/org/apache/maven/doxia/doxia-sink-api/1.1.4/doxia-sink-api-1.1.4.jar
8e693000-8e694000 r-xs 00002000 08:05 4587852    /home/rajkirans/.m2/repository/org/apache/maven/reporting/maven-reporting-api/3.0/maven-reporting-api-3.0.jar
8e694000-8e696000 r-xs 0000d000 08:05 4462427    /home/rajkirans/.m2/repository/org/codehaus/plexus/plexus-interpolation/1.13/plexus-interpolation-1.13.jar
8e696000-8e697000 r-xs 00002000 08:05 787583     /home/rajkirans/.m2/repository/org/apache/maven/doxia/doxia-logging-api/1.1.4/doxia-logging-api-1.1.4.jar
8e697000-8e69d000 r-xs 00034000 08:05 787595     /home/rajkirans/.m2/repository/junit/junit/4.8.1/junit-4.8.1.jar
8e69d000-8e6a4000 r-xs 00029000 08:05 4459101    /home/rajkirans/.m2/repository/org/codehaus/plexus/plexus-container-default/1.0-alpha-8/plexus-container-default-1.0-alpha-8.jar
8e6a4000-8e6a5000 r-xs 00004000 08:05 4462736    /home/rajkirans/.m2/repository/org/codehaus/plexus/plexus-compiler-api/1.5.3/plexus-compiler-api-1.5.3.jar
8e6a5000-8e6a9000 r-xs 00033000 08:05 4462194    /home/rajkirans/.m2/repository/org/codehaus/plexus/plexus-utils/2.0.5/plexus-utils-2.0.5.jar
8e6a9000-8e6aa000 r-xs 00003000 08:05 4462734    /home/rajkirans/.m2/repository/org/codehaus/plexus/plexus-compiler-javac/1.5.3/plexus-compiler-javac-1.5.3.jar
8e6aa000-8e6ac000 r-xs 0000e000 08:05 4591157    /home/rajkirans/.m2/repository/oro/oro/2.0.8/oro-2.0.8.jar
8e6ac000-8e6b4000 r-xs 00028000 08:05 4589113    /home/rajkirans/.m2/repository/xml-apis/xml-apis/1.3.02/xml-apis-1.3.02.jar
8e6b4000-8e6c1000 r-xs 0007f000 08:05 4591160    /home/rajkirans/.m2/repository/commons-collections/commons-collections/3.2/commons-collections-3.2.jar
8e6c1000-8e6c6000 r-xs 0002a000 08:05 4591168    /home/rajkirans/.m2/repository/commons-beanutils/commons-beanutils/1.7.0/commons-beanutils-1.7.0.jar
8e6c6000-8e6ca000 r-xs 00026000 08:05 4591170    /home/rajkirans/.m2/repository/commons-digester/commons-digester/1.6/commons-digester-1.6.jar
8e6ca000-8e6d0000 r-xs 00019000 08:05 787610     /home/rajkirans/.m2/repository/xerces/xmlParserAPIs/2.6.2/xmlParserAPIs-2.6.2.jar
8e6d0000-8e6d1000 r-xs 00006000 08:05 4597562    /home/rajkirans/.m2/repository/org/codehaus/jackson/jackson-xc/1.9.2/jackson-xc-1.9.2.jar
8e6d1000-8e6d2000 r-xs 00004000 08:05 4597563    /home/rajkirans/.m2/repository/org/codehaus/jackson/jackson-jaxrs/1.9.2/jackson-jaxrs-1.9.2.jar
8e6d2000-8e6e0000 r-xs 000ad000 08:05 4597564    /home/rajkirans/.m2/repository/org/codehaus/jackson/jackson-mapper-asl/1.9.2/jackson-mapper-asl-1.9.2.jar
8e6e0000-8e6e4000 r-xs 00034000 08:05 4596750    /home/rajkirans/.m2/repository/org/codehaus/jackson/jackson-core-asl/1.9.2/jackson-core-asl-1.9.2.jar
8e6e4000-8e6e6000 r-xs 00004000 08:05 4597644    /home/rajkirans/.m2/repository/javax/xml/stream/stax-api/1.0-2/stax-api-1.0-2.jar
8e6e6000-8e6e9000 r-xs 00017000 08:05 4596687    /home/rajkirans/.m2/repository/javax/xml/bind/jaxb-api/2.2.2/jaxb-api-2.2.2.jar
8e6e9000-8e6fc000 r-xs 000c7000 08:05 4597622    /home/rajkirans/.m2/repository/com/sun/xml/bind/jaxb-impl/2.2.3-1/jaxb-impl-2.2.3-1.jar
8e6fc000-8e6fe000 r-xs 0000f000 08:05 4597658    /home/rajkirans/.m2/repository/org/codehaus/jettison/jettison/1.1/jettison-1.1.jar
8e6fe000-8e702000 r-xs 00024000 08:05 4597651    /home/rajkirans/.m2/repository/com/sun/jersey/jersey-json/1.17.1/jersey-json-1.17.1.jar
8e702000-8e70d000 r-xs 00068000 08:05 4597638    /home/rajkirans/.m2/repository/com/sun/jersey/jersey-core/1.17.1/jersey-core-1.17.1.jar
8e70d000-8e710000 r-xs 0001d000 08:05 4597642    /home/rajkirans/.m2/repository/com/sun/jersey/jersey-client/1.17.1/jersey-client-1.17.1.jar
8e710000-8e712000 r-xs 0000e000 08:05 4587850    /home/rajkirans/.m2/repository/javax/activation/activation/1.1/activation-1.1.jar
8e712000-8e718000 r-xs 00059000 08:05 787388     /home/rajkirans/.m2/repository/javax/mail/mail/1.4/mail-1.4.jar
8e718000-8e71a000 r-xs 00006000 08:05 787385     /home/rajkirans/.m2/repository/com/google/code/findbugs/jsr305/1.3.7/jsr305-1.3.7.jar
8e71a000-8e71d000 r-xs 0001b000 08:05 787384     /home/rajkirans/.m2/repository/xpp3/xpp3/1.1.4c/xpp3-1.1.4c.jar
8e71d000-8e722000 r-xs 00026000 08:05 787379     /home/rajkirans/.m2/repository/org/apache/httpcomponents/httpcore/4.0.1/httpcore-4.0.1.jar
8e722000-8e729000 r-xs 00041000 08:05 787380     /home/rajkirans/.m2/repository/org/apache/httpcomponents/httpclient/4.0.3/httpclient-4.0.3.jar
8e729000-8e72e000 r-xs 0002e000 08:05 787378     /home/rajkirans/.m2/repository/com/google/http-client/google-http-client/1.11.0-beta/google-http-client-1.11.0-beta.jar
8e72e000-8e730000 r-xs 0000c000 08:05 787376     /home/rajkirans/.m2/repository/com/google/oauth-client/google-oauth-client/1.11.0-beta/google-oauth-client-1.11.0-beta.jar
8e730000-8e732000 r-xs 00001000 08:05 787374     /home/rajkirans/.m2/repository/com/google/oauth-client/google-oauth-client-java6/1.11.0-beta/google-oauth-client-java6-1.11.0-beta.jar
8e732000-8e733000 r-xs 00001000 08:05 787372     /home/rajkirans/.m2/repository/com/google/oauth-client/google-oauth-client-jetty/1.11.0-beta/google-oauth-client-jetty-1.11.0-beta.jar
8e733000-8e757000 r-xs 001aa000 08:05 787368     /home/rajkirans/.m2/repository/com/google/guava/guava/13.0.1/guava-13.0.1.jar
8e757000-8e786000 r-xs 00215000 08:05 787367     /home/rajkirans/.m2/repository/com/google/gdata/core/1.47.1/core-1.47.1.jar
8e786000-8e787000 r-xs 00001000 08:05 787226     /home/rajkirans/.m2/repository/org/vaadin/addons/cssinject/2.0.3/cssinject-2.0.3.jar
8e787000-8e78c000 r-xs 0002a000 08:05 787364     /home/rajkirans/.m2/repository/com/google/code/gson/gson/2.2/gson-2.2.jar
8e78c000-8e799000 r-xs 000c4000 08:05 787224     /home/rajkirans/.m2/repository/com/vaadin/addon/vaadin-charts/1.0.0/vaadin-charts-1.0.0.jar
8e799000-8e79f000 r-xs 0003f000 08:05 787225     /home/rajkirans/.m2/repository/com/vaadin/addon/vaadin-calendar-cval-2.0/2.0.0.beta3/vaadin-calendar-cval-2.0-2.0.0.beta3.jar
8e79f000-8e7a1000 r-xs 00009000 08:05 4591724    /home/rajkirans/.m2/repository/commons-cli/commons-cli/1.2/commons-cli-1.2.jar
8e7a1000-8e7a7000 r-xs 0003c000 08:05 4591741    /home/rajkirans/.m2/repository/org/apache/commons/commons-jexl/2.1.1/commons-jexl-2.1.1.jar
8e7a7000-8e7ac000 r-xs 00063000 08:05 787340     /home/rajkirans/.m2/repository/com/vaadin/vaadin-theme-compiler/7.0.2/vaadin-theme-compiler-7.0.2.jar
8e7ac000-8e7b3000 r-xs 0004e000 08:05 787363     /home/rajkirans/.m2/repository/org/apache/james/apache-mime4j/0.6/apache-mime4j-0.6.jar
8e7b3000-8e7b8000 r-xs 00041000 08:05 787362     /home/rajkirans/.m2/repository/commons-lang/commons-lang/2.6/commons-lang-2.6.jar
8e7b8000-8e7bc000 r-xs 00024000 08:05 787353     /home/rajkirans/.m2/repository/org/mortbay/jetty/jetty-util/6.1.11/jetty-util-6.1.11.jar
8e7bc000-8e7bf000 r-xs 0001e000 08:05 787354     /home/rajkirans/.m2/repository/org/mortbay/jetty/servlet-api-2.5/6.1.11/servlet-api-2.5-6.1.11.jar
8e7bf000-8e7c6000 r-xs 00074000 08:05 787349     /home/rajkirans/.m2/repository/org/mortbay/jetty/jetty/6.1.11/jetty-6.1.11.jar
8e7c6000-8e7d5000 r-xs 000ee000 08:05 787347     /home/rajkirans/.m2/repository/ant/ant/1.6.5/ant-1.6.5.jar
8e7d5000-8e7e2000 r-xs 0007c000 08:05 4594383    /home/rajkirans/.m2/repository/commons-collections/commons-collections/3.1/commons-collections-3.1.jar
8e7e2000-8e7e5000 ---p 00000000 00:00 0 
8e7e5000-8e90d000 rwxp 00000000 00:00 0 
8e90d000-8ea6a000 r-xs 01869000 08:05 787337     /home/rajkirans/.m2/repository/com/vaadin/vaadin-client-compiler/7.0.2/vaadin-client-compiler-7.0.2.jar
8ea6a000-8ea6c000 r-xs 0000e000 08:05 787345     /home/rajkirans/.m2/repository/javax/validation/validation-api/1.0.0.GA/validation-api-1.0.0.GA-sources.jar
8ea6c000-8ea6f000 r-xs 00009000 08:05 787346     /home/rajkirans/.m2/repository/javax/validation/validation-api/1.0.0.GA/validation-api-1.0.0.GA.jar
8ea6f000-8ea70000 r-xs 00003000 08:05 4591742    /home/rajkirans/.m2/repository/org/w3c/css/sac/1.3/sac-1.3.jar
8ea70000-8ea92000 rwxp 00000000 00:00 0 
8ea92000-8ebaa000 r-xs 00dc4000 08:05 787335     /home/rajkirans/.m2/repository/com/vaadin/vaadin-client/7.0.2/vaadin-client-7.0.2.jar
8ebaa000-8ebd0000 r-xs 00184000 08:05 4591752    /home/rajkirans/.m2/repository/com/vaadin/vaadin-shared-deps/1.0.2/vaadin-shared-deps-1.0.2.jar
8ebd0000-8ec00000 r-xs 001b7000 08:05 787333     /home/rajkirans/.m2/repository/com/vaadin/vaadin-shared/7.0.2/vaadin-shared-7.0.2.jar
8ec00000-8ecff000 rwxp 00000000 00:00 0 
8ecff000-8ed00000 ---p 00000000 00:00 0 
8ed00000-8ed01000 r-xs 00003000 08:05 787585     /home/rajkirans/.m2/repository/org/apache/maven/doxia/doxia-module-xhtml/1.1.4/doxia-module-xhtml-1.1.4.jar
8ed01000-8ed03000 r-xs 0000d000 08:05 4594261    /home/rajkirans/.m2/repository/commons-logging/commons-logging/1.1.1/commons-logging-1.1.1.jar
8ed03000-8ed06000 r-xs 00018000 08:05 787360     /home/rajkirans/.m2/repository/commons-io/commons-io/1.4/commons-io-1.4.jar
8ed06000-8ed1a000 r-xs 000c8000 08:05 787332     /home/rajkirans/.m2/repository/com/vaadin/vaadin-themes/7.0.2/vaadin-themes-7.0.2.jar
8ed1a000-8ed3f000 r-xs 0025d000 08:05 787334     /home/rajkirans/.m2/repository/com/vaadin/vaadin-server/7.0.2/vaadin-server-7.0.2.jar
8ed3f000-8ed40000 ---p 00000000 00:00 0 
8ed40000-8edc0000 rwxp 00000000 00:00 0 
8edc0000-8edc3000 ---p 00000000 00:00 0 
8edc3000-8eec1000 rwxp 00000000 00:00 0 
8eec1000-8eec4000 ---p 00000000 00:00 0 
8eec4000-8ef42000 rwxp 00000000 00:00 0 
8ef42000-8ef45000 ---p 00000000 00:00 0 
8ef45000-8efc3000 rwxp 00000000 00:00 0 
8efc3000-8efc6000 ---p 00000000 00:00 0 
8efc6000-8f0c4000 rwxp 00000000 00:00 0 
8f0c4000-8f103000 r-xp 00000000 08:07 1844312    /usr/lib/locale/en_IN/LC_CTYPE
8f103000-8f106000 ---p 00000000 00:00 0 
8f106000-8f204000 rwxp 00000000 00:00 0 
8f204000-8f207000 ---p 00000000 00:00 0 
8f207000-8f305000 rwxp 00000000 00:00 0 
8f305000-8f306000 ---p 00000000 00:00 0 
8f306000-8f3ba000 rwxp 00000000 00:00 0          [threadstack:0007f494]
8f3ba000-8f552000 r-xs 0307a000 08:07 7102       /usr/lib/jvm/jdk1.6.0_34/jre/lib/rt.jar
8f552000-8f553000 ---p 00000000 00:00 0 
8f553000-8f5d3000 rwxp 00000000 00:00 0 
8f5d3000-8f5d4000 ---p 00000000 00:00 0 
8f5d4000-8f661000 rwxp 00000000 00:00 0 
8f661000-8f674000 rwxp 00000000 00:00 0 
8f674000-8f6cc000 rwxp 00000000 00:00 0 
8f6cc000-8f71f000 rwxp 00000000 00:00 0 
8f71f000-8f72c000 rwxp 00000000 00:00 0 
8f72c000-8f73f000 rwxp 00000000 00:00 0 
8f73f000-8f797000 rwxp 00000000 00:00 0 
8f797000-8f7e9000 rwxp 00000000 00:00 0 
8f7e9000-8f83f000 rwxp 00000000 00:00 0 
8f83f000-91180000 rwxp 00000000 00:00 0 
91180000-91200000 ---p 00000000 00:00 0 
91200000-93840000 rwxp 00000000 00:00 0 
93840000-9e6f0000 rwxp 00000000 00:00 0 
9e6f0000-a8da0000 rwxp 00000000 00:00 0 
a8da0000-b3840000 rwxp 00000000 00:00 0 
b3840000-b3853000 rwxp 00000000 00:00 0 
b3853000-b3900000 rwxp 00000000 00:00 0 
b3900000-b3dc0000 rwxp 00000000 00:00 0 
b3dc0000-b6900000 rwxp 00000000 00:00 0 
b6900000-b690f000 r-xp 00000000 08:07 7071       /usr/lib/jvm/jdk1.6.0_34/jre/lib/i386/libzip.so
b690f000-b6911000 rwxp 0000e000 08:07 7071       /usr/lib/jvm/jdk1.6.0_34/jre/lib/i386/libzip.so
b6911000-b691b000 r-xp 00000000 08:01 1312598    /lib/tls/i686/cmov/libnss_files-2.11.1.so
b691b000-b691c000 r-xp 00009000 08:01 1312598    /lib/tls/i686/cmov/libnss_files-2.11.1.so
b691c000-b691d000 rwxp 0000a000 08:01 1312598    /lib/tls/i686/cmov/libnss_files-2.11.1.so
b691d000-b6925000 r-xp 00000000 08:01 1312602    /lib/tls/i686/cmov/libnss_nis-2.11.1.so
b6925000-b6926000 r-xp 00007000 08:01 1312602    /lib/tls/i686/cmov/libnss_nis-2.11.1.so
b6926000-b6927000 rwxp 00008000 08:01 1312602    /lib/tls/i686/cmov/libnss_nis-2.11.1.so
b6927000-b692d000 r-xp 00000000 08:01 1312594    /lib/tls/i686/cmov/libnss_compat-2.11.1.so
b692d000-b692e000 r-xp 00006000 08:01 1312594    /lib/tls/i686/cmov/libnss_compat-2.11.1.so
b692e000-b692f000 rwxp 00007000 08:01 1312594    /lib/tls/i686/cmov/libnss_compat-2.11.1.so
b692f000-b6942000 r-xp 00000000 08:01 1312592    /lib/tls/i686/cmov/libnsl-2.11.1.so
b6942000-b6943000 r-xp 00012000 08:01 1312592    /lib/tls/i686/cmov/libnsl-2.11.1.so
b6943000-b6944000 rwxp 00013000 08:01 1312592    /lib/tls/i686/cmov/libnsl-2.11.1.so
b6944000-b6946000 rwxp 00000000 00:00 0 
b6946000-b6947000 r-xs 00002000 08:05 4591151    /home/rajkirans/.m2/repository/org/codehaus/plexus/plexus-i18n/1.0-beta-7/plexus-i18n-1.0-beta-7.jar
b6947000-b6949000 r-xs 0000a000 08:05 787357     /home/rajkirans/.m2/repository/commons-codec/commons-codec/1.3/commons-codec-1.3.jar
b6949000-b694a000 r-xs 00002000 08:05 787355     /home/rajkirans/.m2/repository/org/jdesktop/swing-worker/1.1/swing-worker-1.1.jar
b694a000-b6950000 r-xs 0003e000 08:05 4591750    /home/rajkirans/.m2/repository/org/jsoup/jsoup/1.6.3/jsoup-1.6.3.jar
b6950000-b6958000 rwxs 00000000 08:01 1573031    /tmp/hsperfdata_rajkirans/9892
b6958000-b697c000 r-xp 00000000 08:07 7076       /usr/lib/jvm/jdk1.6.0_34/jre/lib/i386/libjava.so
b697c000-b697e000 rwxp 00023000 08:07 7076       /usr/lib/jvm/jdk1.6.0_34/jre/lib/i386/libjava.so
b697e000-b6985000 r-xp 00000000 08:01 1312611    /lib/tls/i686/cmov/librt-2.11.1.so
b6985000-b6986000 r-xp 00006000 08:01 1312611    /lib/tls/i686/cmov/librt-2.11.1.so
b6986000-b6987000 rwxp 00007000 08:01 1312611    /lib/tls/i686/cmov/librt-2.11.1.so
b6987000-b698a000 ---p 00000000 00:00 0 
b698a000-b6a88000 rwxp 00000000 00:00 0 
b6a88000-b6aac000 r-xp 00000000 08:01 1312589    /lib/tls/i686/cmov/libm-2.11.1.so
b6aac000-b6aad000 r-xp 00023000 08:01 1312589    /lib/tls/i686/cmov/libm-2.11.1.so
b6aad000-b6aae000 rwxp 00024000 08:01 1312589    /lib/tls/i686/cmov/libm-2.11.1.so
b6aae000-b7262000 r-xp 00000000 08:07 7053       /usr/lib/jvm/jdk1.6.0_34/jre/lib/i386/server/libjvm.so
b7262000-b72b6000 rwxp 007b4000 08:07 7053       /usr/lib/jvm/jdk1.6.0_34/jre/lib/i386/server/libjvm.so
b72b6000-b76d5000 rwxp 00000000 00:00 0 
b76d5000-b7828000 r-xp 00000000 08:01 1312581    /lib/tls/i686/cmov/libc-2.11.1.so
b7828000-b7829000 ---p 00153000 08:01 1312581    /lib/tls/i686/cmov/libc-2.11.1.so
b7829000-b782b000 r-xp 00153000 08:01 1312581    /lib/tls/i686/cmov/libc-2.11.1.so
b782b000-b782c000 rwxp 00155000 08:01 1312581    /lib/tls/i686/cmov/libc-2.11.1.so
b782c000-b782f000 rwxp 00000000 00:00 0 
b782f000-b7831000 r-xp 00000000 08:01 1312587    /lib/tls/i686/cmov/libdl-2.11.1.so
b7831000-b7832000 r-xp 00001000 08:01 1312587    /lib/tls/i686/cmov/libdl-2.11.1.so
b7832000-b7833000 rwxp 00002000 08:01 1312587    /lib/tls/i686/cmov/libdl-2.11.1.so
b7833000-b783a000 r-xp 00000000 08:07 7064       /usr/lib/jvm/jdk1.6.0_34/jre/lib/i386/jli/libjli.so
b783a000-b783c000 rwxp 00006000 08:07 7064       /usr/lib/jvm/jdk1.6.0_34/jre/lib/i386/jli/libjli.so
b783c000-b783d000 rwxp 00000000 00:00 0 
b783d000-b7852000 r-xp 00000000 08:01 1312607    /lib/tls/i686/cmov/libpthread-2.11.1.so
b7852000-b7853000 r-xp 00014000 08:01 1312607    /lib/tls/i686/cmov/libpthread-2.11.1.so
b7853000-b7854000 rwxp 00015000 08:01 1312607    /lib/tls/i686/cmov/libpthread-2.11.1.so
b7854000-b7856000 rwxp 00000000 00:00 0 
b7856000-b7857000 r-xs 00002000 08:05 787348     /home/rajkirans/.m2/repository/ant/ant-launcher/1.6.5/ant-launcher-1.6.5.jar
b7857000-b785a000 r-xs 0003b000 08:05 4591748    /home/rajkirans/.m2/repository/net/sourceforge/cssparser/cssparser/0.9.5/cssparser-0.9.5.jar
b785a000-b785b000 rwxp 00000000 00:00 0 
b785b000-b785c000 ---p 00000000 00:00 0 
b785c000-b7867000 r-xp 00000000 08:07 7046       /usr/lib/jvm/jdk1.6.0_34/jre/lib/i386/libverify.so
b7867000-b7868000 rwxp 0000b000 08:07 7046       /usr/lib/jvm/jdk1.6.0_34/jre/lib/i386/libverify.so
b7868000-b786a000 rwxp 00000000 00:00 0 
b786a000-b786b000 r-xp 00000000 00:00 0          [vdso]
b786b000-b7886000 r-xp 00000000 08:01 1308185    /lib/ld-2.11.1.so
b7886000-b7887000 r-xp 0001a000 08:01 1308185    /lib/ld-2.11.1.so
b7887000-b7888000 rwxp 0001b000 08:01 1308185    /lib/ld-2.11.1.so
bfd71000-bfd8b000 rwxp 00000000 00:00 0          [stack]

VM Arguments:
jvm_args: -Xmx512M -Xss1024k 
java_command: com.google.gwt.dev.Compiler -logLevel INFO -style OBF -war /home/rajkirans/NetBeansProjects/project-from-19-aug/23 aug dashboard/titali-dashboard/src/main/webapp/VAADIN/widgetsets -localWorkers 2 -XfragmentCount -1 -extra /home/rajkirans/NetBeansProjects/project-from-19-aug/23 aug dashboard/titali-dashboard/target/extra -compileReport -gen /home/rajkirans/NetBeansProjects/project-from-19-aug/23 aug dashboard/titali-dashboard/target/.generated com.vaadin.demo.dashboard.DashboardWidgetSet
Launcher Type: SUN_STANDARD

Environment Variables:
JAVA_HOME=/usr/lib/jvm/jdk1.6.0_34
JRE_HOME=/usr/lib/jvm/jdk1.6.0_34/jre
PATH=/usr/local/sbin:/usr/local/bin:/usr/sbin:/usr/bin:/sbin:/bin:/usr/games
USERNAME=rajkirans
LD_LIBRARY_PATH=/usr/lib/jvm/jdk1.6.0_34/jre/lib/i386/server:/usr/lib/jvm/jdk1.6.0_34/jre/lib/i386:/usr/lib/jvm/jdk1.6.0_34/jre/../lib/i386:/usr/lib/jvm/jdk1.6.0_34/jre/lib/i386/client:/usr/lib/jvm/jdk1.6.0_34/jre/lib/i386:/usr/lib/jvm/jdk1.6.0_34/jre/../lib/i386
SHELL=/bin/bash
DISPLAY=:0.0

Signal Handlers:
SIGSEGV: [libjvm.so+0x726fe0], sa_mask[0]=0x7ffbfeff, sa_flags=0x10000004
SIGBUS: [libjvm.so+0x726fe0], sa_mask[0]=0x7ffbfeff, sa_flags=0x10000004
SIGFPE: [libjvm.so+0x5e13a0], sa_mask[0]=0x7ffbfeff, sa_flags=0x10000004
SIGPIPE: [libjvm.so+0x5e13a0], sa_mask[0]=0x7ffbfeff, sa_flags=0x10000004
SIGXFSZ: [libjvm.so+0x5e13a0], sa_mask[0]=0x7ffbfeff, sa_flags=0x10000004
SIGILL: [libjvm.so+0x5e13a0], sa_mask[0]=0x7ffbfeff, sa_flags=0x10000004
SIGUSR1: SIG_DFL, sa_mask[0]=0x00000000, sa_flags=0x00000000
SIGUSR2: [libjvm.so+0x5e4600], sa_mask[0]=0x00000004, sa_flags=0x10000004
SIGHUP: [libjvm.so+0x5e41e0], sa_mask[0]=0x7ffbfeff, sa_flags=0x10000004
SIGINT: SIG_IGN, sa_mask[0]=0x00000000, sa_flags=0x00000000
SIGTERM: [libjvm.so+0x5e41e0], sa_mask[0]=0x7ffbfeff, sa_flags=0x10000004
SIGQUIT: [libjvm.so+0x5e41e0], sa_mask[0]=0x7ffbfeff, sa_flags=0x10000004


---------------  S Y S T E M  ---------------

OS:squeeze/sid

uname:Linux 2.6.32-21-generic #32-Ubuntu SMP Fri Apr 16 08:10:02 UTC 2010 i686
libc:glibc 2.11.1 NPTL 2.11.1 
rlimit: STACK 8192k, CORE 0k, NPROC infinity, NOFILE 1024, AS infinity
load average:1.86 0.79 0.52

/proc/meminfo:
MemTotal:        3058272 kB
MemFree:          129744 kB
Buffers:          142856 kB
Cached:           975316 kB
SwapCached:         4224 kB
Active:          1840160 kB
Inactive:         953932 kB
Active(anon):    1321880 kB
Inactive(anon):   495948 kB
Active(file):     518280 kB
Inactive(file):   457984 kB
Unevictable:          16 kB
Mlocked:              16 kB
HighTotal:       2197408 kB
HighFree:          36828 kB
LowTotal:         860864 kB
LowFree:           92916 kB
SwapTotal:       3999736 kB
SwapFree:        3990928 kB
Dirty:             29244 kB
Writeback:             0 kB
AnonPages:       1671728 kB
Mapped:           201300 kB
Shmem:            141904 kB
Slab:              91568 kB
SReclaimable:      75172 kB
SUnreclaim:        16396 kB
KernelStack:        3688 kB
PageTables:        11508 kB
NFS_Unstable:          0 kB
Bounce:                0 kB
WritebackTmp:          0 kB
CommitLimit:     5528872 kB
Committed_AS:    3878900 kB
VmallocTotal:     122880 kB
VmallocUsed:       33656 kB
VmallocChunk:      44196 kB
HardwareCorrupted:     0 kB
HugePages_Total:       0
HugePages_Free:        0
HugePages_Rsvd:        0
HugePages_Surp:        0
Hugepagesize:       4096 kB
DirectMap4k:       16376 kB
DirectMap4M:      892928 kB


CPU:total 2 (2 cores per cpu, 1 threads per core) family 6 model 23 stepping 10, cmov, cx8, fxsr, mmx, sse, sse2, sse3, ssse3

/proc/cpuinfo:
processor	: 0
vendor_id	: GenuineIntel
cpu family	: 6
model		: 23
model name	: Pentium(R) Dual-Core  CPU      E5500  @ 2.80GHz
stepping	: 10
cpu MHz		: 2800.000
cache size	: 2048 KB
physical id	: 0
siblings	: 2
core id		: 0
cpu cores	: 2
apicid		: 0
initial apicid	: 0
fdiv_bug	: no
hlt_bug		: no
f00f_bug	: no
coma_bug	: no
fpu		: yes
fpu_exception	: yes
cpuid level	: 13
wp		: yes
flags		: fpu vme de pse tsc msr pae mce cx8 apic mtrr pge mca cmov pat pse36 clflush dts acpi mmx fxsr sse sse2 ss ht tm pbe nx lm constant_tsc arch_perfmon pebs bts aperfmperf pni dtes64 monitor ds_cpl vmx est tm2 ssse3 cx16 xtpr pdcm xsave lahf_lm tpr_shadow vnmi flexpriority
bogomips	: 5586.18
clflush size	: 64
cache_alignment	: 64
address sizes	: 36 bits physical, 48 bits virtual
power management:

processor	: 1
vendor_id	: GenuineIntel
cpu family	: 6
model		: 23
model name	: Pentium(R) Dual-Core  CPU      E5500  @ 2.80GHz
stepping	: 10
cpu MHz		: 1200.000
cache size	: 2048 KB
physical id	: 0
siblings	: 2
core id		: 1
cpu cores	: 2
apicid		: 1
initial apicid	: 1
fdiv_bug	: no
hlt_bug		: no
f00f_bug	: no
coma_bug	: no
fpu		: yes
fpu_exception	: yes
cpuid level	: 13
wp		: yes
flags		: fpu vme de pse tsc msr pae mce cx8 apic mtrr pge mca cmov pat pse36 clflush dts acpi mmx fxsr sse sse2 ss ht tm pbe nx lm constant_tsc arch_perfmon pebs bts aperfmperf pni dtes64 monitor ds_cpl vmx est tm2 ssse3 cx16 xtpr pdcm xsave lahf_lm tpr_shadow vnmi flexpriority
bogomips	: 5585.92
clflush size	: 64
cache_alignment	: 64
address sizes	: 36 bits physical, 48 bits virtual
power management:



Memory: 4k page, physical 3058272k(129744k free), swap 3999736k(3990928k free)

vm_info: Java HotSpot(TM) Server VM (20.9-b04) for linux-x86 JRE (1.6.0_34-b04), built on Jul 19 2012 01:05:12 by "java_re" with gcc 3.2.1-7a (J2SE release)

time: Mon Aug 26 18:41:34 2013
elapsed time: 28 seconds

